0    othello:0.0                             
1    othello:0.1                             
2    othello:0.2                             
3    othello:1.0                             
4    othello:1.1                             
5    othello:1.2                             
6    othello:2.0                             
7    othello:2.1                             
8    othello:2.2                             
9    othello:2.3                             
10   othello:3.0                             
11   othello:3.1                             
12   othello:3.2                             
13   othello:4.0                             
14   othello:4.1                             
15   henry_iv_part_ii:0.0                    
16   henry_iv_part_ii:0.1                    
17   henry_iv_part_ii:0.2                    
18   henry_iv_part_ii:1.0                    
19   henry_iv_part_ii:1.1                    
20   henry_iv_part_ii:1.2                    
21   henry_iv_part_ii:1.3                    
22   henry_iv_part_ii:2.0                    
23   henry_iv_part_ii:2.1                    
24   henry_iv_part_ii:3.0                    
25   henry_iv_part_ii:3.1                    
26   henry_iv_part_ii:3.2                    
27   henry_iv_part_ii:3.3                    
28   henry_iv_part_ii:3.4                    
29   henry_iv_part_ii:4.0                    
30   henry_iv_part_ii:4.1                    
31   henry_iv_part_ii:4.2                    
32   henry_iv_part_ii:4.3                    
33   henry_iv_part_ii:4.4                    
34   richard_ii:0.0                          
35   richard_ii:0.1                          
36   richard_ii:0.2                          
37   richard_ii:0.3                          
38   richard_ii:1.0                          
39   richard_ii:1.1                          
40   richard_ii:1.2                          
41   richard_ii:1.3                          
42   richard_ii:2.0                          
43   richard_ii:2.1                          
44   richard_ii:2.2                          
45   richard_ii:2.3                          
46   richard_ii:3.0                          
47   richard_ii:4.0                          
48   richard_ii:4.1                          
49   richard_ii:4.2                          
50   richard_ii:4.3                          
51   richard_ii:4.4                          
52   richard_ii:4.5                          
53   henry_vi_part_2:0.0                     
54   henry_vi_part_2:0.1                     
55   henry_vi_part_2:0.2                     
56   henry_vi_part_2:0.3                     
57   henry_vi_part_2:1.0                     
58   henry_vi_part_2:1.1                     
59   henry_vi_part_2:1.2                     
60   henry_vi_part_2:1.3                     
61   henry_vi_part_2:2.0                     
62   henry_vi_part_2:2.1                     
63   henry_vi_part_2:2.2                     
64   henry_vi_part_2:3.0                     
65   henry_vi_part_2:3.1                     
66   henry_vi_part_2:3.2                     
67   henry_vi_part_2:3.3                     
68   henry_vi_part_2:3.4                     
69   henry_vi_part_2:3.5                     
70   henry_vi_part_2:3.6                     
71   henry_vi_part_2:3.7                     
72   henry_vi_part_2:3.8                     
73   henry_vi_part_2:3.9                     
74   henry_vi_part_2:4.0                     
75   henry_vi_part_2:4.1                     
76   henry_vi_part_2:4.2                     
77   merry_wives_of_windsor:0.0              
78   merry_wives_of_windsor:0.1              
79   merry_wives_of_windsor:0.2              
80   merry_wives_of_windsor:0.3              
81   merry_wives_of_windsor:1.0              
82   merry_wives_of_windsor:1.1              
83   merry_wives_of_windsor:1.2              
84   merry_wives_of_windsor:2.0              
85   merry_wives_of_windsor:2.1              
86   merry_wives_of_windsor:2.2              
87   merry_wives_of_windsor:2.3              
88   merry_wives_of_windsor:2.4              
89   merry_wives_of_windsor:3.0              
90   merry_wives_of_windsor:3.1              
91   merry_wives_of_windsor:3.2              
92   merry_wives_of_windsor:3.3              
93   merry_wives_of_windsor:3.4              
94   merry_wives_of_windsor:3.5              
95   merry_wives_of_windsor:4.0              
96   merry_wives_of_windsor:4.1              
97   merry_wives_of_windsor:4.2              
98   merry_wives_of_windsor:4.3              
99   merry_wives_of_windsor:4.4              
100  richard_iii:0.0                         
101  richard_iii:0.1                         
102  richard_iii:0.2                         
103  richard_iii:0.3                         
104  richard_iii:1.0                         
105  richard_iii:1.1                         
106  richard_iii:1.2                         
107  richard_iii:1.3                         
108  richard_iii:2.0                         
109  richard_iii:2.1                         
110  richard_iii:2.2                         
111  richard_iii:2.3                         
112  richard_iii:2.4                         
113  richard_iii:2.5                         
114  richard_iii:2.6                         
115  richard_iii:3.0                         
116  richard_iii:3.1                         
117  richard_iii:3.2                         
118  richard_iii:3.3                         
119  richard_iii:3.4                         
120  richard_iii:4.0                         
121  richard_iii:4.1                         
122  richard_iii:4.2                         
123  richard_iii:4.3                         
124  richard_iii:4.4                         
125  hamlet:0.0                              
126  hamlet:0.1                              
127  hamlet:0.2                              
128  hamlet:0.3                              
129  hamlet:0.4                              
130  hamlet:1.0                              
131  hamlet:1.1                              
132  hamlet:2.0                              
133  hamlet:2.1                              
134  hamlet:2.2                              
135  hamlet:2.3                              
136  hamlet:3.0                              
137  hamlet:3.1                              
138  hamlet:3.2                              
139  hamlet:3.3                              
140  hamlet:3.4                              
141  hamlet:3.5                              
142  hamlet:3.6                              
143  hamlet:4.0                              
144  hamlet:4.1                              
145  henry_iv_part_i:0.0                     
146  henry_iv_part_i:0.1                     
147  henry_iv_part_i:0.2                     
148  henry_iv_part_i:1.0                     
149  henry_iv_part_i:1.1                     
150  henry_iv_part_i:1.2                     
151  henry_iv_part_i:1.3                     
152  henry_iv_part_i:2.0                     
153  henry_iv_part_i:2.1                     
154  henry_iv_part_i:2.2                     
155  henry_iv_part_i:3.0                     
156  henry_iv_part_i:3.1                     
157  henry_iv_part_i:3.2                     
158  henry_iv_part_i:3.3                     
159  henry_iv_part_i:4.0                     
160  henry_iv_part_i:4.1                     
161  henry_iv_part_i:4.2                     
162  henry_iv_part_i:4.3                     
163  henry_iv_part_i:4.4                     
164  henry_vi_part_1:0.0                     
165  henry_vi_part_1:0.1                     
166  henry_vi_part_1:0.2                     
167  henry_vi_part_1:0.3                     
168  henry_vi_part_1:0.4                     
169  henry_vi_part_1:0.5                     
170  henry_vi_part_1:1.0                     
171  henry_vi_part_1:1.1                     
172  henry_vi_part_1:1.2                     
173  henry_vi_part_1:1.3                     
174  henry_vi_part_1:1.4                     
175  henry_vi_part_1:2.0                     
176  henry_vi_part_1:2.1                     
177  henry_vi_part_1:2.2                     
178  henry_vi_part_1:2.3                     
179  henry_vi_part_1:3.0                     
180  henry_vi_part_1:3.1                     
181  henry_vi_part_1:3.2                     
182  henry_vi_part_1:3.3                     
183  henry_vi_part_1:3.4                     
184  henry_vi_part_1:3.5                     
185  henry_vi_part_1:3.6                     
186  henry_vi_part_1:4.0                     
187  henry_vi_part_1:4.1                     
188  henry_vi_part_1:4.2                     
189  henry_vi_part_1:4.3                     
190  henry_vi_part_1:4.4                     
191  taming_of_the_shrew:0.0                 
192  taming_of_the_shrew:0.1                 
193  taming_of_the_shrew:1.0                 
194  taming_of_the_shrew:2.0                 
195  taming_of_the_shrew:2.1                 
196  taming_of_the_shrew:3.0                 
197  taming_of_the_shrew:3.1                 
198  taming_of_the_shrew:3.2                 
199  taming_of_the_shrew:3.3                 
199  taming_of_the_shrew:4.0                 
200  taming_of_the_shrew:3.4                 
201  taming_of_the_shrew:4.1                 
202  alls_well_that_ends_well:0.0            
203  alls_well_that_ends_well:0.1            
204  alls_well_that_ends_well:0.2            
205  alls_well_that_ends_well:1.0            
206  alls_well_that_ends_well:1.1            
207  alls_well_that_ends_well:1.2            
208  alls_well_that_ends_well:1.3            
209  alls_well_that_ends_well:1.4            
210  alls_well_that_ends_well:2.0            
211  alls_well_that_ends_well:2.1            
212  alls_well_that_ends_well:2.2            
213  alls_well_that_ends_well:2.3            
214  alls_well_that_ends_well:2.4            
215  alls_well_that_ends_well:2.5            
216  alls_well_that_ends_well:2.6            
217  alls_well_that_ends_well:3.0            
218  alls_well_that_ends_well:3.1            
219  alls_well_that_ends_well:3.2            
220  alls_well_that_ends_well:3.3            
221  alls_well_that_ends_well:3.4            
222  alls_well_that_ends_well:4.0            
223  alls_well_that_ends_well:4.1            
224  alls_well_that_ends_well:4.2            
225  loves_labors_lost:0.0                   
226  loves_labors_lost:0.1                   
227  loves_labors_lost:1.0                   
228  loves_labors_lost:2.0                   
229  loves_labors_lost:3.0                   
230  loves_labors_lost:3.1                   
231  loves_labors_lost:3.2                   
232  loves_labors_lost:4.0                   
233  loves_labors_lost:4.1                   
234  henry_vi_part_3:0.0                     
235  henry_vi_part_3:0.1                     
236  henry_vi_part_3:0.2                     
237  henry_vi_part_3:0.3                     
238  henry_vi_part_3:1.0                     
239  henry_vi_part_3:1.1                     
240  henry_vi_part_3:1.2                     
241  henry_vi_part_3:1.3                     
242  henry_vi_part_3:1.4                     
243  henry_vi_part_3:1.5                     
244  henry_vi_part_3:2.0                     
245  henry_vi_part_3:2.1                     
246  henry_vi_part_3:2.2                     
247  henry_vi_part_3:3.0                     
248  henry_vi_part_3:3.1                     
249  henry_vi_part_3:3.2                     
250  henry_vi_part_3:3.3                     
251  henry_vi_part_3:3.4                     
252  henry_vi_part_3:3.5                     
253  henry_vi_part_3:3.6                     
254  henry_vi_part_3:3.7                     
255  henry_vi_part_3:4.0                     
256  henry_vi_part_3:4.1                     
257  henry_vi_part_3:4.2                     
258  henry_vi_part_3:4.3                     
259  henry_vi_part_3:4.4                     
260  henry_vi_part_3:4.5                     
261  henry_vi_part_3:4.6                     
262  romeo_and_juliet:0.0                    
263  romeo_and_juliet:0.1                    
264  romeo_and_juliet:0.2                    
265  romeo_and_juliet:0.3                    
266  romeo_and_juliet:0.4                    
267  romeo_and_juliet:1.0                    
268  romeo_and_juliet:1.1                    
269  romeo_and_juliet:1.2                    
270  romeo_and_juliet:1.3                    
271  romeo_and_juliet:1.4                    
272  romeo_and_juliet:1.5                    
273  romeo_and_juliet:2.0                    
274  romeo_and_juliet:2.1                    
275  romeo_and_juliet:2.2                    
276  romeo_and_juliet:2.3                    
277  romeo_and_juliet:2.4                    
278  romeo_and_juliet:3.0                    
279  romeo_and_juliet:3.1                    
280  romeo_and_juliet:3.2                    
281  romeo_and_juliet:3.3                    
282  romeo_and_juliet:3.4                    
283  romeo_and_juliet:4.0                    
284  romeo_and_juliet:4.1                    
285  romeo_and_juliet:4.2                    
286  titus_andronicus:0.0                    
287  titus_andronicus:1.0                    
288  titus_andronicus:1.1                    
289  titus_andronicus:1.2                    
290  titus_andronicus:1.3                    
291  titus_andronicus:2.0                    
292  titus_andronicus:2.1                    
293  titus_andronicus:3.0                    
294  titus_andronicus:3.1                    
295  titus_andronicus:3.2                    
296  titus_andronicus:3.3                    
297  titus_andronicus:4.0                    
298  titus_andronicus:4.1                    
299  titus_andronicus:4.2                    
300  macbeth:0.0                             
301  macbeth:0.1                             
302  macbeth:0.2                             
303  macbeth:0.3                             
304  macbeth:0.4                             
305  macbeth:0.5                             
306  macbeth:0.6                             
307  macbeth:1.0                             
308  macbeth:1.1                             
309  macbeth:1.2                             
310  macbeth:1.3                             
311  macbeth:2.0                             
312  macbeth:2.1                             
313  macbeth:2.2                             
314  macbeth:2.3                             
315  macbeth:2.4                             
316  macbeth:2.5                             
317  macbeth:3.0                             
318  macbeth:3.1                             
319  macbeth:3.2                             
320  macbeth:4.0                             
321  macbeth:4.1                             
321  macbeth:4.3                             
322  macbeth:4.2                             
323  macbeth:4.4                             
324  macbeth:4.5                             
325  macbeth:4.6                             
326  macbeth:4.7                             
327  coriolanus:0.0                          
328  coriolanus:0.1                          
329  coriolanus:0.2                          
330  coriolanus:0.3                          
331  coriolanus:0.4                          
332  coriolanus:0.5                          
333  coriolanus:0.6                          
334  coriolanus:0.7                          
335  coriolanus:0.8                          
336  coriolanus:0.9                          
337  coriolanus:1.0                          
338  coriolanus:1.1                          
339  coriolanus:1.2                          
340  coriolanus:2.0                          
341  coriolanus:2.1                          
342  coriolanus:2.2                          
343  coriolanus:3.0                          
344  coriolanus:3.1                          
345  coriolanus:3.2                          
346  coriolanus:3.3                          
347  coriolanus:3.4                          
348  coriolanus:3.5                          
349  coriolanus:3.6                          
350  coriolanus:4.0                          
351  coriolanus:4.1                          
352  coriolanus:4.2                          
353  coriolanus:4.3                          
354  coriolanus:4.4                          
355  coriolanus:4.5                          
356  julius_caesar:0.0                       
357  julius_caesar:0.1                       
358  julius_caesar:0.2                       
359  julius_caesar:1.0                       
360  julius_caesar:1.1                       
361  julius_caesar:1.2                       
362  julius_caesar:1.3                       
363  julius_caesar:2.0                       
364  julius_caesar:2.1                       
365  julius_caesar:2.2                       
366  julius_caesar:3.0                       
367  julius_caesar:3.1                       
368  julius_caesar:3.2                       
369  julius_caesar:4.0                       
370  julius_caesar:4.1                       
371  julius_caesar:4.2                       
372  julius_caesar:4.3                       
373  julius_caesar:4.4                       
374  comedy_of_errors:0.0                    
375  comedy_of_errors:0.1                    
376  comedy_of_errors:1.0                    
377  comedy_of_errors:1.1                    
378  comedy_of_errors:2.0                    
379  comedy_of_errors:2.1                    
380  comedy_of_errors:3.0                    
380  comedy_of_errors:3.3                    
381  comedy_of_errors:3.1                    
382  comedy_of_errors:3.2                    
383  comedy_of_errors:4.0                    
384  much_ado_about_nothing:0.0              
385  much_ado_about_nothing:0.1              
386  much_ado_about_nothing:0.2              
387  much_ado_about_nothing:1.0              
388  much_ado_about_nothing:1.1              
389  much_ado_about_nothing:1.2              
390  much_ado_about_nothing:2.0              
391  much_ado_about_nothing:2.1              
392  much_ado_about_nothing:2.2              
392  much_ado_about_nothing:3.1              
393  much_ado_about_nothing:2.3              
394  much_ado_about_nothing:2.4              
395  much_ado_about_nothing:3.0              
396  much_ado_about_nothing:4.0              
397  much_ado_about_nothing:4.1              
398  much_ado_about_nothing:4.2              
399  much_ado_about_nothing:4.3              
400  twelfth_night:0.0                       
401  twelfth_night:0.1                       
402  twelfth_night:0.2                       
403  twelfth_night:0.3                       
404  twelfth_night:0.4                       
405  twelfth_night:1.0                       
406  twelfth_night:1.1                       
407  twelfth_night:1.2                       
408  twelfth_night:1.3                       
409  twelfth_night:1.4                       
410  twelfth_night:2.0                       
411  twelfth_night:2.1                       
412  twelfth_night:2.2                       
413  twelfth_night:2.3                       
414  twelfth_night:3.0                       
415  twelfth_night:3.1                       
416  twelfth_night:3.2                       
417  twelfth_night:4.0                       
418  lear:0.0                                
419  lear:0.1                                
420  lear:0.2                                
421  lear:0.3                                
422  lear:0.4                                
423  lear:1.0                                
424  lear:1.1                                
425  lear:1.2                                
426  lear:1.3                                
427  lear:2.0                                
428  lear:2.1                                
429  lear:2.2                                
430  lear:2.3                                
431  lear:2.4                                
432  lear:2.5                                
433  lear:2.6                                
434  lear:3.0                                
435  lear:3.1                                
436  lear:3.2                                
437  lear:3.3                                
438  lear:3.4                                
439  lear:3.5                                
440  lear:3.6                                
441  lear:4.0                                
442  lear:4.1                                
443  lear:4.2                                
444  cymbeline:0.0                           
445  cymbeline:0.1                           
446  cymbeline:0.2                           
447  cymbeline:0.3                           
448  cymbeline:0.4                           
449  cymbeline:0.5                           
450  cymbeline:1.0                           
451  cymbeline:1.1                           
452  cymbeline:1.2                           
453  cymbeline:1.3                           
454  cymbeline:1.4                           
455  cymbeline:2.0                           
456  cymbeline:2.1                           
457  cymbeline:2.2                           
458  cymbeline:2.3                           
459  cymbeline:2.4                           
460  cymbeline:2.5                           
461  cymbeline:2.6                           
462  cymbeline:3.0                           
463  cymbeline:3.1                           
464  cymbeline:3.2                           
465  cymbeline:3.3                           
466  cymbeline:4.0                           
467  cymbeline:4.1                           
468  cymbeline:4.2                           
469  cymbeline:4.3                           
470  cymbeline:4.4                           
471  measure_for_measure:0.0                 
472  measure_for_measure:0.1                 
473  measure_for_measure:0.2                 
474  measure_for_measure:0.3                 
475  measure_for_measure:1.0                 
476  measure_for_measure:1.1                 
477  measure_for_measure:1.2                 
478  measure_for_measure:1.3                 
479  measure_for_measure:2.0                 
480  measure_for_measure:2.1                 
481  measure_for_measure:3.0                 
482  measure_for_measure:3.1                 
483  measure_for_measure:3.2                 
484  measure_for_measure:3.3                 
485  measure_for_measure:3.4                 
486  measure_for_measure:3.5                 
487  measure_for_measure:4.0                 
488  pericles:0.0                            
489  pericles:0.1                            
490  pericles:0.2                            
491  pericles:0.3                            
492  pericles:1.0                            
493  pericles:1.1                            
494  pericles:1.2                            
495  pericles:1.3                            
496  pericles:1.4                            
497  pericles:2.0                            
498  pericles:2.1                            
499  pericles:2.2                            
500  pericles:2.3                            
501  pericles:3.0                            
502  pericles:3.1                            
503  pericles:3.2                            
504  pericles:3.3                            
505  pericles:3.4                            
506  pericles:3.5                            
507  pericles:4.0                            
508  pericles:4.1                            
509  pericles:4.2                            
510  winters_tale:0.0                        
511  winters_tale:0.1                        
512  winters_tale:1.0                        
513  winters_tale:1.1                        
514  winters_tale:1.2                        
515  winters_tale:2.0                        
516  winters_tale:2.1                        
517  winters_tale:2.2                        
518  winters_tale:3.0                        
519  winters_tale:3.1                        
520  winters_tale:3.2                        
521  winters_tale:3.3                        
522  winters_tale:4.0                        
523  winters_tale:4.1                        
524  winters_tale:4.2                        
525  antony_and_cleopatra:0.0                
526  antony_and_cleopatra:0.1                
527  antony_and_cleopatra:0.2                
528  antony_and_cleopatra:0.3                
529  antony_and_cleopatra:0.4                
530  antony_and_cleopatra:1.0                
531  antony_and_cleopatra:1.1                
532  antony_and_cleopatra:1.2                
533  antony_and_cleopatra:1.3                
534  antony_and_cleopatra:1.4                
535  antony_and_cleopatra:1.5                
536  antony_and_cleopatra:1.6                
537  antony_and_cleopatra:2.0                
538  antony_and_cleopatra:2.1                
539  antony_and_cleopatra:2.2                
540  antony_and_cleopatra:2.3                
541  antony_and_cleopatra:2.4                
542  antony_and_cleopatra:2.5                
543  antony_and_cleopatra:2.6                
544  antony_and_cleopatra:2.7                
545  antony_and_cleopatra:2.8                
546  antony_and_cleopatra:2.9                
547  antony_and_cleopatra:2.10               
548  antony_and_cleopatra:2.11               
549  antony_and_cleopatra:2.12               
550  antony_and_cleopatra:3.0                
551  antony_and_cleopatra:3.1                
552  antony_and_cleopatra:3.2                
553  antony_and_cleopatra:3.3                
554  antony_and_cleopatra:3.4                
555  antony_and_cleopatra:3.5                
556  antony_and_cleopatra:3.6                
557  antony_and_cleopatra:3.7                
558  antony_and_cleopatra:3.8                
559  antony_and_cleopatra:3.9                
560  antony_and_cleopatra:3.10               
561  antony_and_cleopatra:3.11               
562  antony_and_cleopatra:3.12               
563  antony_and_cleopatra:3.13               
564  antony_and_cleopatra:3.14               
565  antony_and_cleopatra:4.0                
566  antony_and_cleopatra:4.1                
567  tempest:0.0                             
568  tempest:0.1                             
569  tempest:1.0                             
570  tempest:1.1                             
571  tempest:2.0                             
572  tempest:2.1                             
573  tempest:2.2                             
574  tempest:3.0                             
575  tempest:4.0                             
576  two_gentlemen_of_verona:0.0             
577  two_gentlemen_of_verona:0.1             
578  two_gentlemen_of_verona:0.2             
579  two_gentlemen_of_verona:1.0             
580  two_gentlemen_of_verona:1.1             
581  two_gentlemen_of_verona:1.2             
582  two_gentlemen_of_verona:1.3             
583  two_gentlemen_of_verona:1.4             
584  two_gentlemen_of_verona:1.5             
585  two_gentlemen_of_verona:1.6             
586  two_gentlemen_of_verona:2.0             
587  two_gentlemen_of_verona:2.1             
588  two_gentlemen_of_verona:3.0             
589  two_gentlemen_of_verona:3.1             
590  two_gentlemen_of_verona:3.2             
590  two_gentlemen_of_verona:4.0             
591  two_gentlemen_of_verona:3.3             
592  two_gentlemen_of_verona:4.1             
593  two_gentlemen_of_verona:4.2             
594  two_gentlemen_of_verona:4.3             
595  merchant_of_venice:0.0                  
596  merchant_of_venice:0.1                  
597  merchant_of_venice:0.2                  
598  merchant_of_venice:1.0                  
599  merchant_of_venice:1.1                  
600  merchant_of_venice:1.2                  
601  merchant_of_venice:1.3                  
602  merchant_of_venice:1.4                  
603  merchant_of_venice:1.5                  
604  merchant_of_venice:1.6                  
605  merchant_of_venice:1.7                  
606  merchant_of_venice:1.8                  
607  merchant_of_venice:2.0                  
608  merchant_of_venice:2.1                  
609  merchant_of_venice:2.2                  
610  merchant_of_venice:2.3                  
611  merchant_of_venice:2.4                  
612  merchant_of_venice:3.0                  
613  merchant_of_venice:3.1                  
614  merchant_of_venice:4.0                  
615  henry_viii:0.0                          
616  henry_viii:0.1                          
617  henry_viii:0.2                          
618  henry_viii:0.3                          
619  henry_viii:1.0                          
620  henry_viii:1.1                          
621  henry_viii:1.2                          
622  henry_viii:1.3                          
623  henry_viii:2.0                          
624  henry_viii:2.1                          
625  henry_viii:3.0                          
626  henry_viii:3.1                          
627  henry_viii:4.0                          
628  henry_viii:4.1                          
629  henry_viii:4.2                          
630  henry_viii:4.3                          
631  henry_viii:4.4                          
632  midsummer_nights_dream:0.0              
633  midsummer_nights_dream:0.1              
633  midsummer_nights_dream:3.1              
634  midsummer_nights_dream:1.0              
635  midsummer_nights_dream:1.1              
636  midsummer_nights_dream:2.0              
637  midsummer_nights_dream:2.1              
638  midsummer_nights_dream:3.0              
639  midsummer_nights_dream:4.0              
640  as_you_like_it:0.0                      
641  as_you_like_it:0.1                      
642  as_you_like_it:0.2                      
643  as_you_like_it:1.0                      
644  as_you_like_it:1.1                      
645  as_you_like_it:1.2                      
646  as_you_like_it:1.3                      
647  as_you_like_it:1.4                      
648  as_you_like_it:1.5                      
649  as_you_like_it:1.6                      
650  as_you_like_it:2.0                      
651  as_you_like_it:2.1                      
652  as_you_like_it:2.2                      
653  as_you_like_it:2.3                      
654  as_you_like_it:2.4                      
655  as_you_like_it:3.0                      
656  as_you_like_it:3.1                      
657  as_you_like_it:3.2                      
658  as_you_like_it:4.0                      
659  as_you_like_it:4.1                      
660  as_you_like_it:4.2                      
661  as_you_like_it:4.3                      
662  troilus_and_cressida:0.0                
663  troilus_and_cressida:0.1                
664  troilus_and_cressida:0.2                
665  troilus_and_cressida:1.0                
666  troilus_and_cressida:1.1                
667  troilus_and_cressida:1.2                
668  troilus_and_cressida:2.0                
669  troilus_and_cressida:2.1                
670  troilus_and_cressida:2.2                
671  troilus_and_cressida:3.0                
672  troilus_and_cressida:3.1                
673  troilus_and_cressida:3.2                
674  troilus_and_cressida:3.3                
675  troilus_and_cressida:3.4                
676  troilus_and_cressida:4.0                
677  troilus_and_cressida:4.1                
678  troilus_and_cressida:4.2                
679  troilus_and_cressida:4.3                
680  troilus_and_cressida:4.4                
681  troilus_and_cressida:4.5                
682  troilus_and_cressida:4.6                
683  troilus_and_cressida:4.7                
684  troilus_and_cressida:4.8                
685  troilus_and_cressida:4.9                
686  henry_v:0.0                             
687  henry_v:0.1                             
688  henry_v:1.0                             
689  henry_v:1.1                             
690  henry_v:1.2                             
691  henry_v:1.3                             
692  henry_v:2.0                             
693  henry_v:2.1                             
694  henry_v:2.2                             
695  henry_v:2.3                             
696  henry_v:2.4                             
697  henry_v:2.5                             
698  henry_v:2.6                             
699  henry_v:3.0                             
700  henry_v:3.1                             
701  henry_v:3.2                             
702  henry_v:3.3                             
703  henry_v:3.4                             
704  henry_v:3.5                             
705  henry_v:3.6                             
706  henry_v:3.7                             
707  henry_v:4.0                             
708  henry_v:4.1                             
709  life_and_death_of_king_john:0.0         
710  life_and_death_of_king_john:1.0         
711  life_and_death_of_king_john:2.0         
712  life_and_death_of_king_john:2.1         
713  life_and_death_of_king_john:2.2         
714  life_and_death_of_king_john:2.3         
715  life_and_death_of_king_john:3.0         
716  life_and_death_of_king_john:3.1         
717  life_and_death_of_king_john:3.2         
718  life_and_death_of_king_john:4.0         
719  life_and_death_of_king_john:4.1         
720  life_and_death_of_king_john:4.2         
721  life_and_death_of_king_john:4.3         
722  life_and_death_of_king_john:4.4         
723  life_and_death_of_king_john:4.5         
724  life_and_death_of_king_john:4.6         
725  timon_of_athens:0.0                     
726  timon_of_athens:0.1                     
727  timon_of_athens:1.0                     
728  timon_of_athens:1.1                     
729  timon_of_athens:2.0                     
730  timon_of_athens:2.1                     
731  timon_of_athens:2.2                     
732  timon_of_athens:2.3                     
733  timon_of_athens:2.4                     
734  timon_of_athens:2.5                     
735  timon_of_athens:3.0                     
736  timon_of_athens:3.1                     
737  timon_of_athens:3.2                     
738  timon_of_athens:4.0                     
739  timon_of_athens:4.1                     
740  timon_of_athens:4.2                     
741  timon_of_athens:4.3                     
