0    othello:0.0                             
0    othello:0.1                             
0    othello:0.2                             
1    othello:1.0                             
1    othello:1.2                             
1    othello:2.2                             
1    othello:3.1                             
2    othello:1.1                             
3    othello:2.0                             
3    othello:2.3                             
3    othello:3.0                             
3    othello:4.0                             
3    othello:4.1                             
4    othello:2.1                             
5    othello:3.2                             
6    henry_iv_part_ii:0.0                    
7    henry_iv_part_ii:0.1                    
8    henry_iv_part_ii:0.2                    
9    henry_iv_part_ii:1.0                    
10   henry_iv_part_ii:1.1                    
10   henry_iv_part_ii:1.3                    
11   henry_iv_part_ii:1.2                    
12   henry_iv_part_ii:2.0                    
13   henry_iv_part_ii:2.1                    
14   henry_iv_part_ii:3.0                    
14   henry_iv_part_ii:3.1                    
15   henry_iv_part_ii:3.2                    
16   henry_iv_part_ii:3.3                    
17   henry_iv_part_ii:3.4                    
18   henry_iv_part_ii:4.0                    
18   henry_iv_part_ii:4.2                    
19   henry_iv_part_ii:4.1                    
20   henry_iv_part_ii:4.3                    
21   henry_iv_part_ii:4.4                    
22   richard_ii:0.0                          
22   richard_ii:0.2                          
23   richard_ii:0.1                          
24   richard_ii:0.3                          
25   richard_ii:1.0                          
25   richard_ii:1.2                          
26   richard_ii:1.1                          
27   richard_ii:1.3                          
28   richard_ii:2.0                          
29   richard_ii:2.1                          
29   richard_ii:2.2                          
29   richard_ii:3.0                          
30   richard_ii:2.3                          
31   richard_ii:4.0                          
32   richard_ii:4.1                          
32   richard_ii:4.2                          
33   richard_ii:4.3                          
34   richard_ii:4.4                          
35   richard_ii:4.5                          
36   henry_vi_part_2:0.0                     
36   henry_vi_part_2:0.2                     
37   henry_vi_part_2:0.1                     
38   henry_vi_part_2:0.3                     
39   henry_vi_part_2:1.0                     
40   henry_vi_part_2:1.1                     
40   henry_vi_part_1:1.4                     
41   henry_vi_part_2:1.2                     
42   henry_vi_part_2:1.3                     
43   henry_vi_part_2:2.0                     
44   henry_vi_part_2:2.1                     
45   henry_vi_part_2:2.2                     
46   henry_vi_part_2:3.0                     
47   henry_vi_part_2:3.1                     
47   henry_vi_part_2:3.2                     
48   henry_vi_part_2:3.3                     
49   henry_vi_part_2:3.4                     
49   henry_vi_part_2:3.5                     
50   henry_vi_part_2:3.6                     
51   henry_vi_part_2:3.7                     
52   henry_vi_part_2:3.8                     
52   henry_vi_part_2:4.0                     
53   henry_vi_part_2:3.9                     
54   henry_vi_part_2:4.1                     
55   henry_vi_part_2:4.2                     
56   merry_wives_of_windsor:0.0              
57   merry_wives_of_windsor:0.1              
57   merry_wives_of_windsor:3.0              
58   merry_wives_of_windsor:0.2              
58   merry_wives_of_windsor:1.0              
59   merry_wives_of_windsor:0.3              
59   merry_wives_of_windsor:1.2              
59   merry_wives_of_windsor:2.0              
59   merry_wives_of_windsor:2.1              
60   merry_wives_of_windsor:1.1              
61   merry_wives_of_windsor:2.2              
61   merry_wives_of_windsor:2.4              
61   merry_wives_of_windsor:3.1              
62   merry_wives_of_windsor:2.3              
62   merry_wives_of_windsor:3.5              
63   merry_wives_of_windsor:3.2              
64   merry_wives_of_windsor:3.3              
64   merry_wives_of_windsor:4.2              
64   merry_wives_of_windsor:4.4              
65   merry_wives_of_windsor:3.4              
66   merry_wives_of_windsor:4.0              
67   merry_wives_of_windsor:4.1              
68   merry_wives_of_windsor:4.3              
69   richard_iii:0.0                         
70   richard_iii:0.1                         
71   richard_iii:0.2                         
71   richard_iii:1.0                         
71   richard_iii:1.1                         
72   richard_iii:0.3                         
73   richard_iii:1.2                         
74   richard_iii:1.3                         
75   richard_iii:2.0                         
76   richard_iii:2.1                         
76   richard_iii:2.3                         
77   richard_iii:2.2                         
78   richard_iii:2.4                         
78   richard_iii:2.6                         
79   richard_iii:2.5                         
80   richard_iii:3.0                         
80   richard_iii:3.3                         
81   richard_iii:3.1                         
81   richard_iii:3.2                         
82   richard_iii:3.4                         
83   richard_iii:4.0                         
84   richard_iii:4.1                         
85   richard_iii:4.2                         
86   richard_iii:4.3                         
87   richard_iii:4.4                         
88   hamlet:0.0                              
88   hamlet:0.1                              
89   hamlet:0.2                              
90   hamlet:0.3                              
90   hamlet:0.4                              
91   hamlet:1.0                              
92   hamlet:1.1                              
92   hamlet:2.0                              
92   hamlet:2.1                              
93   hamlet:2.2                              
94   hamlet:2.3                              
95   hamlet:3.0                              
95   hamlet:3.1                              
95   hamlet:3.2                              
96   hamlet:3.3                              
97   hamlet:3.4                              
98   hamlet:3.5                              
99   hamlet:3.6                              
100  hamlet:4.0                              
101  hamlet:4.1                              
102  henry_iv_part_i:0.0                     
103  henry_iv_part_i:0.1                     
103  henry_iv_part_i:1.1                     
103  henry_iv_part_i:1.3                     
104  henry_iv_part_i:0.2                     
105  henry_iv_part_i:1.0                     
106  henry_iv_part_i:1.2                     
107  henry_iv_part_i:2.0                     
108  henry_iv_part_i:2.1                     
109  henry_iv_part_i:2.2                     
110  henry_iv_part_i:3.0                     
110  henry_iv_part_i:3.2                     
110  henry_iv_part_i:4.1                     
110  henry_iv_part_i:4.4                     
111  henry_iv_part_i:3.1                     
112  henry_iv_part_i:3.3                     
113  henry_iv_part_i:4.0                     
114  henry_iv_part_i:4.2                     
114  henry_iv_part_i:4.3                     
115  henry_vi_part_1:0.0                     
116  henry_vi_part_1:0.1                     
116  henry_vi_part_1:0.5                     
117  henry_vi_part_1:0.2                     
118  henry_vi_part_1:0.3                     
119  henry_vi_part_1:0.4                     
120  henry_vi_part_1:1.0                     
120  henry_vi_part_1:2.1                     
120  henry_vi_part_1:2.2                     
120  henry_vi_part_1:3.6                     
120  henry_vi_part_1:4.1                     
121  henry_vi_part_1:1.1                     
122  henry_vi_part_1:1.2                     
123  henry_vi_part_1:1.3                     
124  henry_vi_part_1:2.0                     
125  henry_vi_part_1:2.3                     
125  henry_vi_part_1:3.0                     
126  henry_vi_part_1:3.1                     
127  henry_vi_part_1:3.2                     
127  henry_vi_part_1:3.3                     
128  henry_vi_part_1:3.4                     
128  henry_vi_part_1:3.5                     
129  henry_vi_part_1:4.0                     
130  henry_vi_part_1:4.2                     
131  henry_vi_part_1:4.3                     
132  henry_vi_part_1:4.4                     
133  taming_of_the_shrew:0.0                 
133  taming_of_the_shrew:0.1                 
133  taming_of_the_shrew:1.0                 
133  taming_of_the_shrew:2.1                 
133  taming_of_the_shrew:3.1                 
133  taming_of_the_shrew:3.3                 
133  taming_of_the_shrew:4.0                 
133  taming_of_the_shrew:4.1                 
134  taming_of_the_shrew:2.0                 
135  taming_of_the_shrew:3.0                 
136  taming_of_the_shrew:3.2                 
137  taming_of_the_shrew:3.4                 
138  alls_well_that_ends_well:0.0            
138  alls_well_that_ends_well:1.2            
138  alls_well_that_ends_well:1.4            
138  alls_well_that_ends_well:4.2            
139  alls_well_that_ends_well:0.1            
140  alls_well_that_ends_well:0.2            
140  alls_well_that_ends_well:2.1            
141  alls_well_that_ends_well:1.0            
142  alls_well_that_ends_well:1.1            
143  alls_well_that_ends_well:1.3            
144  alls_well_that_ends_well:2.0            
145  alls_well_that_ends_well:2.2            
146  alls_well_that_ends_well:2.3            
147  alls_well_that_ends_well:2.4            
148  alls_well_that_ends_well:2.5            
149  alls_well_that_ends_well:2.6            
150  alls_well_that_ends_well:3.0            
151  alls_well_that_ends_well:3.1            
152  alls_well_that_ends_well:3.2            
153  alls_well_that_ends_well:3.3            
153  alls_well_that_ends_well:4.0            
154  alls_well_that_ends_well:3.4            
155  alls_well_that_ends_well:4.1            
156  loves_labors_lost:0.0                   
156  loves_labors_lost:1.0                   
156  loves_labors_lost:3.2                   
156  loves_labors_lost:4.1                   
157  loves_labors_lost:0.1                   
157  loves_labors_lost:2.0                   
158  loves_labors_lost:3.0                   
159  loves_labors_lost:3.1                   
160  loves_labors_lost:4.0                   
161  henry_vi_part_3:0.0                     
161  henry_vi_part_3:0.1                     
162  henry_vi_part_3:0.2                     
162  henry_vi_part_3:1.3                     
163  henry_vi_part_3:0.3                     
164  henry_vi_part_3:1.0                     
164  henry_vi_part_3:1.1                     
164  henry_vi_part_3:1.5                     
165  henry_vi_part_3:1.2                     
166  henry_vi_part_3:1.4                     
167  henry_vi_part_3:2.0                     
168  henry_vi_part_3:2.1                     
169  henry_vi_part_3:2.2                     
169  henry_vi_part_3:3.0                     
170  henry_vi_part_3:3.1                     
171  henry_vi_part_3:3.2                     
172  henry_vi_part_3:3.3                     
173  henry_vi_part_3:3.4                     
174  henry_vi_part_3:3.5                     
175  henry_vi_part_3:3.6                     
176  henry_vi_part_3:3.7                     
176  henry_vi_part_3:4.0                     
177  henry_vi_part_3:4.1                     
178  henry_vi_part_3:4.2                     
179  henry_vi_part_3:4.3                     
180  henry_vi_part_3:4.4                     
181  henry_vi_part_3:4.5                     
182  henry_vi_part_3:4.6                     
183  romeo_and_juliet:0.0                    
183  romeo_and_juliet:2.0                    
184  romeo_and_juliet:0.1                    
185  romeo_and_juliet:0.2                    
186  romeo_and_juliet:0.3                    
187  romeo_and_juliet:0.4                    
188  romeo_and_juliet:1.0                    
189  romeo_and_juliet:1.1                    
190  romeo_and_juliet:1.2                    
191  romeo_and_juliet:1.3                    
192  romeo_and_juliet:1.4                    
193  romeo_and_juliet:1.5                    
193  romeo_and_juliet:4.1                    
194  romeo_and_juliet:2.1                    
194  romeo_and_juliet:2.2                    
195  romeo_and_juliet:2.3                    
195  romeo_and_juliet:2.4                    
195  romeo_and_juliet:3.0                    
195  romeo_and_juliet:3.1                    
196  romeo_and_juliet:3.2                    
197  romeo_and_juliet:3.3                    
198  romeo_and_juliet:3.4                    
199  romeo_and_juliet:4.0                    
200  romeo_and_juliet:4.2                    
201  titus_andronicus:0.0                    
201  titus_andronicus:1.0                    
201  titus_andronicus:1.1                    
201  titus_andronicus:1.2                    
202  titus_andronicus:1.3                    
203  titus_andronicus:2.0                    
203  titus_andronicus:2.1                    
203  titus_andronicus:3.0                    
203  titus_andronicus:4.1                    
203  titus_andronicus:4.2                    
204  titus_andronicus:3.1                    
205  titus_andronicus:3.2                    
206  titus_andronicus:3.3                    
207  titus_andronicus:4.0                    
208  macbeth:0.0                             
209  macbeth:0.1                             
210  macbeth:0.2                             
210  macbeth:0.4                             
211  macbeth:0.3                             
211  macbeth:0.5                             
212  macbeth:0.6                             
213  macbeth:1.0                             
214  macbeth:1.1                             
215  macbeth:1.2                             
216  macbeth:1.3                             
217  macbeth:2.0                             
218  macbeth:2.1                             
219  macbeth:2.2                             
220  macbeth:2.3                             
221  macbeth:2.4                             
222  macbeth:2.5                             
223  macbeth:3.0                             
224  macbeth:3.1                             
225  macbeth:3.2                             
225  macbeth:4.7                             
226  macbeth:4.0                             
227  macbeth:4.1                             
227  macbeth:4.3                             
227  macbeth:4.5                             
227  macbeth:4.6                             
228  macbeth:4.2                             
228  macbeth:4.4                             
229  coriolanus:0.0                          
229  coriolanus:2.0                          
229  coriolanus:2.2                          
229  coriolanus:3.5                          
229  coriolanus:4.0                          
230  coriolanus:0.1                          
230  coriolanus:0.7                          
231  coriolanus:0.2                          
231  coriolanus:4.2                          
232  coriolanus:0.3                          
232  coriolanus:0.4                          
232  coriolanus:0.5                          
232  coriolanus:0.6                          
232  coriolanus:0.8                          
233  coriolanus:0.9                          
234  coriolanus:1.0                          
234  coriolanus:1.1                          
234  coriolanus:1.2                          
235  coriolanus:2.1                          
235  coriolanus:3.0                          
236  coriolanus:3.1                          
236  coriolanus:4.3                          
237  coriolanus:3.2                          
238  coriolanus:3.3                          
239  coriolanus:3.4                          
240  coriolanus:3.6                          
241  coriolanus:4.1                          
242  coriolanus:4.4                          
243  coriolanus:4.5                          
244  julius_caesar:0.0                       
245  julius_caesar:0.1                       
245  julius_caesar:0.2                       
245  julius_caesar:1.0                       
245  julius_caesar:1.1                       
245  julius_caesar:1.2                       
245  julius_caesar:2.0                       
246  julius_caesar:1.3                       
247  julius_caesar:2.1                       
248  julius_caesar:2.2                       
249  julius_caesar:3.0                       
250  julius_caesar:3.1                       
250  julius_caesar:3.2                       
250  julius_caesar:4.0                       
250  julius_caesar:4.2                       
250  julius_caesar:4.3                       
251  julius_caesar:4.1                       
251  julius_caesar:4.4                       
252  comedy_of_errors:0.0                    
253  comedy_of_errors:0.1                    
253  comedy_of_errors:1.1                    
253  comedy_of_errors:2.0                    
253  comedy_of_errors:2.1                    
253  comedy_of_errors:3.0                    
253  comedy_of_errors:3.2                    
253  comedy_of_errors:3.3                    
253  comedy_of_errors:4.0                    
254  comedy_of_errors:1.0                    
254  comedy_of_errors:3.1                    
255  much_ado_about_nothing:0.0              
255  much_ado_about_nothing:1.0              
255  much_ado_about_nothing:1.2              
255  much_ado_about_nothing:2.0              
255  much_ado_about_nothing:2.1              
255  much_ado_about_nothing:3.0              
255  much_ado_about_nothing:4.0              
255  much_ado_about_nothing:4.1              
255  much_ado_about_nothing:4.3              
256  much_ado_about_nothing:0.1              
257  much_ado_about_nothing:0.2              
257  much_ado_about_nothing:1.1              
257  much_ado_about_nothing:2.2              
257  much_ado_about_nothing:3.1              
258  much_ado_about_nothing:2.3              
259  much_ado_about_nothing:2.4              
260  much_ado_about_nothing:4.2              
261  twelfth_night:0.0                       
262  twelfth_night:0.1                       
263  twelfth_night:0.2                       
263  twelfth_night:1.2                       
263  twelfth_night:1.4                       
263  twelfth_night:2.1                       
263  twelfth_night:2.3                       
263  twelfth_night:3.0                       
264  twelfth_night:0.3                       
264  twelfth_night:1.3                       
265  twelfth_night:0.4                       
265  twelfth_night:2.0                       
265  twelfth_night:4.0                       
266  twelfth_night:1.0                       
266  twelfth_night:2.2                       
267  twelfth_night:1.1                       
268  twelfth_night:3.1                       
269  twelfth_night:3.2                       
270  lear:0.0                                
270  lear:1.3                                
270  lear:4.2                                
271  lear:0.1                                
272  lear:0.2                                
272  lear:0.3                                
273  lear:0.4                                
274  lear:1.0                                
274  lear:2.6                                
274  lear:3.4                                
274  lear:4.0                                
275  lear:1.1                                
276  lear:1.2                                
277  lear:2.0                                
278  lear:2.1                                
279  lear:2.2                                
280  lear:2.3                                
280  lear:2.5                                
281  lear:2.4                                
282  lear:3.0                                
283  lear:3.1                                
284  lear:3.2                                
285  lear:3.3                                
286  lear:3.5                                
287  lear:3.6                                
288  lear:4.1                                
289  cymbeline:0.0                           
289  cymbeline:4.3                           
290  cymbeline:0.1                           
291  cymbeline:0.2                           
292  cymbeline:0.3                           
292  cymbeline:1.3                           
293  cymbeline:0.4                           
294  cymbeline:0.5                           
295  cymbeline:1.0                           
296  cymbeline:1.1                           
297  cymbeline:1.2                           
298  cymbeline:1.4                           
299  cymbeline:2.0                           
300  cymbeline:2.1                           
300  cymbeline:2.3                           
301  cymbeline:2.2                           
301  cymbeline:2.5                           
301  cymbeline:3.1                           
301  cymbeline:3.3                           
302  cymbeline:2.4                           
302  cymbeline:3.2                           
303  cymbeline:2.6                           
304  cymbeline:3.0                           
305  cymbeline:4.0                           
306  cymbeline:4.1                           
306  cymbeline:4.2                           
306  cymbeline:4.4                           
307  measure_for_measure:0.0                 
308  measure_for_measure:0.1                 
309  measure_for_measure:0.2                 
310  measure_for_measure:0.3                 
310  measure_for_measure:1.1                 
311  measure_for_measure:1.0                 
311  measure_for_measure:2.1                 
312  measure_for_measure:1.2                 
313  measure_for_measure:1.3                 
314  measure_for_measure:2.0                 
315  measure_for_measure:3.0                 
315  measure_for_measure:3.5                 
316  measure_for_measure:3.1                 
316  measure_for_measure:3.2                 
316  measure_for_measure:4.0                 
317  measure_for_measure:3.3                 
318  measure_for_measure:3.4                 
319  pericles:0.0                            
319  pericles:0.1                            
319  pericles:0.2                            
320  pericles:0.3                            
320  pericles:2.2                            
320  pericles:3.2                            
320  pericles:3.3                            
321  pericles:1.0                            
322  pericles:1.1                            
322  pericles:1.2                            
322  pericles:1.4                            
323  pericles:1.3                            
324  pericles:2.0                            
325  pericles:2.1                            
325  pericles:2.3                            
326  pericles:3.0                            
327  pericles:3.1                            
327  pericles:3.5                            
328  pericles:3.4                            
329  pericles:4.0                            
329  pericles:4.2                            
330  pericles:4.1                            
331  winters_tale:0.0                        
332  winters_tale:0.1                        
332  winters_tale:1.0                        
333  winters_tale:1.1                        
334  winters_tale:1.2                        
334  winters_tale:2.1                        
334  winters_tale:4.0                        
334  winters_tale:4.2                        
335  winters_tale:2.0                        
336  winters_tale:2.2                        
337  winters_tale:3.0                        
338  winters_tale:3.1                        
339  winters_tale:3.2                        
340  winters_tale:3.3                        
341  winters_tale:4.1                        
342  antony_and_cleopatra:0.0                
343  antony_and_cleopatra:0.1                
343  antony_and_cleopatra:0.2                
343  antony_and_cleopatra:0.4                
343  antony_and_cleopatra:1.4                
343  antony_and_cleopatra:2.2                
343  antony_and_cleopatra:3.12               
343  antony_and_cleopatra:3.14               
344  antony_and_cleopatra:0.3                
345  antony_and_cleopatra:1.0                
345  antony_and_cleopatra:1.5                
345  antony_and_cleopatra:1.6                
346  antony_and_cleopatra:1.1                
346  antony_and_cleopatra:1.3                
346  antony_and_cleopatra:2.1                
346  antony_and_cleopatra:2.5                
346  antony_and_cleopatra:3.0                
347  antony_and_cleopatra:1.2                
348  antony_and_cleopatra:2.0                
349  antony_and_cleopatra:2.3                
350  antony_and_cleopatra:2.4                
350  antony_and_cleopatra:2.8                
350  antony_and_cleopatra:3.1                
350  antony_and_cleopatra:3.5                
350  antony_and_cleopatra:3.8                
351  antony_and_cleopatra:2.6                
351  antony_and_cleopatra:2.9                
352  antony_and_cleopatra:2.7                
352  antony_and_cleopatra:3.10               
353  antony_and_cleopatra:2.10               
353  antony_and_cleopatra:3.3                
353  antony_and_cleopatra:3.4                
354  antony_and_cleopatra:2.11               
354  antony_and_cleopatra:2.12               
355  antony_and_cleopatra:3.2                
356  antony_and_cleopatra:3.6                
356  antony_and_cleopatra:3.9                
357  antony_and_cleopatra:3.7                
358  antony_and_cleopatra:3.11               
359  antony_and_cleopatra:3.13               
360  antony_and_cleopatra:4.0                
360  antony_and_cleopatra:4.1                
361  tempest:0.0                             
362  tempest:0.1                             
362  tempest:4.0                             
363  tempest:1.0                             
363  tempest:2.2                             
364  tempest:1.1                             
364  tempest:2.1                             
365  tempest:2.0                             
366  tempest:3.0                             
367  two_gentlemen_of_verona:0.0             
368  two_gentlemen_of_verona:0.1             
368  two_gentlemen_of_verona:1.6             
369  two_gentlemen_of_verona:0.2             
369  two_gentlemen_of_verona:1.1             
370  two_gentlemen_of_verona:1.0             
370  two_gentlemen_of_verona:1.3             
370  two_gentlemen_of_verona:2.0             
371  two_gentlemen_of_verona:1.2             
371  two_gentlemen_of_verona:1.4             
372  two_gentlemen_of_verona:1.5             
372  two_gentlemen_of_verona:3.1             
372  two_gentlemen_of_verona:3.3             
372  two_gentlemen_of_verona:4.3             
373  two_gentlemen_of_verona:2.1             
374  two_gentlemen_of_verona:3.0             
374  two_gentlemen_of_verona:4.2             
375  two_gentlemen_of_verona:3.2             
375  two_gentlemen_of_verona:4.0             
375  two_gentlemen_of_verona:4.1             
376  merchant_of_venice:0.0                  
376  merchant_of_venice:1.7                  
377  merchant_of_venice:0.1                  
378  merchant_of_venice:0.2                  
378  merchant_of_venice:2.0                  
378  merchant_of_venice:2.2                  
379  merchant_of_venice:1.0                  
379  merchant_of_venice:1.6                  
379  merchant_of_venice:1.8                  
380  merchant_of_venice:1.1                  
381  merchant_of_venice:1.2                  
381  merchant_of_venice:1.3                  
381  merchant_of_venice:1.4                  
381  merchant_of_venice:1.5                  
381  merchant_of_venice:2.4                  
382  merchant_of_venice:2.1                  
382  merchant_of_venice:3.0                  
383  merchant_of_venice:2.3                  
383  merchant_of_venice:3.1                  
383  merchant_of_venice:4.0                  
384  henry_viii:0.0                          
385  henry_viii:0.1                          
386  henry_viii:0.2                          
386  henry_viii:0.3                          
387  henry_viii:1.0                          
388  henry_viii:1.1                          
388  henry_viii:1.3                          
388  henry_viii:2.0                          
388  henry_viii:2.1                          
389  henry_viii:1.2                          
390  henry_viii:3.0                          
391  henry_viii:3.1                          
392  henry_viii:4.0                          
392  henry_viii:4.2                          
393  henry_viii:4.1                          
394  henry_viii:4.3                          
395  henry_viii:4.4                          
396  midsummer_nights_dream:0.0              
396  midsummer_nights_dream:1.1              
396  midsummer_nights_dream:2.1              
396  midsummer_nights_dream:3.0              
397  midsummer_nights_dream:0.1              
397  midsummer_nights_dream:2.0              
397  midsummer_nights_dream:3.1              
398  midsummer_nights_dream:1.0              
399  midsummer_nights_dream:4.0              
400  as_you_like_it:0.0                      
401  as_you_like_it:0.1                      
401  as_you_like_it:0.2                      
402  as_you_like_it:1.0                      
403  as_you_like_it:1.1                      
404  as_you_like_it:1.2                      
405  as_you_like_it:1.3                      
405  as_you_like_it:2.1                      
405  as_you_like_it:2.3                      
405  as_you_like_it:3.0                      
406  as_you_like_it:1.4                      
407  as_you_like_it:1.5                      
408  as_you_like_it:1.6                      
409  as_you_like_it:2.0                      
410  as_you_like_it:2.2                      
410  as_you_like_it:4.0                      
411  as_you_like_it:2.4                      
411  as_you_like_it:3.2                      
411  as_you_like_it:4.1                      
412  as_you_like_it:3.1                      
413  as_you_like_it:4.2                      
414  as_you_like_it:4.3                      
415  troilus_and_cressida:0.0                
415  troilus_and_cressida:0.1                
415  troilus_and_cressida:2.0                
415  troilus_and_cressida:3.1                
416  troilus_and_cressida:0.2                
416  troilus_and_cressida:3.4                
417  troilus_and_cressida:1.0                
417  troilus_and_cressida:1.2                
417  troilus_and_cressida:2.2                
417  troilus_and_cressida:4.0                
418  troilus_and_cressida:1.1                
419  troilus_and_cressida:2.1                
420  troilus_and_cressida:3.0                
420  troilus_and_cressida:3.2                
420  troilus_and_cressida:3.3                
421  troilus_and_cressida:4.1                
421  troilus_and_cressida:4.3                
422  troilus_and_cressida:4.2                
423  troilus_and_cressida:4.4                
423  troilus_and_cressida:4.5                
423  troilus_and_cressida:4.8                
424  troilus_and_cressida:4.6                
425  troilus_and_cressida:4.7                
426  troilus_and_cressida:4.9                
427  henry_v:0.0                             
428  henry_v:0.1                             
429  henry_v:1.0                             
429  henry_v:1.2                             
430  henry_v:1.1                             
431  henry_v:1.3                             
432  henry_v:2.0                             
433  henry_v:2.1                             
434  henry_v:2.2                             
435  henry_v:2.3                             
435  henry_v:3.3                             
436  henry_v:2.4                             
437  henry_v:2.5                             
437  henry_v:3.6                             
437  henry_v:3.7                             
438  henry_v:2.6                             
438  henry_v:3.1                             
439  henry_v:3.0                             
440  henry_v:3.2                             
441  henry_v:3.4                             
442  henry_v:3.5                             
443  henry_v:4.0                             
444  henry_v:4.1                             
445  life_and_death_of_king_john:0.0         
445  life_and_death_of_king_john:1.0         
446  life_and_death_of_king_john:2.0         
446  life_and_death_of_king_john:2.3         
447  life_and_death_of_king_john:2.1         
447  life_and_death_of_king_john:2.2         
448  life_and_death_of_king_john:3.0         
449  life_and_death_of_king_john:3.1         
449  life_and_death_of_king_john:3.2         
450  life_and_death_of_king_john:4.0         
451  life_and_death_of_king_john:4.1         
452  life_and_death_of_king_john:4.2         
452  life_and_death_of_king_john:4.5         
453  life_and_death_of_king_john:4.3         
454  life_and_death_of_king_john:4.4         
455  life_and_death_of_king_john:4.6         
456  timon_of_athens:0.0                     
456  timon_of_athens:0.1                     
456  timon_of_athens:3.2                     
456  timon_of_athens:4.0                     
457  timon_of_athens:1.0                     
457  timon_of_athens:1.1                     
458  timon_of_athens:2.0                     
459  timon_of_athens:2.1                     
459  timon_of_athens:2.3                     
460  timon_of_athens:2.2                     
461  timon_of_athens:2.4                     
462  timon_of_athens:2.5                     
463  timon_of_athens:3.0                     
464  timon_of_athens:3.1                     
465  timon_of_athens:4.1                     
466  timon_of_athens:4.2                     
467  timon_of_athens:4.3                     
