0    othello:0.0                             
0    othello:0.1                             
0    othello:0.2                             
0    othello:1.0                             
0    othello:1.2                             
0    othello:2.0                             
0    othello:2.1                             
0    othello:2.2                             
0    othello:2.3                             
0    othello:3.0                             
0    othello:3.1                             
0    othello:3.2                             
0    othello:4.0                             
0    othello:4.1                             
1    othello:1.1                             
2    henry_iv_part_ii:0.0                    
2    henry_iv_part_ii:1.2                    
3    henry_iv_part_ii:0.1                    
3    henry_iv_part_ii:1.0                    
4    henry_iv_part_ii:0.2                    
4    henry_iv_part_ii:3.0                    
4    henry_iv_part_ii:3.1                    
4    richard_ii:0.0                          
5    henry_iv_part_ii:1.1                    
5    henry_iv_part_ii:1.3                    
5    henry_iv_part_ii:4.3                    
5    henry_iv_part_i:0.1                     
5    henry_iv_part_i:1.1                     
5    henry_iv_part_i:1.3                     
5    henry_iv_part_i:2.2                     
6    henry_iv_part_ii:2.0                    
7    henry_iv_part_ii:2.1                    
7    henry_iv_part_ii:4.0                    
7    henry_iv_part_ii:4.2                    
7    henry_iv_part_ii:4.4                    
7    merry_wives_of_windsor:0.0              
8    henry_iv_part_ii:3.2                    
9    henry_iv_part_ii:3.3                    
9    henry_iv_part_ii:3.4                    
9    henry_iv_part_ii:4.1                    
10   richard_ii:0.1                          
10   richard_ii:0.2                          
11   richard_ii:0.3                          
11   richard_ii:1.0                          
11   richard_ii:1.1                          
11   richard_ii:1.2                          
11   richard_ii:2.0                          
11   richard_ii:2.1                          
11   richard_ii:2.2                          
11   richard_ii:3.0                          
11   richard_ii:4.1                          
11   richard_ii:4.2                          
12   richard_ii:1.3                          
13   richard_ii:2.3                          
13   richard_ii:4.0                          
14   richard_ii:4.3                          
14   richard_ii:4.4                          
14   richard_ii:4.5                          
15   henry_vi_part_2:0.0                     
15   henry_vi_part_2:0.1                     
15   henry_vi_part_2:0.2                     
15   henry_vi_part_2:0.3                     
15   henry_vi_part_2:1.0                     
15   henry_vi_part_2:1.2                     
15   henry_vi_part_2:2.0                     
15   henry_vi_part_2:2.1                     
16   henry_vi_part_2:1.1                     
16   henry_vi_part_1:1.3                     
16   henry_vi_part_1:1.4                     
17   henry_vi_part_2:1.3                     
18   henry_vi_part_2:2.2                     
19   henry_vi_part_2:3.0                     
19   henry_vi_part_1:4.2                     
20   henry_vi_part_2:3.1                     
20   henry_vi_part_2:3.2                     
20   henry_vi_part_2:3.3                     
20   henry_vi_part_2:3.6                     
20   henry_vi_part_2:3.7                     
21   henry_vi_part_2:3.4                     
21   henry_vi_part_2:3.5                     
22   henry_vi_part_2:3.8                     
22   henry_vi_part_2:4.0                     
22   henry_vi_part_2:4.1                     
22   henry_vi_part_3:0.0                     
22   henry_vi_part_3:0.1                     
23   henry_vi_part_2:3.9                     
24   henry_vi_part_2:4.2                     
25   merry_wives_of_windsor:0.1              
25   merry_wives_of_windsor:0.3              
25   merry_wives_of_windsor:1.2              
25   merry_wives_of_windsor:2.0              
25   merry_wives_of_windsor:2.1              
25   merry_wives_of_windsor:2.2              
25   merry_wives_of_windsor:2.3              
25   merry_wives_of_windsor:3.5              
26   merry_wives_of_windsor:0.2              
26   merry_wives_of_windsor:1.0              
26   merry_wives_of_windsor:1.1              
26   merry_wives_of_windsor:2.4              
26   merry_wives_of_windsor:3.1              
26   merry_wives_of_windsor:4.0              
27   merry_wives_of_windsor:3.0              
27   merry_wives_of_windsor:3.3              
27   merry_wives_of_windsor:4.2              
27   merry_wives_of_windsor:4.4              
28   merry_wives_of_windsor:3.2              
28   merry_wives_of_windsor:3.4              
29   merry_wives_of_windsor:4.1              
30   merry_wives_of_windsor:4.3              
31   richard_iii:0.0                         
31   richard_iii:0.3                         
31   henry_vi_part_3:2.1                     
32   richard_iii:0.1                         
32   richard_iii:0.2                         
32   richard_iii:1.0                         
32   richard_iii:1.1                         
32   richard_iii:1.3                         
32   richard_iii:2.0                         
32   richard_iii:3.0                         
32   richard_iii:3.3                         
33   richard_iii:1.2                         
33   julius_caesar:2.2                       
34   richard_iii:2.1                         
34   richard_iii:2.2                         
34   richard_iii:2.3                         
34   richard_iii:2.4                         
34   richard_iii:2.6                         
34   richard_iii:3.1                         
34   richard_iii:4.2                         
35   richard_iii:2.5                         
36   richard_iii:3.2                         
36   richard_iii:4.3                         
37   richard_iii:3.4                         
37   richard_iii:4.1                         
37   richard_iii:4.4                         
38   richard_iii:4.0                         
39   hamlet:0.0                              
39   hamlet:0.1                              
39   hamlet:0.3                              
39   hamlet:0.4                              
39   hamlet:1.1                              
39   hamlet:3.5                              
40   hamlet:0.2                              
40   hamlet:1.0                              
40   hamlet:2.0                              
40   hamlet:2.1                              
40   hamlet:2.2                              
40   hamlet:2.3                              
40   hamlet:3.0                              
40   hamlet:3.1                              
40   hamlet:3.2                              
41   hamlet:3.3                              
42   hamlet:3.4                              
42   hamlet:3.6                              
42   hamlet:4.0                              
42   hamlet:4.1                              
43   henry_iv_part_i:0.0                     
43   henry_iv_part_i:0.2                     
43   henry_iv_part_i:1.2                     
43   henry_iv_part_i:2.0                     
43   henry_iv_part_i:2.1                     
43   henry_iv_part_i:3.0                     
43   henry_iv_part_i:3.2                     
43   henry_iv_part_i:3.3                     
43   henry_iv_part_i:4.0                     
43   henry_iv_part_i:4.1                     
43   henry_iv_part_i:4.2                     
43   henry_iv_part_i:4.3                     
43   henry_iv_part_i:4.4                     
44   henry_iv_part_i:1.0                     
45   henry_iv_part_i:3.1                     
46   henry_vi_part_1:0.0                     
46   henry_vi_part_1:0.1                     
46   henry_vi_part_1:0.3                     
46   henry_vi_part_1:0.4                     
46   henry_vi_part_1:0.5                     
46   henry_vi_part_1:1.0                     
46   henry_vi_part_1:2.1                     
46   henry_vi_part_1:2.2                     
46   henry_vi_part_1:3.6                     
46   henry_vi_part_1:4.1                     
46   henry_vi_part_1:4.3                     
47   henry_vi_part_1:0.2                     
47   henry_vi_part_1:2.0                     
47   henry_vi_part_1:2.3                     
47   henry_vi_part_1:3.0                     
47   henry_vi_part_1:4.0                     
48   henry_vi_part_1:1.1                     
48   henry_vi_part_1:1.2                     
49   henry_vi_part_1:3.1                     
49   henry_vi_part_1:3.2                     
49   henry_vi_part_1:3.3                     
49   henry_vi_part_1:3.4                     
49   henry_vi_part_1:3.5                     
50   henry_vi_part_1:4.4                     
51   taming_of_the_shrew:0.0                 
51   taming_of_the_shrew:0.1                 
51   taming_of_the_shrew:1.0                 
51   taming_of_the_shrew:2.0                 
51   taming_of_the_shrew:2.1                 
51   taming_of_the_shrew:3.1                 
51   taming_of_the_shrew:3.3                 
51   taming_of_the_shrew:3.4                 
51   taming_of_the_shrew:4.0                 
51   taming_of_the_shrew:4.1                 
52   taming_of_the_shrew:3.0                 
52   taming_of_the_shrew:3.2                 
53   alls_well_that_ends_well:0.0            
53   alls_well_that_ends_well:0.1            
53   alls_well_that_ends_well:0.2            
53   alls_well_that_ends_well:1.0            
53   alls_well_that_ends_well:1.2            
53   alls_well_that_ends_well:1.3            
53   alls_well_that_ends_well:1.4            
53   alls_well_that_ends_well:2.4            
53   alls_well_that_ends_well:2.5            
53   alls_well_that_ends_well:3.2            
53   alls_well_that_ends_well:4.1            
54   alls_well_that_ends_well:1.1            
54   alls_well_that_ends_well:2.1            
54   alls_well_that_ends_well:3.4            
55   alls_well_that_ends_well:2.0            
55   alls_well_that_ends_well:2.2            
56   alls_well_that_ends_well:2.3            
57   alls_well_that_ends_well:2.6            
57   alls_well_that_ends_well:3.3            
57   alls_well_that_ends_well:4.0            
58   alls_well_that_ends_well:3.0            
59   alls_well_that_ends_well:3.1            
59   alls_well_that_ends_well:4.2            
60   loves_labors_lost:0.0                   
60   loves_labors_lost:0.1                   
60   loves_labors_lost:1.0                   
60   loves_labors_lost:2.0                   
60   loves_labors_lost:3.0                   
60   loves_labors_lost:3.2                   
60   loves_labors_lost:4.1                   
61   loves_labors_lost:3.1                   
61   loves_labors_lost:4.0                   
62   henry_vi_part_3:0.2                     
62   henry_vi_part_3:0.3                     
62   henry_vi_part_3:1.0                     
62   henry_vi_part_3:1.1                     
62   henry_vi_part_3:1.3                     
62   henry_vi_part_3:1.5                     
63   henry_vi_part_3:1.2                     
63   henry_vi_part_3:1.4                     
64   henry_vi_part_3:2.0                     
64   henry_vi_part_3:2.2                     
64   henry_vi_part_3:3.0                     
64   henry_vi_part_3:3.6                     
65   henry_vi_part_3:3.1                     
65   henry_vi_part_3:3.2                     
65   henry_vi_part_3:3.3                     
65   henry_vi_part_3:3.5                     
65   henry_vi_part_3:3.7                     
65   henry_vi_part_3:4.0                     
65   henry_vi_part_3:4.1                     
66   henry_vi_part_3:3.4                     
67   henry_vi_part_3:4.2                     
67   henry_vi_part_3:4.3                     
67   henry_vi_part_3:4.4                     
67   henry_vi_part_3:4.6                     
68   henry_vi_part_3:4.5                     
69   romeo_and_juliet:0.0                    
69   romeo_and_juliet:0.1                    
69   romeo_and_juliet:0.4                    
69   romeo_and_juliet:1.1                    
69   romeo_and_juliet:2.1                    
70   romeo_and_juliet:0.2                    
70   romeo_and_juliet:1.4                    
71   romeo_and_juliet:0.3                    
71   romeo_and_juliet:1.0                    
71   romeo_and_juliet:1.3                    
71   romeo_and_juliet:2.0                    
72   romeo_and_juliet:1.2                    
72   romeo_and_juliet:1.5                    
72   romeo_and_juliet:2.2                    
72   romeo_and_juliet:4.1                    
72   romeo_and_juliet:4.2                    
73   romeo_and_juliet:2.3                    
73   romeo_and_juliet:2.4                    
73   romeo_and_juliet:3.0                    
73   romeo_and_juliet:3.1                    
73   romeo_and_juliet:3.2                    
73   romeo_and_juliet:3.3                    
73   romeo_and_juliet:3.4                    
74   romeo_and_juliet:4.0                    
75   titus_andronicus:0.0                    
75   titus_andronicus:1.0                    
75   titus_andronicus:1.1                    
75   titus_andronicus:1.2                    
75   titus_andronicus:2.0                    
75   titus_andronicus:2.1                    
75   titus_andronicus:3.0                    
75   titus_andronicus:3.1                    
75   titus_andronicus:3.2                    
75   titus_andronicus:3.3                    
75   titus_andronicus:4.0                    
75   titus_andronicus:4.1                    
75   titus_andronicus:4.2                    
76   titus_andronicus:1.3                    
77   macbeth:0.0                             
77   macbeth:2.4                             
78   macbeth:0.1                             
78   macbeth:0.2                             
78   macbeth:0.3                             
78   macbeth:0.4                             
78   macbeth:0.5                             
78   macbeth:1.2                             
78   macbeth:1.3                             
78   macbeth:2.5                             
79   macbeth:0.6                             
79   macbeth:1.1                             
80   macbeth:1.0                             
80   macbeth:2.0                             
80   macbeth:2.1                             
80   macbeth:2.2                             
80   macbeth:2.3                             
80   macbeth:3.0                             
81   macbeth:3.1                             
81   macbeth:3.2                             
82   macbeth:4.0                             
82   macbeth:4.2                             
82   macbeth:4.4                             
83   macbeth:4.1                             
83   macbeth:4.3                             
83   macbeth:4.5                             
83   macbeth:4.6                             
83   macbeth:4.7                             
84   coriolanus:0.0                          
84   coriolanus:0.1                          
84   coriolanus:0.3                          
84   coriolanus:0.4                          
84   coriolanus:0.5                          
84   coriolanus:0.6                          
84   coriolanus:0.7                          
84   coriolanus:0.8                          
84   coriolanus:0.9                          
85   coriolanus:0.2                          
85   coriolanus:1.0                          
85   coriolanus:1.1                          
85   coriolanus:1.2                          
85   coriolanus:2.0                          
85   coriolanus:2.1                          
85   coriolanus:2.2                          
85   coriolanus:3.0                          
85   coriolanus:3.1                          
85   coriolanus:3.5                          
85   coriolanus:4.0                          
85   coriolanus:4.3                          
86   coriolanus:3.2                          
86   coriolanus:3.3                          
87   coriolanus:3.4                          
87   coriolanus:4.1                          
87   coriolanus:4.2                          
87   coriolanus:4.5                          
88   coriolanus:3.6                          
89   coriolanus:4.4                          
90   julius_caesar:0.0                       
91   julius_caesar:0.1                       
91   julius_caesar:0.2                       
91   julius_caesar:1.0                       
91   julius_caesar:1.1                       
91   julius_caesar:1.2                       
91   julius_caesar:1.3                       
91   julius_caesar:2.0                       
91   julius_caesar:2.1                       
92   julius_caesar:3.0                       
92   antony_and_cleopatra:0.3                
92   antony_and_cleopatra:1.0                
92   antony_and_cleopatra:1.1                
92   antony_and_cleopatra:1.2                
92   antony_and_cleopatra:1.3                
92   antony_and_cleopatra:1.5                
92   antony_and_cleopatra:1.6                
92   antony_and_cleopatra:2.1                
92   antony_and_cleopatra:2.4                
92   antony_and_cleopatra:2.5                
92   antony_and_cleopatra:2.6                
92   antony_and_cleopatra:2.8                
93   julius_caesar:3.1                       
93   julius_caesar:3.2                       
93   julius_caesar:4.0                       
93   julius_caesar:4.1                       
93   julius_caesar:4.2                       
93   julius_caesar:4.3                       
93   julius_caesar:4.4                       
94   comedy_of_errors:0.0                    
94   comedy_of_errors:0.1                    
94   comedy_of_errors:1.0                    
94   comedy_of_errors:1.1                    
94   comedy_of_errors:2.0                    
94   comedy_of_errors:2.1                    
94   comedy_of_errors:3.0                    
94   comedy_of_errors:3.1                    
94   comedy_of_errors:3.2                    
94   comedy_of_errors:3.3                    
94   comedy_of_errors:4.0                    
95   much_ado_about_nothing:0.0              
95   much_ado_about_nothing:0.1              
95   much_ado_about_nothing:0.2              
95   much_ado_about_nothing:1.0              
95   much_ado_about_nothing:1.1              
95   much_ado_about_nothing:1.2              
95   much_ado_about_nothing:2.0              
95   much_ado_about_nothing:2.1              
95   much_ado_about_nothing:2.2              
95   much_ado_about_nothing:2.3              
95   much_ado_about_nothing:3.0              
95   much_ado_about_nothing:4.1              
95   much_ado_about_nothing:4.2              
95   much_ado_about_nothing:4.3              
96   much_ado_about_nothing:2.4              
96   much_ado_about_nothing:3.1              
96   much_ado_about_nothing:4.0              
97   twelfth_night:0.0                       
97   twelfth_night:1.3                       
98   twelfth_night:0.1                       
98   twelfth_night:0.3                       
98   twelfth_night:1.1                       
99   twelfth_night:0.2                       
99   twelfth_night:0.4                       
99   twelfth_night:1.2                       
99   twelfth_night:1.4                       
99   twelfth_night:2.0                       
99   twelfth_night:2.1                       
99   twelfth_night:2.3                       
99   twelfth_night:3.0                       
99   twelfth_night:3.1                       
99   twelfth_night:4.0                       
100  twelfth_night:1.0                       
100  twelfth_night:2.2                       
100  twelfth_night:3.2                       
101  lear:0.0                                
101  lear:0.4                                
101  lear:1.3                                
101  lear:2.1                                
101  lear:2.3                                
101  lear:2.5                                
102  lear:0.1                                
102  lear:1.0                                
102  lear:2.2                                
102  lear:2.4                                
102  lear:2.6                                
102  lear:3.4                                
102  lear:4.0                                
103  lear:0.2                                
103  lear:0.3                                
103  lear:1.1                                
103  lear:3.1                                
104  lear:1.2                                
105  lear:2.0                                
105  lear:3.2                                
105  lear:3.6                                
106  lear:3.0                                
106  lear:3.5                                
106  lear:4.1                                
106  lear:4.2                                
107  lear:3.3                                
108  cymbeline:0.0                           
108  cymbeline:0.2                           
108  cymbeline:0.4                           
108  cymbeline:2.1                           
108  cymbeline:2.3                           
108  cymbeline:4.0                           
109  cymbeline:0.1                           
109  cymbeline:1.0                           
109  cymbeline:1.2                           
110  cymbeline:0.3                           
110  cymbeline:0.5                           
110  cymbeline:1.3                           
110  cymbeline:1.4                           
110  cymbeline:4.3                           
111  cymbeline:1.1                           
112  cymbeline:2.0                           
112  cymbeline:2.4                           
112  cymbeline:3.2                           
113  cymbeline:2.2                           
113  cymbeline:2.5                           
113  cymbeline:3.1                           
113  cymbeline:3.3                           
113  cymbeline:4.1                           
113  cymbeline:4.2                           
113  cymbeline:4.4                           
114  cymbeline:2.6                           
115  cymbeline:3.0                           
116  measure_for_measure:0.0                 
116  measure_for_measure:0.2                 
117  measure_for_measure:0.1                 
117  measure_for_measure:0.3                 
117  measure_for_measure:1.1                 
117  measure_for_measure:1.3                 
117  measure_for_measure:2.0                 
117  measure_for_measure:4.0                 
118  measure_for_measure:1.0                 
118  measure_for_measure:2.1                 
118  measure_for_measure:3.3                 
119  measure_for_measure:1.2                 
119  measure_for_measure:3.1                 
119  measure_for_measure:3.2                 
119  measure_for_measure:3.4                 
120  measure_for_measure:3.0                 
120  measure_for_measure:3.5                 
121  pericles:0.0                            
121  pericles:0.1                            
121  pericles:0.2                            
121  pericles:1.3                            
122  pericles:0.3                            
122  pericles:2.2                            
122  pericles:3.0                            
122  pericles:3.2                            
122  pericles:3.3                            
122  pericles:4.0                            
123  pericles:1.0                            
124  pericles:1.1                            
124  pericles:1.2                            
124  pericles:1.4                            
125  pericles:2.0                            
126  pericles:2.1                            
126  pericles:2.3                            
126  pericles:4.2                            
127  pericles:3.1                            
127  pericles:3.5                            
128  pericles:3.4                            
129  pericles:4.1                            
130  winters_tale:0.0                        
130  winters_tale:0.1                        
130  winters_tale:1.0                        
130  winters_tale:3.1                        
131  winters_tale:1.1                        
131  winters_tale:1.2                        
131  winters_tale:2.1                        
131  winters_tale:4.0                        
131  winters_tale:4.2                        
132  winters_tale:2.0                        
133  winters_tale:2.2                        
133  winters_tale:4.1                        
134  winters_tale:3.0                        
135  winters_tale:3.2                        
135  winters_tale:3.3                        
136  antony_and_cleopatra:0.0                
136  antony_and_cleopatra:0.1                
136  antony_and_cleopatra:0.2                
136  antony_and_cleopatra:0.4                
136  antony_and_cleopatra:1.4                
136  antony_and_cleopatra:2.2                
136  antony_and_cleopatra:2.10               
136  antony_and_cleopatra:3.3                
136  antony_and_cleopatra:3.12               
136  antony_and_cleopatra:3.13               
136  antony_and_cleopatra:3.14               
136  antony_and_cleopatra:4.1                
137  antony_and_cleopatra:2.0                
138  antony_and_cleopatra:2.3                
139  antony_and_cleopatra:2.7                
139  antony_and_cleopatra:3.0                
139  antony_and_cleopatra:3.10               
139  antony_and_cleopatra:4.0                
140  antony_and_cleopatra:2.9                
140  antony_and_cleopatra:3.1                
140  antony_and_cleopatra:3.4                
140  antony_and_cleopatra:3.5                
140  antony_and_cleopatra:3.6                
140  antony_and_cleopatra:3.8                
141  antony_and_cleopatra:2.11               
141  antony_and_cleopatra:2.12               
142  antony_and_cleopatra:3.2                
143  antony_and_cleopatra:3.7                
143  antony_and_cleopatra:3.9                
143  antony_and_cleopatra:3.11               
144  tempest:0.0                             
144  tempest:2.2                             
145  tempest:0.1                             
145  tempest:1.0                             
145  tempest:2.0                             
145  tempest:4.0                             
146  tempest:1.1                             
146  tempest:2.1                             
146  tempest:3.0                             
147  two_gentlemen_of_verona:0.0             
147  two_gentlemen_of_verona:0.2             
147  two_gentlemen_of_verona:1.0             
147  two_gentlemen_of_verona:1.3             
147  two_gentlemen_of_verona:1.5             
147  two_gentlemen_of_verona:2.0             
147  two_gentlemen_of_verona:2.1             
147  two_gentlemen_of_verona:3.1             
147  two_gentlemen_of_verona:3.2             
147  two_gentlemen_of_verona:4.3             
148  two_gentlemen_of_verona:0.1             
148  two_gentlemen_of_verona:1.1             
148  two_gentlemen_of_verona:1.6             
148  two_gentlemen_of_verona:3.3             
149  two_gentlemen_of_verona:1.2             
149  two_gentlemen_of_verona:1.4             
150  two_gentlemen_of_verona:3.0             
150  two_gentlemen_of_verona:4.2             
151  two_gentlemen_of_verona:4.0             
151  two_gentlemen_of_verona:4.1             
152  merchant_of_venice:0.0                  
152  merchant_of_venice:1.5                  
152  merchant_of_venice:1.7                  
152  merchant_of_venice:2.1                  
152  merchant_of_venice:2.3                  
152  merchant_of_venice:3.1                  
152  merchant_of_venice:4.0                  
153  merchant_of_venice:0.1                  
153  merchant_of_venice:1.0                  
153  merchant_of_venice:1.6                  
153  merchant_of_venice:1.8                  
154  merchant_of_venice:0.2                  
154  merchant_of_venice:2.0                  
154  merchant_of_venice:2.2                  
154  merchant_of_venice:3.0                  
155  merchant_of_venice:1.1                  
155  merchant_of_venice:1.2                  
155  merchant_of_venice:1.3                  
155  merchant_of_venice:1.4                  
155  merchant_of_venice:2.4                  
156  henry_viii:0.0                          
156  henry_viii:0.1                          
156  henry_viii:1.0                          
156  henry_viii:1.3                          
156  henry_viii:2.0                          
156  henry_viii:3.1                          
157  henry_viii:0.2                          
157  henry_viii:0.3                          
157  henry_viii:1.1                          
157  henry_viii:2.1                          
157  henry_viii:4.0                          
158  henry_viii:1.2                          
159  henry_viii:3.0                          
159  henry_viii:4.4                          
160  henry_viii:4.1                          
160  henry_viii:4.2                          
161  henry_viii:4.3                          
162  midsummer_nights_dream:0.0              
162  midsummer_nights_dream:1.0              
162  midsummer_nights_dream:1.1              
162  midsummer_nights_dream:2.1              
162  midsummer_nights_dream:3.0              
162  midsummer_nights_dream:4.0              
163  midsummer_nights_dream:0.1              
163  midsummer_nights_dream:2.0              
163  midsummer_nights_dream:3.1              
164  as_you_like_it:0.0                      
164  as_you_like_it:0.1                      
164  as_you_like_it:0.2                      
164  as_you_like_it:1.3                      
164  as_you_like_it:2.1                      
164  as_you_like_it:2.3                      
164  as_you_like_it:2.4                      
164  as_you_like_it:3.0                      
164  as_you_like_it:3.2                      
164  as_you_like_it:4.1                      
164  as_you_like_it:4.3                      
165  as_you_like_it:1.0                      
165  as_you_like_it:1.4                      
165  as_you_like_it:1.6                      
165  as_you_like_it:3.1                      
166  as_you_like_it:1.1                      
166  as_you_like_it:2.0                      
167  as_you_like_it:1.2                      
167  as_you_like_it:1.5                      
168  as_you_like_it:2.2                      
168  as_you_like_it:4.0                      
168  as_you_like_it:4.2                      
169  troilus_and_cressida:0.0                
169  troilus_and_cressida:0.1                
169  troilus_and_cressida:1.1                
169  troilus_and_cressida:2.0                
169  troilus_and_cressida:2.1                
169  troilus_and_cressida:3.0                
169  troilus_and_cressida:3.1                
169  troilus_and_cressida:3.2                
169  troilus_and_cressida:3.3                
169  troilus_and_cressida:4.2                
169  troilus_and_cressida:4.9                
170  troilus_and_cressida:0.2                
170  troilus_and_cressida:1.0                
170  troilus_and_cressida:1.2                
170  troilus_and_cressida:2.2                
170  troilus_and_cressida:3.4                
170  troilus_and_cressida:4.0                
170  troilus_and_cressida:4.1                
170  troilus_and_cressida:4.3                
170  troilus_and_cressida:4.4                
170  troilus_and_cressida:4.5                
170  troilus_and_cressida:4.8                
171  troilus_and_cressida:4.6                
171  troilus_and_cressida:4.7                
172  henry_v:0.0                             
173  henry_v:0.1                             
173  henry_v:1.3                             
174  henry_v:1.0                             
174  henry_v:1.2                             
175  henry_v:1.1                             
176  henry_v:2.0                             
177  henry_v:2.1                             
177  henry_v:2.5                             
177  henry_v:3.0                             
177  henry_v:3.6                             
177  henry_v:3.7                             
177  henry_v:4.0                             
178  henry_v:2.2                             
179  henry_v:2.3                             
179  henry_v:3.3                             
179  henry_v:4.1                             
180  henry_v:2.4                             
180  henry_v:3.4                             
181  henry_v:2.6                             
181  henry_v:3.1                             
182  henry_v:3.2                             
183  henry_v:3.5                             
184  life_and_death_of_king_john:0.0         
184  life_and_death_of_king_john:1.0         
184  life_and_death_of_king_john:2.0         
184  life_and_death_of_king_john:2.1         
184  life_and_death_of_king_john:2.2         
184  life_and_death_of_king_john:2.3         
184  life_and_death_of_king_john:3.0         
184  life_and_death_of_king_john:3.1         
184  life_and_death_of_king_john:3.2         
185  life_and_death_of_king_john:4.0         
185  life_and_death_of_king_john:4.1         
186  life_and_death_of_king_john:4.2         
186  life_and_death_of_king_john:4.5         
187  life_and_death_of_king_john:4.3         
187  life_and_death_of_king_john:4.4         
188  life_and_death_of_king_john:4.6         
189  timon_of_athens:0.0                     
189  timon_of_athens:0.1                     
189  timon_of_athens:2.4                     
189  timon_of_athens:2.5                     
189  timon_of_athens:3.2                     
189  timon_of_athens:4.0                     
189  timon_of_athens:4.1                     
189  timon_of_athens:4.3                     
190  timon_of_athens:1.0                     
190  timon_of_athens:1.1                     
191  timon_of_athens:2.0                     
191  timon_of_athens:2.1                     
191  timon_of_athens:2.2                     
191  timon_of_athens:2.3                     
192  timon_of_athens:3.0                     
193  timon_of_athens:3.1                     
194  timon_of_athens:4.2                     
