0    othello:0.0                             
1    othello:0.1                             
2    othello:0.2                             
3    othello:1.0                             
4    othello:1.1                             
5    othello:1.2                             
6    othello:2.0                             
7    othello:2.1                             
8    othello:2.2                             
8    othello:2.3                             
8    othello:3.0                             
8    othello:3.1                             
8    othello:3.2                             
8    othello:4.0                             
8    othello:4.1                             
9    henry_iv_part_ii:0.0                    
10   henry_iv_part_ii:0.1                    
11   henry_iv_part_ii:0.2                    
12   henry_iv_part_ii:1.0                    
13   henry_iv_part_ii:1.1                    
14   henry_iv_part_ii:1.2                    
15   henry_iv_part_ii:1.3                    
16   henry_iv_part_ii:2.0                    
17   henry_iv_part_ii:2.1                    
18   henry_iv_part_ii:3.0                    
19   henry_iv_part_ii:3.1                    
20   henry_iv_part_ii:3.2                    
21   henry_iv_part_ii:3.3                    
22   henry_iv_part_ii:3.4                    
23   henry_iv_part_ii:4.0                    
24   henry_iv_part_ii:4.1                    
25   henry_iv_part_ii:4.2                    
26   henry_iv_part_ii:4.3                    
27   henry_iv_part_ii:4.4                    
28   richard_ii:0.0                          
29   richard_ii:0.1                          
30   richard_ii:0.2                          
31   richard_ii:0.3                          
32   richard_ii:1.0                          
33   richard_ii:1.1                          
34   richard_ii:1.2                          
35   richard_ii:1.3                          
36   richard_ii:2.0                          
37   richard_ii:2.1                          
38   richard_ii:2.2                          
39   richard_ii:2.3                          
40   richard_ii:3.0                          
41   richard_ii:4.0                          
42   richard_ii:4.1                          
43   richard_ii:4.2                          
44   richard_ii:4.3                          
45   richard_ii:4.4                          
46   richard_ii:4.5                          
47   henry_vi_part_2:0.0                     
48   henry_vi_part_2:0.1                     
49   henry_vi_part_2:0.2                     
50   henry_vi_part_2:0.3                     
51   henry_vi_part_2:1.0                     
52   henry_vi_part_2:1.1                     
53   henry_vi_part_2:1.2                     
54   henry_vi_part_2:1.3                     
55   henry_vi_part_2:2.0                     
56   henry_vi_part_2:2.1                     
57   henry_vi_part_2:2.2                     
58   henry_vi_part_2:3.0                     
59   henry_vi_part_2:3.1                     
60   henry_vi_part_2:3.2                     
61   henry_vi_part_2:3.3                     
62   henry_vi_part_2:3.4                     
63   henry_vi_part_2:3.5                     
64   henry_vi_part_2:3.6                     
65   henry_vi_part_2:3.7                     
66   henry_vi_part_2:3.8                     
67   henry_vi_part_2:3.9                     
68   henry_vi_part_2:4.0                     
69   henry_vi_part_2:4.1                     
70   henry_vi_part_2:4.2                     
71   merry_wives_of_windsor:0.0              
72   merry_wives_of_windsor:0.1              
73   merry_wives_of_windsor:0.2              
74   merry_wives_of_windsor:0.3              
74   merry_wives_of_windsor:1.2              
74   merry_wives_of_windsor:2.0              
74   merry_wives_of_windsor:2.1              
75   merry_wives_of_windsor:1.0              
76   merry_wives_of_windsor:1.1              
77   merry_wives_of_windsor:2.2              
77   merry_wives_of_windsor:3.1              
78   merry_wives_of_windsor:2.3              
79   merry_wives_of_windsor:2.4              
80   merry_wives_of_windsor:3.0              
81   merry_wives_of_windsor:3.2              
82   merry_wives_of_windsor:3.3              
82   merry_wives_of_windsor:4.2              
82   merry_wives_of_windsor:4.4              
83   merry_wives_of_windsor:3.4              
84   merry_wives_of_windsor:3.5              
85   merry_wives_of_windsor:4.0              
86   merry_wives_of_windsor:4.1              
87   merry_wives_of_windsor:4.3              
88   richard_iii:0.0                         
89   richard_iii:0.1                         
90   richard_iii:0.2                         
91   richard_iii:0.3                         
92   richard_iii:1.0                         
93   richard_iii:1.1                         
94   richard_iii:1.2                         
95   richard_iii:1.3                         
96   richard_iii:2.0                         
97   richard_iii:2.1                         
98   richard_iii:2.2                         
99   richard_iii:2.3                         
100  richard_iii:2.4                         
101  richard_iii:2.5                         
102  richard_iii:2.6                         
103  richard_iii:3.0                         
104  richard_iii:3.1                         
105  richard_iii:3.2                         
106  richard_iii:3.3                         
107  richard_iii:3.4                         
108  richard_iii:4.0                         
109  richard_iii:4.1                         
110  richard_iii:4.2                         
111  richard_iii:4.3                         
112  richard_iii:4.4                         
113  hamlet:0.0                              
114  hamlet:0.1                              
115  hamlet:0.2                              
116  hamlet:0.3                              
117  hamlet:0.4                              
118  hamlet:1.0                              
119  hamlet:1.1                              
120  hamlet:2.0                              
121  hamlet:2.1                              
122  hamlet:2.2                              
123  hamlet:2.3                              
124  hamlet:3.0                              
125  hamlet:3.1                              
126  hamlet:3.2                              
127  hamlet:3.3                              
128  hamlet:3.4                              
129  hamlet:3.5                              
130  hamlet:3.6                              
131  hamlet:4.0                              
132  hamlet:4.1                              
133  henry_iv_part_i:0.0                     
134  henry_iv_part_i:0.1                     
135  henry_iv_part_i:0.2                     
136  henry_iv_part_i:1.0                     
137  henry_iv_part_i:1.1                     
138  henry_iv_part_i:1.2                     
139  henry_iv_part_i:1.3                     
140  henry_iv_part_i:2.0                     
141  henry_iv_part_i:2.1                     
142  henry_iv_part_i:2.2                     
143  henry_iv_part_i:3.0                     
144  henry_iv_part_i:3.1                     
145  henry_iv_part_i:3.2                     
146  henry_iv_part_i:3.3                     
147  henry_iv_part_i:4.0                     
148  henry_iv_part_i:4.1                     
149  henry_iv_part_i:4.2                     
149  henry_iv_part_i:4.3                     
150  henry_iv_part_i:4.4                     
151  henry_vi_part_1:0.0                     
152  henry_vi_part_1:0.1                     
153  henry_vi_part_1:0.2                     
154  henry_vi_part_1:0.3                     
155  henry_vi_part_1:0.4                     
156  henry_vi_part_1:0.5                     
157  henry_vi_part_1:1.0                     
157  henry_vi_part_1:2.1                     
157  henry_vi_part_1:2.2                     
157  henry_vi_part_1:3.6                     
157  henry_vi_part_1:4.1                     
158  henry_vi_part_1:1.1                     
159  henry_vi_part_1:1.2                     
160  henry_vi_part_1:1.3                     
161  henry_vi_part_1:1.4                     
162  henry_vi_part_1:2.0                     
163  henry_vi_part_1:2.3                     
164  henry_vi_part_1:3.0                     
165  henry_vi_part_1:3.1                     
166  henry_vi_part_1:3.2                     
166  henry_vi_part_1:3.3                     
167  henry_vi_part_1:3.4                     
168  henry_vi_part_1:3.5                     
169  henry_vi_part_1:4.0                     
170  henry_vi_part_1:4.2                     
171  henry_vi_part_1:4.3                     
172  henry_vi_part_1:4.4                     
173  taming_of_the_shrew:0.0                 
173  taming_of_the_shrew:0.1                 
173  taming_of_the_shrew:1.0                 
173  taming_of_the_shrew:2.1                 
173  taming_of_the_shrew:3.1                 
173  taming_of_the_shrew:3.3                 
173  taming_of_the_shrew:4.0                 
173  taming_of_the_shrew:4.1                 
174  taming_of_the_shrew:2.0                 
175  taming_of_the_shrew:3.0                 
176  taming_of_the_shrew:3.2                 
177  taming_of_the_shrew:3.4                 
178  alls_well_that_ends_well:0.0            
179  alls_well_that_ends_well:0.1            
180  alls_well_that_ends_well:0.2            
181  alls_well_that_ends_well:1.0            
182  alls_well_that_ends_well:1.1            
183  alls_well_that_ends_well:1.2            
184  alls_well_that_ends_well:1.3            
185  alls_well_that_ends_well:1.4            
186  alls_well_that_ends_well:2.0            
187  alls_well_that_ends_well:2.1            
188  alls_well_that_ends_well:2.2            
189  alls_well_that_ends_well:2.3            
190  alls_well_that_ends_well:2.4            
191  alls_well_that_ends_well:2.5            
192  alls_well_that_ends_well:2.6            
193  alls_well_that_ends_well:3.0            
194  alls_well_that_ends_well:3.1            
195  alls_well_that_ends_well:3.2            
196  alls_well_that_ends_well:3.3            
197  alls_well_that_ends_well:3.4            
198  alls_well_that_ends_well:4.0            
199  alls_well_that_ends_well:4.1            
200  alls_well_that_ends_well:4.2            
201  loves_labors_lost:0.0                   
202  loves_labors_lost:0.1                   
203  loves_labors_lost:1.0                   
204  loves_labors_lost:2.0                   
205  loves_labors_lost:3.0                   
206  loves_labors_lost:3.1                   
207  loves_labors_lost:3.2                   
208  loves_labors_lost:4.0                   
209  loves_labors_lost:4.1                   
210  henry_vi_part_3:0.0                     
210  henry_vi_part_3:1.1                     
211  henry_vi_part_3:0.1                     
212  henry_vi_part_3:0.2                     
213  henry_vi_part_3:0.3                     
214  henry_vi_part_3:1.0                     
215  henry_vi_part_3:1.2                     
216  henry_vi_part_3:1.3                     
217  henry_vi_part_3:1.4                     
218  henry_vi_part_3:1.5                     
219  henry_vi_part_3:2.0                     
220  henry_vi_part_3:2.1                     
221  henry_vi_part_3:2.2                     
221  henry_vi_part_3:3.0                     
222  henry_vi_part_3:3.1                     
223  henry_vi_part_3:3.2                     
224  henry_vi_part_3:3.3                     
225  henry_vi_part_3:3.4                     
226  henry_vi_part_3:3.5                     
227  henry_vi_part_3:3.6                     
228  henry_vi_part_3:3.7                     
229  henry_vi_part_3:4.0                     
230  henry_vi_part_3:4.1                     
231  henry_vi_part_3:4.2                     
232  henry_vi_part_3:4.3                     
233  henry_vi_part_3:4.4                     
234  henry_vi_part_3:4.5                     
235  henry_vi_part_3:4.6                     
236  romeo_and_juliet:0.0                    
237  romeo_and_juliet:0.1                    
238  romeo_and_juliet:0.2                    
239  romeo_and_juliet:0.3                    
240  romeo_and_juliet:0.4                    
241  romeo_and_juliet:1.0                    
242  romeo_and_juliet:1.1                    
243  romeo_and_juliet:1.2                    
244  romeo_and_juliet:1.3                    
245  romeo_and_juliet:1.4                    
246  romeo_and_juliet:1.5                    
247  romeo_and_juliet:2.0                    
248  romeo_and_juliet:2.1                    
249  romeo_and_juliet:2.2                    
250  romeo_and_juliet:2.3                    
251  romeo_and_juliet:2.4                    
252  romeo_and_juliet:3.0                    
253  romeo_and_juliet:3.1                    
254  romeo_and_juliet:3.2                    
255  romeo_and_juliet:3.3                    
256  romeo_and_juliet:3.4                    
257  romeo_and_juliet:4.0                    
258  romeo_and_juliet:4.1                    
259  romeo_and_juliet:4.2                    
260  titus_andronicus:0.0                    
261  titus_andronicus:1.0                    
262  titus_andronicus:1.1                    
263  titus_andronicus:1.2                    
264  titus_andronicus:1.3                    
265  titus_andronicus:2.0                    
265  titus_andronicus:4.2                    
266  titus_andronicus:2.1                    
267  titus_andronicus:3.0                    
268  titus_andronicus:3.1                    
269  titus_andronicus:3.2                    
270  titus_andronicus:3.3                    
271  titus_andronicus:4.0                    
272  titus_andronicus:4.1                    
273  macbeth:0.0                             
274  macbeth:0.1                             
275  macbeth:0.2                             
276  macbeth:0.3                             
277  macbeth:0.4                             
278  macbeth:0.5                             
279  macbeth:0.6                             
280  macbeth:1.0                             
281  macbeth:1.1                             
282  macbeth:1.2                             
283  macbeth:1.3                             
284  macbeth:2.0                             
285  macbeth:2.1                             
286  macbeth:2.2                             
287  macbeth:2.3                             
288  macbeth:2.4                             
289  macbeth:2.5                             
290  macbeth:3.0                             
291  macbeth:3.1                             
292  macbeth:3.2                             
293  macbeth:4.0                             
294  macbeth:4.1                             
294  macbeth:4.3                             
294  macbeth:4.5                             
295  macbeth:4.2                             
296  macbeth:4.4                             
297  macbeth:4.6                             
297  macbeth:4.7                             
298  coriolanus:0.0                          
299  coriolanus:0.1                          
300  coriolanus:0.2                          
301  coriolanus:0.3                          
302  coriolanus:0.4                          
303  coriolanus:0.5                          
304  coriolanus:0.6                          
305  coriolanus:0.7                          
306  coriolanus:0.8                          
307  coriolanus:0.9                          
308  coriolanus:1.0                          
309  coriolanus:1.1                          
310  coriolanus:1.2                          
311  coriolanus:2.0                          
311  coriolanus:2.2                          
311  coriolanus:3.5                          
311  coriolanus:4.0                          
312  coriolanus:2.1                          
313  coriolanus:3.0                          
314  coriolanus:3.1                          
315  coriolanus:3.2                          
316  coriolanus:3.3                          
317  coriolanus:3.4                          
318  coriolanus:3.6                          
319  coriolanus:4.1                          
320  coriolanus:4.2                          
321  coriolanus:4.3                          
322  coriolanus:4.4                          
323  coriolanus:4.5                          
324  julius_caesar:0.0                       
325  julius_caesar:0.1                       
326  julius_caesar:0.2                       
327  julius_caesar:1.0                       
328  julius_caesar:1.1                       
329  julius_caesar:1.2                       
329  julius_caesar:2.0                       
330  julius_caesar:1.3                       
331  julius_caesar:2.1                       
332  julius_caesar:2.2                       
333  julius_caesar:3.0                       
334  julius_caesar:3.1                       
334  julius_caesar:4.2                       
334  julius_caesar:4.3                       
335  julius_caesar:3.2                       
336  julius_caesar:4.0                       
337  julius_caesar:4.1                       
338  julius_caesar:4.4                       
339  comedy_of_errors:0.0                    
340  comedy_of_errors:0.1                    
340  comedy_of_errors:1.1                    
340  comedy_of_errors:2.0                    
340  comedy_of_errors:2.1                    
340  comedy_of_errors:3.0                    
340  comedy_of_errors:3.1                    
340  comedy_of_errors:3.2                    
340  comedy_of_errors:3.3                    
340  comedy_of_errors:4.0                    
341  comedy_of_errors:1.0                    
342  much_ado_about_nothing:0.0              
342  much_ado_about_nothing:1.0              
342  much_ado_about_nothing:1.2              
342  much_ado_about_nothing:2.0              
342  much_ado_about_nothing:2.1              
342  much_ado_about_nothing:2.3              
342  much_ado_about_nothing:3.0              
342  much_ado_about_nothing:4.0              
342  much_ado_about_nothing:4.1              
342  much_ado_about_nothing:4.3              
343  much_ado_about_nothing:0.1              
344  much_ado_about_nothing:0.2              
344  much_ado_about_nothing:1.1              
345  much_ado_about_nothing:2.2              
345  much_ado_about_nothing:3.1              
346  much_ado_about_nothing:2.4              
347  much_ado_about_nothing:4.2              
348  twelfth_night:0.0                       
349  twelfth_night:0.1                       
350  twelfth_night:0.2                       
351  twelfth_night:0.3                       
352  twelfth_night:0.4                       
353  twelfth_night:1.0                       
354  twelfth_night:1.1                       
355  twelfth_night:1.2                       
356  twelfth_night:1.3                       
357  twelfth_night:1.4                       
357  twelfth_night:2.1                       
357  twelfth_night:2.3                       
357  twelfth_night:3.0                       
357  twelfth_night:4.0                       
358  twelfth_night:2.0                       
359  twelfth_night:2.2                       
360  twelfth_night:3.1                       
361  twelfth_night:3.2                       
362  lear:0.0                                
363  lear:0.1                                
364  lear:0.2                                
365  lear:0.3                                
366  lear:0.4                                
367  lear:1.0                                
368  lear:1.1                                
369  lear:1.2                                
370  lear:1.3                                
371  lear:2.0                                
372  lear:2.1                                
373  lear:2.2                                
374  lear:2.3                                
375  lear:2.4                                
376  lear:2.5                                
377  lear:2.6                                
378  lear:3.0                                
379  lear:3.1                                
380  lear:3.2                                
381  lear:3.3                                
382  lear:3.4                                
383  lear:3.5                                
384  lear:3.6                                
385  lear:4.0                                
385  lear:4.2                                
386  lear:4.1                                
387  cymbeline:0.0                           
388  cymbeline:0.1                           
389  cymbeline:0.2                           
390  cymbeline:0.3                           
390  cymbeline:1.3                           
391  cymbeline:0.4                           
392  cymbeline:0.5                           
393  cymbeline:1.0                           
394  cymbeline:1.1                           
395  cymbeline:1.2                           
396  cymbeline:1.4                           
397  cymbeline:2.0                           
398  cymbeline:2.1                           
399  cymbeline:2.2                           
400  cymbeline:2.3                           
401  cymbeline:2.4                           
402  cymbeline:2.5                           
402  cymbeline:3.1                           
402  cymbeline:4.4                           
403  cymbeline:2.6                           
404  cymbeline:3.0                           
405  cymbeline:3.2                           
406  cymbeline:3.3                           
407  cymbeline:4.0                           
408  cymbeline:4.1                           
409  cymbeline:4.2                           
410  cymbeline:4.3                           
411  measure_for_measure:0.0                 
412  measure_for_measure:0.1                 
413  measure_for_measure:0.2                 
414  measure_for_measure:0.3                 
415  measure_for_measure:1.0                 
416  measure_for_measure:1.1                 
417  measure_for_measure:1.2                 
418  measure_for_measure:1.3                 
419  measure_for_measure:2.0                 
420  measure_for_measure:2.1                 
421  measure_for_measure:3.0                 
422  measure_for_measure:3.1                 
422  measure_for_measure:3.2                 
422  measure_for_measure:4.0                 
423  measure_for_measure:3.3                 
424  measure_for_measure:3.4                 
425  measure_for_measure:3.5                 
426  pericles:0.0                            
427  pericles:0.1                            
428  pericles:0.2                            
429  pericles:0.3                            
430  pericles:1.0                            
431  pericles:1.1                            
432  pericles:1.2                            
432  pericles:1.4                            
433  pericles:1.3                            
434  pericles:2.0                            
435  pericles:2.1                            
436  pericles:2.2                            
436  pericles:3.2                            
436  pericles:3.3                            
437  pericles:2.3                            
437  pericles:4.2                            
438  pericles:3.0                            
439  pericles:3.1                            
439  pericles:3.5                            
440  pericles:3.4                            
441  pericles:4.0                            
442  pericles:4.1                            
443  winters_tale:0.0                        
444  winters_tale:0.1                        
445  winters_tale:1.0                        
446  winters_tale:1.1                        
447  winters_tale:1.2                        
447  winters_tale:2.1                        
447  winters_tale:4.0                        
447  winters_tale:4.2                        
448  winters_tale:2.0                        
449  winters_tale:2.2                        
450  winters_tale:3.0                        
451  winters_tale:3.1                        
452  winters_tale:3.2                        
453  winters_tale:3.3                        
454  winters_tale:4.1                        
455  antony_and_cleopatra:0.0                
456  antony_and_cleopatra:0.1                
457  antony_and_cleopatra:0.2                
458  antony_and_cleopatra:0.3                
459  antony_and_cleopatra:0.4                
459  antony_and_cleopatra:1.4                
459  antony_and_cleopatra:2.2                
459  antony_and_cleopatra:3.12               
459  antony_and_cleopatra:3.14               
460  antony_and_cleopatra:1.0                
461  antony_and_cleopatra:1.1                
461  antony_and_cleopatra:1.5                
461  antony_and_cleopatra:1.6                
461  antony_and_cleopatra:2.1                
461  antony_and_cleopatra:2.4                
461  antony_and_cleopatra:3.1                
461  antony_and_cleopatra:3.5                
461  antony_and_cleopatra:3.8                
462  antony_and_cleopatra:1.2                
463  antony_and_cleopatra:1.3                
464  antony_and_cleopatra:2.0                
465  antony_and_cleopatra:2.3                
466  antony_and_cleopatra:2.5                
467  antony_and_cleopatra:2.6                
468  antony_and_cleopatra:2.7                
469  antony_and_cleopatra:2.8                
470  antony_and_cleopatra:2.9                
471  antony_and_cleopatra:2.10               
472  antony_and_cleopatra:2.11               
473  antony_and_cleopatra:2.12               
474  antony_and_cleopatra:3.0                
475  antony_and_cleopatra:3.2                
476  antony_and_cleopatra:3.3                
477  antony_and_cleopatra:3.4                
478  antony_and_cleopatra:3.6                
479  antony_and_cleopatra:3.7                
480  antony_and_cleopatra:3.9                
481  antony_and_cleopatra:3.10               
482  antony_and_cleopatra:3.11               
483  antony_and_cleopatra:3.13               
484  antony_and_cleopatra:4.0                
485  antony_and_cleopatra:4.1                
486  tempest:0.0                             
487  tempest:0.1                             
488  tempest:1.0                             
488  tempest:2.2                             
488  tempest:4.0                             
489  tempest:1.1                             
489  tempest:2.1                             
490  tempest:2.0                             
491  tempest:3.0                             
492  two_gentlemen_of_verona:0.0             
493  two_gentlemen_of_verona:0.1             
493  two_gentlemen_of_verona:1.6             
494  two_gentlemen_of_verona:0.2             
495  two_gentlemen_of_verona:1.0             
496  two_gentlemen_of_verona:1.1             
497  two_gentlemen_of_verona:1.2             
498  two_gentlemen_of_verona:1.3             
498  two_gentlemen_of_verona:3.1             
498  two_gentlemen_of_verona:3.3             
498  two_gentlemen_of_verona:4.1             
498  two_gentlemen_of_verona:4.3             
499  two_gentlemen_of_verona:1.4             
500  two_gentlemen_of_verona:1.5             
501  two_gentlemen_of_verona:2.0             
502  two_gentlemen_of_verona:2.1             
503  two_gentlemen_of_verona:3.0             
503  two_gentlemen_of_verona:4.2             
504  two_gentlemen_of_verona:3.2             
504  two_gentlemen_of_verona:4.0             
505  merchant_of_venice:0.0                  
506  merchant_of_venice:0.1                  
507  merchant_of_venice:0.2                  
508  merchant_of_venice:1.0                  
509  merchant_of_venice:1.1                  
510  merchant_of_venice:1.2                  
510  merchant_of_venice:1.3                  
510  merchant_of_venice:1.4                  
510  merchant_of_venice:1.5                  
510  merchant_of_venice:1.7                  
510  merchant_of_venice:2.4                  
510  merchant_of_venice:4.0                  
511  merchant_of_venice:1.6                  
511  merchant_of_venice:1.8                  
512  merchant_of_venice:2.0                  
513  merchant_of_venice:2.1                  
514  merchant_of_venice:2.2                  
515  merchant_of_venice:2.3                  
516  merchant_of_venice:3.0                  
517  merchant_of_venice:3.1                  
518  henry_viii:0.0                          
519  henry_viii:0.1                          
520  henry_viii:0.2                          
521  henry_viii:0.3                          
522  henry_viii:1.0                          
523  henry_viii:1.1                          
523  henry_viii:2.1                          
523  henry_viii:4.2                          
524  henry_viii:1.2                          
525  henry_viii:1.3                          
526  henry_viii:2.0                          
527  henry_viii:3.0                          
528  henry_viii:3.1                          
529  henry_viii:4.0                          
530  henry_viii:4.1                          
531  henry_viii:4.3                          
532  henry_viii:4.4                          
533  midsummer_nights_dream:0.0              
534  midsummer_nights_dream:0.1              
534  midsummer_nights_dream:2.0              
534  midsummer_nights_dream:3.1              
535  midsummer_nights_dream:1.0              
536  midsummer_nights_dream:1.1              
536  midsummer_nights_dream:2.1              
536  midsummer_nights_dream:3.0              
537  midsummer_nights_dream:4.0              
538  as_you_like_it:0.0                      
539  as_you_like_it:0.1                      
539  as_you_like_it:0.2                      
540  as_you_like_it:1.0                      
541  as_you_like_it:1.1                      
542  as_you_like_it:1.2                      
543  as_you_like_it:1.3                      
544  as_you_like_it:1.4                      
545  as_you_like_it:1.5                      
546  as_you_like_it:1.6                      
547  as_you_like_it:2.0                      
548  as_you_like_it:2.1                      
549  as_you_like_it:2.2                      
550  as_you_like_it:2.3                      
551  as_you_like_it:2.4                      
552  as_you_like_it:3.0                      
553  as_you_like_it:3.1                      
554  as_you_like_it:3.2                      
554  as_you_like_it:4.1                      
555  as_you_like_it:4.0                      
556  as_you_like_it:4.2                      
557  as_you_like_it:4.3                      
558  troilus_and_cressida:0.0                
559  troilus_and_cressida:0.1                
560  troilus_and_cressida:0.2                
561  troilus_and_cressida:1.0                
562  troilus_and_cressida:1.1                
563  troilus_and_cressida:1.2                
564  troilus_and_cressida:2.0                
565  troilus_and_cressida:2.1                
566  troilus_and_cressida:2.2                
567  troilus_and_cressida:3.0                
568  troilus_and_cressida:3.1                
568  troilus_and_cressida:3.2                
568  troilus_and_cressida:3.3                
569  troilus_and_cressida:3.4                
570  troilus_and_cressida:4.0                
571  troilus_and_cressida:4.1                
572  troilus_and_cressida:4.2                
573  troilus_and_cressida:4.3                
574  troilus_and_cressida:4.4                
575  troilus_and_cressida:4.5                
576  troilus_and_cressida:4.6                
577  troilus_and_cressida:4.7                
578  troilus_and_cressida:4.8                
579  troilus_and_cressida:4.9                
580  henry_v:0.0                             
581  henry_v:0.1                             
582  henry_v:1.0                             
583  henry_v:1.1                             
584  henry_v:1.2                             
585  henry_v:1.3                             
586  henry_v:2.0                             
587  henry_v:2.1                             
588  henry_v:2.2                             
589  henry_v:2.3                             
590  henry_v:2.4                             
591  henry_v:2.5                             
592  henry_v:2.6                             
593  henry_v:3.0                             
594  henry_v:3.1                             
595  henry_v:3.2                             
596  henry_v:3.3                             
597  henry_v:3.4                             
598  henry_v:3.5                             
599  henry_v:3.6                             
600  henry_v:3.7                             
601  henry_v:4.0                             
602  henry_v:4.1                             
603  life_and_death_of_king_john:0.0         
604  life_and_death_of_king_john:1.0         
605  life_and_death_of_king_john:2.0         
606  life_and_death_of_king_john:2.1         
607  life_and_death_of_king_john:2.2         
608  life_and_death_of_king_john:2.3         
609  life_and_death_of_king_john:3.0         
610  life_and_death_of_king_john:3.1         
611  life_and_death_of_king_john:3.2         
612  life_and_death_of_king_john:4.0         
613  life_and_death_of_king_john:4.1         
614  life_and_death_of_king_john:4.2         
615  life_and_death_of_king_john:4.3         
616  life_and_death_of_king_john:4.4         
617  life_and_death_of_king_john:4.5         
618  life_and_death_of_king_john:4.6         
619  timon_of_athens:0.0                     
620  timon_of_athens:0.1                     
621  timon_of_athens:1.0                     
622  timon_of_athens:1.1                     
623  timon_of_athens:2.0                     
624  timon_of_athens:2.1                     
625  timon_of_athens:2.2                     
626  timon_of_athens:2.3                     
627  timon_of_athens:2.4                     
628  timon_of_athens:2.5                     
629  timon_of_athens:3.0                     
630  timon_of_athens:3.1                     
631  timon_of_athens:3.2                     
632  timon_of_athens:4.0                     
633  timon_of_athens:4.1                     
634  timon_of_athens:4.2                     
635  timon_of_athens:4.3                     
