0    othello:0.0                             
1    othello:0.1                             
2    othello:0.2                             
3    othello:1.0                             
4    othello:1.1                             
5    othello:1.2                             
6    othello:2.0                             
7    othello:2.1                             
8    othello:2.2                             
9    othello:2.3                             
10   othello:3.0                             
11   othello:3.1                             
12   othello:3.2                             
13   othello:4.0                             
13   othello:4.1                             
14   henry_iv_part_ii:0.0                    
15   henry_iv_part_ii:0.1                    
16   henry_iv_part_ii:0.2                    
17   henry_iv_part_ii:1.0                    
18   henry_iv_part_ii:1.1                    
19   henry_iv_part_ii:1.2                    
20   henry_iv_part_ii:1.3                    
21   henry_iv_part_ii:2.0                    
22   henry_iv_part_ii:2.1                    
23   henry_iv_part_ii:3.0                    
24   henry_iv_part_ii:3.1                    
25   henry_iv_part_ii:3.2                    
26   henry_iv_part_ii:3.3                    
27   henry_iv_part_ii:3.4                    
28   henry_iv_part_ii:4.0                    
29   henry_iv_part_ii:4.1                    
30   henry_iv_part_ii:4.2                    
31   henry_iv_part_ii:4.3                    
32   henry_iv_part_ii:4.4                    
33   richard_ii:0.0                          
34   richard_ii:0.1                          
35   richard_ii:0.2                          
36   richard_ii:0.3                          
37   richard_ii:1.0                          
38   richard_ii:1.1                          
39   richard_ii:1.2                          
40   richard_ii:1.3                          
41   richard_ii:2.0                          
42   richard_ii:2.1                          
43   richard_ii:2.2                          
44   richard_ii:2.3                          
45   richard_ii:3.0                          
46   richard_ii:4.0                          
47   richard_ii:4.1                          
48   richard_ii:4.2                          
49   richard_ii:4.3                          
50   richard_ii:4.4                          
51   richard_ii:4.5                          
52   henry_vi_part_2:0.0                     
53   henry_vi_part_2:0.1                     
54   henry_vi_part_2:0.2                     
55   henry_vi_part_2:0.3                     
56   henry_vi_part_2:1.0                     
57   henry_vi_part_2:1.1                     
58   henry_vi_part_2:1.2                     
59   henry_vi_part_2:1.3                     
60   henry_vi_part_2:2.0                     
61   henry_vi_part_2:2.1                     
62   henry_vi_part_2:2.2                     
63   henry_vi_part_2:3.0                     
64   henry_vi_part_2:3.1                     
65   henry_vi_part_2:3.2                     
66   henry_vi_part_2:3.3                     
67   henry_vi_part_2:3.4                     
68   henry_vi_part_2:3.5                     
69   henry_vi_part_2:3.6                     
70   henry_vi_part_2:3.7                     
71   henry_vi_part_2:3.8                     
72   henry_vi_part_2:3.9                     
73   henry_vi_part_2:4.0                     
74   henry_vi_part_2:4.1                     
75   henry_vi_part_2:4.2                     
76   merry_wives_of_windsor:0.0              
77   merry_wives_of_windsor:0.1              
78   merry_wives_of_windsor:0.2              
79   merry_wives_of_windsor:0.3              
80   merry_wives_of_windsor:1.0              
81   merry_wives_of_windsor:1.1              
82   merry_wives_of_windsor:1.2              
83   merry_wives_of_windsor:2.0              
84   merry_wives_of_windsor:2.1              
85   merry_wives_of_windsor:2.2              
86   merry_wives_of_windsor:2.3              
87   merry_wives_of_windsor:2.4              
88   merry_wives_of_windsor:3.0              
89   merry_wives_of_windsor:3.1              
90   merry_wives_of_windsor:3.2              
91   merry_wives_of_windsor:3.3              
92   merry_wives_of_windsor:3.4              
93   merry_wives_of_windsor:3.5              
94   merry_wives_of_windsor:4.0              
95   merry_wives_of_windsor:4.1              
96   merry_wives_of_windsor:4.2              
97   merry_wives_of_windsor:4.3              
98   merry_wives_of_windsor:4.4              
99   richard_iii:0.0                         
100  richard_iii:0.1                         
101  richard_iii:0.2                         
102  richard_iii:0.3                         
103  richard_iii:1.0                         
104  richard_iii:1.1                         
105  richard_iii:1.2                         
106  richard_iii:1.3                         
107  richard_iii:2.0                         
108  richard_iii:2.1                         
109  richard_iii:2.2                         
110  richard_iii:2.3                         
111  richard_iii:2.4                         
112  richard_iii:2.5                         
113  richard_iii:2.6                         
114  richard_iii:3.0                         
115  richard_iii:3.1                         
116  richard_iii:3.2                         
117  richard_iii:3.3                         
118  richard_iii:3.4                         
119  richard_iii:4.0                         
120  richard_iii:4.1                         
121  richard_iii:4.2                         
122  richard_iii:4.3                         
123  richard_iii:4.4                         
124  hamlet:0.0                              
125  hamlet:0.1                              
126  hamlet:0.2                              
127  hamlet:0.3                              
128  hamlet:0.4                              
129  hamlet:1.0                              
130  hamlet:1.1                              
131  hamlet:2.0                              
132  hamlet:2.1                              
133  hamlet:2.2                              
134  hamlet:2.3                              
135  hamlet:3.0                              
136  hamlet:3.1                              
137  hamlet:3.2                              
138  hamlet:3.3                              
139  hamlet:3.4                              
140  hamlet:3.5                              
141  hamlet:3.6                              
142  hamlet:4.0                              
143  hamlet:4.1                              
144  henry_iv_part_i:0.0                     
145  henry_iv_part_i:0.1                     
146  henry_iv_part_i:0.2                     
147  henry_iv_part_i:1.0                     
148  henry_iv_part_i:1.1                     
149  henry_iv_part_i:1.2                     
150  henry_iv_part_i:1.3                     
151  henry_iv_part_i:2.0                     
152  henry_iv_part_i:2.1                     
153  henry_iv_part_i:2.2                     
154  henry_iv_part_i:3.0                     
155  henry_iv_part_i:3.1                     
156  henry_iv_part_i:3.2                     
157  henry_iv_part_i:3.3                     
158  henry_iv_part_i:4.0                     
159  henry_iv_part_i:4.1                     
160  henry_iv_part_i:4.2                     
161  henry_iv_part_i:4.3                     
162  henry_iv_part_i:4.4                     
163  henry_vi_part_1:0.0                     
164  henry_vi_part_1:0.1                     
165  henry_vi_part_1:0.2                     
166  henry_vi_part_1:0.3                     
167  henry_vi_part_1:0.4                     
168  henry_vi_part_1:0.5                     
169  henry_vi_part_1:1.0                     
170  henry_vi_part_1:1.1                     
171  henry_vi_part_1:1.2                     
172  henry_vi_part_1:1.3                     
173  henry_vi_part_1:1.4                     
174  henry_vi_part_1:2.0                     
175  henry_vi_part_1:2.1                     
176  henry_vi_part_1:2.2                     
177  henry_vi_part_1:2.3                     
178  henry_vi_part_1:3.0                     
179  henry_vi_part_1:3.1                     
180  henry_vi_part_1:3.2                     
181  henry_vi_part_1:3.3                     
182  henry_vi_part_1:3.4                     
183  henry_vi_part_1:3.5                     
184  henry_vi_part_1:3.6                     
185  henry_vi_part_1:4.0                     
186  henry_vi_part_1:4.1                     
187  henry_vi_part_1:4.2                     
188  henry_vi_part_1:4.3                     
189  henry_vi_part_1:4.4                     
190  taming_of_the_shrew:0.0                 
191  taming_of_the_shrew:0.1                 
192  taming_of_the_shrew:1.0                 
193  taming_of_the_shrew:2.0                 
194  taming_of_the_shrew:2.1                 
195  taming_of_the_shrew:3.0                 
196  taming_of_the_shrew:3.1                 
196  taming_of_the_shrew:3.3                 
196  taming_of_the_shrew:4.0                 
196  taming_of_the_shrew:4.1                 
197  taming_of_the_shrew:3.2                 
198  taming_of_the_shrew:3.4                 
199  alls_well_that_ends_well:0.0            
200  alls_well_that_ends_well:0.1            
201  alls_well_that_ends_well:0.2            
202  alls_well_that_ends_well:1.0            
203  alls_well_that_ends_well:1.1            
204  alls_well_that_ends_well:1.2            
205  alls_well_that_ends_well:1.3            
206  alls_well_that_ends_well:1.4            
207  alls_well_that_ends_well:2.0            
208  alls_well_that_ends_well:2.1            
209  alls_well_that_ends_well:2.2            
210  alls_well_that_ends_well:2.3            
211  alls_well_that_ends_well:2.4            
212  alls_well_that_ends_well:2.5            
213  alls_well_that_ends_well:2.6            
214  alls_well_that_ends_well:3.0            
215  alls_well_that_ends_well:3.1            
216  alls_well_that_ends_well:3.2            
217  alls_well_that_ends_well:3.3            
218  alls_well_that_ends_well:3.4            
219  alls_well_that_ends_well:4.0            
220  alls_well_that_ends_well:4.1            
221  alls_well_that_ends_well:4.2            
222  loves_labors_lost:0.0                   
223  loves_labors_lost:0.1                   
224  loves_labors_lost:1.0                   
225  loves_labors_lost:2.0                   
226  loves_labors_lost:3.0                   
227  loves_labors_lost:3.1                   
228  loves_labors_lost:3.2                   
229  loves_labors_lost:4.0                   
230  loves_labors_lost:4.1                   
231  henry_vi_part_3:0.0                     
232  henry_vi_part_3:0.1                     
233  henry_vi_part_3:0.2                     
234  henry_vi_part_3:0.3                     
235  henry_vi_part_3:1.0                     
236  henry_vi_part_3:1.1                     
237  henry_vi_part_3:1.2                     
238  henry_vi_part_3:1.3                     
239  henry_vi_part_3:1.4                     
240  henry_vi_part_3:1.5                     
241  henry_vi_part_3:2.0                     
242  henry_vi_part_3:2.1                     
243  henry_vi_part_3:2.2                     
244  henry_vi_part_3:3.0                     
245  henry_vi_part_3:3.1                     
246  henry_vi_part_3:3.2                     
247  henry_vi_part_3:3.3                     
248  henry_vi_part_3:3.4                     
249  henry_vi_part_3:3.5                     
250  henry_vi_part_3:3.6                     
251  henry_vi_part_3:3.7                     
252  henry_vi_part_3:4.0                     
253  henry_vi_part_3:4.1                     
254  henry_vi_part_3:4.2                     
255  henry_vi_part_3:4.3                     
256  henry_vi_part_3:4.4                     
257  henry_vi_part_3:4.5                     
258  henry_vi_part_3:4.6                     
259  romeo_and_juliet:0.0                    
260  romeo_and_juliet:0.1                    
261  romeo_and_juliet:0.2                    
262  romeo_and_juliet:0.3                    
263  romeo_and_juliet:0.4                    
264  romeo_and_juliet:1.0                    
265  romeo_and_juliet:1.1                    
266  romeo_and_juliet:1.2                    
267  romeo_and_juliet:1.3                    
268  romeo_and_juliet:1.4                    
269  romeo_and_juliet:1.5                    
270  romeo_and_juliet:2.0                    
271  romeo_and_juliet:2.1                    
272  romeo_and_juliet:2.2                    
273  romeo_and_juliet:2.3                    
274  romeo_and_juliet:2.4                    
275  romeo_and_juliet:3.0                    
276  romeo_and_juliet:3.1                    
277  romeo_and_juliet:3.2                    
278  romeo_and_juliet:3.3                    
279  romeo_and_juliet:3.4                    
280  romeo_and_juliet:4.0                    
281  romeo_and_juliet:4.1                    
282  romeo_and_juliet:4.2                    
283  titus_andronicus:0.0                    
284  titus_andronicus:1.0                    
285  titus_andronicus:1.1                    
286  titus_andronicus:1.2                    
287  titus_andronicus:1.3                    
288  titus_andronicus:2.0                    
289  titus_andronicus:2.1                    
290  titus_andronicus:3.0                    
291  titus_andronicus:3.1                    
292  titus_andronicus:3.2                    
293  titus_andronicus:3.3                    
294  titus_andronicus:4.0                    
295  titus_andronicus:4.1                    
296  titus_andronicus:4.2                    
297  macbeth:0.0                             
298  macbeth:0.1                             
299  macbeth:0.2                             
300  macbeth:0.3                             
301  macbeth:0.4                             
302  macbeth:0.5                             
303  macbeth:0.6                             
304  macbeth:1.0                             
305  macbeth:1.1                             
306  macbeth:1.2                             
307  macbeth:1.3                             
308  macbeth:2.0                             
309  macbeth:2.1                             
310  macbeth:2.2                             
311  macbeth:2.3                             
312  macbeth:2.4                             
313  macbeth:2.5                             
314  macbeth:3.0                             
315  macbeth:3.1                             
316  macbeth:3.2                             
317  macbeth:4.0                             
318  macbeth:4.1                             
318  macbeth:4.3                             
319  macbeth:4.2                             
320  macbeth:4.4                             
321  macbeth:4.5                             
322  macbeth:4.6                             
323  macbeth:4.7                             
324  coriolanus:0.0                          
325  coriolanus:0.1                          
326  coriolanus:0.2                          
327  coriolanus:0.3                          
328  coriolanus:0.4                          
329  coriolanus:0.5                          
330  coriolanus:0.6                          
331  coriolanus:0.7                          
332  coriolanus:0.8                          
333  coriolanus:0.9                          
334  coriolanus:1.0                          
335  coriolanus:1.1                          
336  coriolanus:1.2                          
337  coriolanus:2.0                          
337  coriolanus:2.2                          
337  coriolanus:3.5                          
338  coriolanus:2.1                          
339  coriolanus:3.0                          
340  coriolanus:3.1                          
341  coriolanus:3.2                          
342  coriolanus:3.3                          
343  coriolanus:3.4                          
344  coriolanus:3.6                          
345  coriolanus:4.0                          
346  coriolanus:4.1                          
347  coriolanus:4.2                          
348  coriolanus:4.3                          
349  coriolanus:4.4                          
350  coriolanus:4.5                          
351  julius_caesar:0.0                       
352  julius_caesar:0.1                       
353  julius_caesar:0.2                       
354  julius_caesar:1.0                       
355  julius_caesar:1.1                       
356  julius_caesar:1.2                       
357  julius_caesar:1.3                       
358  julius_caesar:2.0                       
359  julius_caesar:2.1                       
360  julius_caesar:2.2                       
361  julius_caesar:3.0                       
362  julius_caesar:3.1                       
362  julius_caesar:4.2                       
363  julius_caesar:3.2                       
364  julius_caesar:4.0                       
365  julius_caesar:4.1                       
366  julius_caesar:4.3                       
367  julius_caesar:4.4                       
368  comedy_of_errors:0.0                    
369  comedy_of_errors:0.1                    
370  comedy_of_errors:1.0                    
371  comedy_of_errors:1.1                    
372  comedy_of_errors:2.0                    
373  comedy_of_errors:2.1                    
374  comedy_of_errors:3.0                    
374  comedy_of_errors:3.3                    
374  comedy_of_errors:4.0                    
375  comedy_of_errors:3.1                    
376  comedy_of_errors:3.2                    
377  much_ado_about_nothing:0.0              
377  much_ado_about_nothing:1.0              
377  much_ado_about_nothing:1.2              
377  much_ado_about_nothing:2.1              
377  much_ado_about_nothing:3.0              
377  much_ado_about_nothing:4.0              
377  much_ado_about_nothing:4.1              
377  much_ado_about_nothing:4.3              
378  much_ado_about_nothing:0.1              
379  much_ado_about_nothing:0.2              
380  much_ado_about_nothing:1.1              
381  much_ado_about_nothing:2.0              
382  much_ado_about_nothing:2.2              
382  much_ado_about_nothing:3.1              
383  much_ado_about_nothing:2.3              
384  much_ado_about_nothing:2.4              
385  much_ado_about_nothing:4.2              
386  twelfth_night:0.0                       
387  twelfth_night:0.1                       
388  twelfth_night:0.2                       
389  twelfth_night:0.3                       
390  twelfth_night:0.4                       
391  twelfth_night:1.0                       
392  twelfth_night:1.1                       
393  twelfth_night:1.2                       
394  twelfth_night:1.3                       
395  twelfth_night:1.4                       
396  twelfth_night:2.0                       
397  twelfth_night:2.1                       
398  twelfth_night:2.2                       
399  twelfth_night:2.3                       
400  twelfth_night:3.0                       
401  twelfth_night:3.1                       
402  twelfth_night:3.2                       
403  twelfth_night:4.0                       
404  lear:0.0                                
405  lear:0.1                                
406  lear:0.2                                
407  lear:0.3                                
408  lear:0.4                                
409  lear:1.0                                
410  lear:1.1                                
411  lear:1.2                                
412  lear:1.3                                
413  lear:2.0                                
414  lear:2.1                                
415  lear:2.2                                
416  lear:2.3                                
417  lear:2.4                                
418  lear:2.5                                
419  lear:2.6                                
420  lear:3.0                                
421  lear:3.1                                
422  lear:3.2                                
423  lear:3.3                                
424  lear:3.4                                
425  lear:3.5                                
426  lear:3.6                                
427  lear:4.0                                
428  lear:4.1                                
429  lear:4.2                                
430  cymbeline:0.0                           
431  cymbeline:0.1                           
432  cymbeline:0.2                           
433  cymbeline:0.3                           
434  cymbeline:0.4                           
435  cymbeline:0.5                           
436  cymbeline:1.0                           
437  cymbeline:1.1                           
438  cymbeline:1.2                           
439  cymbeline:1.3                           
440  cymbeline:1.4                           
441  cymbeline:2.0                           
442  cymbeline:2.1                           
443  cymbeline:2.2                           
444  cymbeline:2.3                           
445  cymbeline:2.4                           
446  cymbeline:2.5                           
447  cymbeline:2.6                           
448  cymbeline:3.0                           
449  cymbeline:3.1                           
450  cymbeline:3.2                           
451  cymbeline:3.3                           
452  cymbeline:4.0                           
453  cymbeline:4.1                           
454  cymbeline:4.2                           
455  cymbeline:4.3                           
456  cymbeline:4.4                           
457  measure_for_measure:0.0                 
458  measure_for_measure:0.1                 
459  measure_for_measure:0.2                 
460  measure_for_measure:0.3                 
461  measure_for_measure:1.0                 
462  measure_for_measure:1.1                 
463  measure_for_measure:1.2                 
464  measure_for_measure:1.3                 
465  measure_for_measure:2.0                 
466  measure_for_measure:2.1                 
467  measure_for_measure:3.0                 
468  measure_for_measure:3.1                 
469  measure_for_measure:3.2                 
470  measure_for_measure:3.3                 
471  measure_for_measure:3.4                 
472  measure_for_measure:3.5                 
473  measure_for_measure:4.0                 
474  pericles:0.0                            
475  pericles:0.1                            
476  pericles:0.2                            
477  pericles:0.3                            
478  pericles:1.0                            
479  pericles:1.1                            
480  pericles:1.2                            
480  pericles:1.4                            
481  pericles:1.3                            
482  pericles:2.0                            
483  pericles:2.1                            
484  pericles:2.2                            
485  pericles:2.3                            
486  pericles:3.0                            
487  pericles:3.1                            
488  pericles:3.2                            
489  pericles:3.3                            
490  pericles:3.4                            
491  pericles:3.5                            
492  pericles:4.0                            
493  pericles:4.1                            
494  pericles:4.2                            
495  winters_tale:0.0                        
496  winters_tale:0.1                        
497  winters_tale:1.0                        
498  winters_tale:1.1                        
499  winters_tale:1.2                        
500  winters_tale:2.0                        
501  winters_tale:2.1                        
502  winters_tale:2.2                        
503  winters_tale:3.0                        
504  winters_tale:3.1                        
505  winters_tale:3.2                        
506  winters_tale:3.3                        
507  winters_tale:4.0                        
508  winters_tale:4.1                        
509  winters_tale:4.2                        
510  antony_and_cleopatra:0.0                
511  antony_and_cleopatra:0.1                
512  antony_and_cleopatra:0.2                
513  antony_and_cleopatra:0.3                
514  antony_and_cleopatra:0.4                
515  antony_and_cleopatra:1.0                
516  antony_and_cleopatra:1.1                
517  antony_and_cleopatra:1.2                
518  antony_and_cleopatra:1.3                
519  antony_and_cleopatra:1.4                
520  antony_and_cleopatra:1.5                
520  antony_and_cleopatra:1.6                
520  antony_and_cleopatra:2.1                
520  antony_and_cleopatra:2.4                
520  antony_and_cleopatra:3.5                
521  antony_and_cleopatra:2.0                
522  antony_and_cleopatra:2.2                
523  antony_and_cleopatra:2.3                
524  antony_and_cleopatra:2.5                
525  antony_and_cleopatra:2.6                
526  antony_and_cleopatra:2.7                
527  antony_and_cleopatra:2.8                
528  antony_and_cleopatra:2.9                
529  antony_and_cleopatra:2.10               
530  antony_and_cleopatra:2.11               
531  antony_and_cleopatra:2.12               
532  antony_and_cleopatra:3.0                
533  antony_and_cleopatra:3.1                
534  antony_and_cleopatra:3.2                
535  antony_and_cleopatra:3.3                
536  antony_and_cleopatra:3.4                
537  antony_and_cleopatra:3.6                
538  antony_and_cleopatra:3.7                
539  antony_and_cleopatra:3.8                
540  antony_and_cleopatra:3.9                
541  antony_and_cleopatra:3.10               
542  antony_and_cleopatra:3.11               
543  antony_and_cleopatra:3.12               
544  antony_and_cleopatra:3.13               
545  antony_and_cleopatra:3.14               
546  antony_and_cleopatra:4.0                
547  antony_and_cleopatra:4.1                
548  tempest:0.0                             
549  tempest:0.1                             
550  tempest:1.0                             
551  tempest:1.1                             
551  tempest:2.1                             
552  tempest:2.0                             
553  tempest:2.2                             
554  tempest:3.0                             
555  tempest:4.0                             
556  two_gentlemen_of_verona:0.0             
557  two_gentlemen_of_verona:0.1             
558  two_gentlemen_of_verona:0.2             
559  two_gentlemen_of_verona:1.0             
560  two_gentlemen_of_verona:1.1             
561  two_gentlemen_of_verona:1.2             
562  two_gentlemen_of_verona:1.3             
563  two_gentlemen_of_verona:1.4             
564  two_gentlemen_of_verona:1.5             
565  two_gentlemen_of_verona:1.6             
566  two_gentlemen_of_verona:2.0             
567  two_gentlemen_of_verona:2.1             
568  two_gentlemen_of_verona:3.0             
569  two_gentlemen_of_verona:3.1             
569  two_gentlemen_of_verona:4.1             
569  two_gentlemen_of_verona:4.3             
570  two_gentlemen_of_verona:3.2             
570  two_gentlemen_of_verona:4.0             
571  two_gentlemen_of_verona:3.3             
572  two_gentlemen_of_verona:4.2             
573  merchant_of_venice:0.0                  
574  merchant_of_venice:0.1                  
575  merchant_of_venice:0.2                  
576  merchant_of_venice:1.0                  
577  merchant_of_venice:1.1                  
578  merchant_of_venice:1.2                  
578  merchant_of_venice:2.4                  
579  merchant_of_venice:1.3                  
580  merchant_of_venice:1.4                  
581  merchant_of_venice:1.5                  
582  merchant_of_venice:1.6                  
583  merchant_of_venice:1.7                  
584  merchant_of_venice:1.8                  
585  merchant_of_venice:2.0                  
586  merchant_of_venice:2.1                  
587  merchant_of_venice:2.2                  
588  merchant_of_venice:2.3                  
589  merchant_of_venice:3.0                  
590  merchant_of_venice:3.1                  
591  merchant_of_venice:4.0                  
592  henry_viii:0.0                          
593  henry_viii:0.1                          
594  henry_viii:0.2                          
595  henry_viii:0.3                          
596  henry_viii:1.0                          
597  henry_viii:1.1                          
598  henry_viii:1.2                          
599  henry_viii:1.3                          
600  henry_viii:2.0                          
601  henry_viii:2.1                          
602  henry_viii:3.0                          
603  henry_viii:3.1                          
604  henry_viii:4.0                          
605  henry_viii:4.1                          
606  henry_viii:4.2                          
607  henry_viii:4.3                          
608  henry_viii:4.4                          
609  midsummer_nights_dream:0.0              
610  midsummer_nights_dream:0.1              
610  midsummer_nights_dream:3.1              
611  midsummer_nights_dream:1.0              
612  midsummer_nights_dream:1.1              
613  midsummer_nights_dream:2.0              
614  midsummer_nights_dream:2.1              
615  midsummer_nights_dream:3.0              
616  midsummer_nights_dream:4.0              
617  as_you_like_it:0.0                      
618  as_you_like_it:0.1                      
619  as_you_like_it:0.2                      
620  as_you_like_it:1.0                      
621  as_you_like_it:1.1                      
622  as_you_like_it:1.2                      
623  as_you_like_it:1.3                      
624  as_you_like_it:1.4                      
625  as_you_like_it:1.5                      
626  as_you_like_it:1.6                      
627  as_you_like_it:2.0                      
628  as_you_like_it:2.1                      
629  as_you_like_it:2.2                      
630  as_you_like_it:2.3                      
631  as_you_like_it:2.4                      
632  as_you_like_it:3.0                      
633  as_you_like_it:3.1                      
634  as_you_like_it:3.2                      
635  as_you_like_it:4.0                      
636  as_you_like_it:4.1                      
637  as_you_like_it:4.2                      
638  as_you_like_it:4.3                      
639  troilus_and_cressida:0.0                
640  troilus_and_cressida:0.1                
641  troilus_and_cressida:0.2                
642  troilus_and_cressida:1.0                
643  troilus_and_cressida:1.1                
644  troilus_and_cressida:1.2                
645  troilus_and_cressida:2.0                
646  troilus_and_cressida:2.1                
647  troilus_and_cressida:2.2                
648  troilus_and_cressida:3.0                
649  troilus_and_cressida:3.1                
650  troilus_and_cressida:3.2                
651  troilus_and_cressida:3.3                
652  troilus_and_cressida:3.4                
653  troilus_and_cressida:4.0                
654  troilus_and_cressida:4.1                
655  troilus_and_cressida:4.2                
656  troilus_and_cressida:4.3                
657  troilus_and_cressida:4.4                
658  troilus_and_cressida:4.5                
659  troilus_and_cressida:4.6                
660  troilus_and_cressida:4.7                
661  troilus_and_cressida:4.8                
662  troilus_and_cressida:4.9                
663  henry_v:0.0                             
664  henry_v:0.1                             
665  henry_v:1.0                             
666  henry_v:1.1                             
667  henry_v:1.2                             
668  henry_v:1.3                             
669  henry_v:2.0                             
670  henry_v:2.1                             
671  henry_v:2.2                             
672  henry_v:2.3                             
673  henry_v:2.4                             
674  henry_v:2.5                             
675  henry_v:2.6                             
676  henry_v:3.0                             
677  henry_v:3.1                             
678  henry_v:3.2                             
679  henry_v:3.3                             
680  henry_v:3.4                             
681  henry_v:3.5                             
682  henry_v:3.6                             
683  henry_v:3.7                             
684  henry_v:4.0                             
685  henry_v:4.1                             
686  life_and_death_of_king_john:0.0         
687  life_and_death_of_king_john:1.0         
688  life_and_death_of_king_john:2.0         
689  life_and_death_of_king_john:2.1         
690  life_and_death_of_king_john:2.2         
691  life_and_death_of_king_john:2.3         
692  life_and_death_of_king_john:3.0         
693  life_and_death_of_king_john:3.1         
694  life_and_death_of_king_john:3.2         
695  life_and_death_of_king_john:4.0         
696  life_and_death_of_king_john:4.1         
697  life_and_death_of_king_john:4.2         
698  life_and_death_of_king_john:4.3         
699  life_and_death_of_king_john:4.4         
700  life_and_death_of_king_john:4.5         
701  life_and_death_of_king_john:4.6         
702  timon_of_athens:0.0                     
703  timon_of_athens:0.1                     
704  timon_of_athens:1.0                     
705  timon_of_athens:1.1                     
706  timon_of_athens:2.0                     
707  timon_of_athens:2.1                     
708  timon_of_athens:2.2                     
709  timon_of_athens:2.3                     
710  timon_of_athens:2.4                     
711  timon_of_athens:2.5                     
712  timon_of_athens:3.0                     
713  timon_of_athens:3.1                     
714  timon_of_athens:3.2                     
715  timon_of_athens:4.0                     
716  timon_of_athens:4.1                     
717  timon_of_athens:4.2                     
718  timon_of_athens:4.3                     
