0    othello:0.0                             
1    othello:0.1                             
2    othello:0.2                             
3    othello:1.0                             
4    othello:1.1                             
5    othello:1.2                             
6    othello:2.0                             
7    othello:2.1                             
8    othello:2.2                             
9    othello:2.3                             
10   othello:3.0                             
11   othello:3.1                             
12   othello:3.2                             
13   othello:4.0                             
14   othello:4.1                             
15   henry_iv_part_ii:0.0                    
16   henry_iv_part_ii:0.1                    
17   henry_iv_part_ii:0.2                    
18   henry_iv_part_ii:1.0                    
19   henry_iv_part_ii:1.1                    
20   henry_iv_part_ii:1.2                    
21   henry_iv_part_ii:1.3                    
22   henry_iv_part_ii:2.0                    
23   henry_iv_part_ii:2.1                    
24   henry_iv_part_ii:3.0                    
25   henry_iv_part_ii:3.1                    
26   henry_iv_part_ii:3.2                    
27   henry_iv_part_ii:3.3                    
28   henry_iv_part_ii:3.4                    
29   henry_iv_part_ii:4.0                    
30   henry_iv_part_ii:4.1                    
31   henry_iv_part_ii:4.2                    
32   henry_iv_part_ii:4.3                    
33   henry_iv_part_ii:4.4                    
34   richard_ii:0.0                          
35   richard_ii:0.1                          
36   richard_ii:0.2                          
37   richard_ii:0.3                          
38   richard_ii:1.0                          
39   richard_ii:1.1                          
40   richard_ii:1.2                          
41   richard_ii:1.3                          
42   richard_ii:2.0                          
43   richard_ii:2.1                          
44   richard_ii:2.2                          
45   richard_ii:2.3                          
46   richard_ii:3.0                          
47   richard_ii:4.0                          
48   richard_ii:4.1                          
49   richard_ii:4.2                          
50   richard_ii:4.3                          
51   richard_ii:4.4                          
52   richard_ii:4.5                          
53   henry_vi_part_2:0.0                     
54   henry_vi_part_2:0.1                     
55   henry_vi_part_2:0.2                     
56   henry_vi_part_2:0.3                     
57   henry_vi_part_2:1.0                     
58   henry_vi_part_2:1.1                     
59   henry_vi_part_2:1.2                     
60   henry_vi_part_2:1.3                     
61   henry_vi_part_2:2.0                     
62   henry_vi_part_2:2.1                     
63   henry_vi_part_2:2.2                     
64   henry_vi_part_2:3.0                     
65   henry_vi_part_2:3.1                     
66   henry_vi_part_2:3.2                     
67   henry_vi_part_2:3.3                     
68   henry_vi_part_2:3.4                     
69   henry_vi_part_2:3.5                     
70   henry_vi_part_2:3.6                     
71   henry_vi_part_2:3.7                     
72   henry_vi_part_2:3.8                     
73   henry_vi_part_2:3.9                     
74   henry_vi_part_2:4.0                     
75   henry_vi_part_2:4.1                     
76   henry_vi_part_2:4.2                     
77   merry_wives_of_windsor:0.0              
78   merry_wives_of_windsor:0.1              
79   merry_wives_of_windsor:0.2              
80   merry_wives_of_windsor:0.3              
81   merry_wives_of_windsor:1.0              
82   merry_wives_of_windsor:1.1              
83   merry_wives_of_windsor:1.2              
84   merry_wives_of_windsor:2.0              
85   merry_wives_of_windsor:2.1              
86   merry_wives_of_windsor:2.2              
87   merry_wives_of_windsor:2.3              
88   merry_wives_of_windsor:2.4              
89   merry_wives_of_windsor:3.0              
90   merry_wives_of_windsor:3.1              
91   merry_wives_of_windsor:3.2              
92   merry_wives_of_windsor:3.3              
93   merry_wives_of_windsor:3.4              
94   merry_wives_of_windsor:3.5              
95   merry_wives_of_windsor:4.0              
96   merry_wives_of_windsor:4.1              
97   merry_wives_of_windsor:4.2              
98   merry_wives_of_windsor:4.3              
99   merry_wives_of_windsor:4.4              
100  richard_iii:0.0                         
101  richard_iii:0.1                         
102  richard_iii:0.2                         
103  richard_iii:0.3                         
104  richard_iii:1.0                         
105  richard_iii:1.1                         
106  richard_iii:1.2                         
107  richard_iii:1.3                         
108  richard_iii:2.0                         
109  richard_iii:2.1                         
110  richard_iii:2.2                         
111  richard_iii:2.3                         
112  richard_iii:2.4                         
113  richard_iii:2.5                         
114  richard_iii:2.6                         
115  richard_iii:3.0                         
116  richard_iii:3.1                         
117  richard_iii:3.2                         
118  richard_iii:3.3                         
119  richard_iii:3.4                         
120  richard_iii:4.0                         
121  richard_iii:4.1                         
122  richard_iii:4.2                         
123  richard_iii:4.3                         
124  richard_iii:4.4                         
125  hamlet:0.0                              
126  hamlet:0.1                              
127  hamlet:0.2                              
128  hamlet:0.3                              
129  hamlet:0.4                              
130  hamlet:1.0                              
131  hamlet:1.1                              
132  hamlet:2.0                              
133  hamlet:2.1                              
134  hamlet:2.2                              
135  hamlet:2.3                              
136  hamlet:3.0                              
137  hamlet:3.1                              
138  hamlet:3.2                              
139  hamlet:3.3                              
140  hamlet:3.4                              
141  hamlet:3.5                              
142  hamlet:3.6                              
143  hamlet:4.0                              
144  hamlet:4.1                              
145  henry_iv_part_i:0.0                     
146  henry_iv_part_i:0.1                     
147  henry_iv_part_i:0.2                     
148  henry_iv_part_i:1.0                     
149  henry_iv_part_i:1.1                     
150  henry_iv_part_i:1.2                     
151  henry_iv_part_i:1.3                     
152  henry_iv_part_i:2.0                     
153  henry_iv_part_i:2.1                     
154  henry_iv_part_i:2.2                     
155  henry_iv_part_i:3.0                     
156  henry_iv_part_i:3.1                     
157  henry_iv_part_i:3.2                     
158  henry_iv_part_i:3.3                     
159  henry_iv_part_i:4.0                     
160  henry_iv_part_i:4.1                     
161  henry_iv_part_i:4.2                     
162  henry_iv_part_i:4.3                     
163  henry_iv_part_i:4.4                     
164  henry_vi_part_1:0.0                     
165  henry_vi_part_1:0.1                     
166  henry_vi_part_1:0.2                     
167  henry_vi_part_1:0.3                     
168  henry_vi_part_1:0.4                     
169  henry_vi_part_1:0.5                     
170  henry_vi_part_1:1.0                     
171  henry_vi_part_1:1.1                     
172  henry_vi_part_1:1.2                     
173  henry_vi_part_1:1.3                     
174  henry_vi_part_1:1.4                     
175  henry_vi_part_1:2.0                     
176  henry_vi_part_1:2.1                     
177  henry_vi_part_1:2.2                     
178  henry_vi_part_1:2.3                     
179  henry_vi_part_1:3.0                     
180  henry_vi_part_1:3.1                     
181  henry_vi_part_1:3.2                     
182  henry_vi_part_1:3.3                     
183  henry_vi_part_1:3.4                     
184  henry_vi_part_1:3.5                     
185  henry_vi_part_1:3.6                     
186  henry_vi_part_1:4.0                     
187  henry_vi_part_1:4.1                     
188  henry_vi_part_1:4.2                     
189  henry_vi_part_1:4.3                     
190  henry_vi_part_1:4.4                     
191  taming_of_the_shrew:0.0                 
192  taming_of_the_shrew:0.1                 
193  taming_of_the_shrew:1.0                 
194  taming_of_the_shrew:2.0                 
195  taming_of_the_shrew:2.1                 
196  taming_of_the_shrew:3.0                 
197  taming_of_the_shrew:3.1                 
198  taming_of_the_shrew:3.2                 
199  taming_of_the_shrew:3.3                 
200  taming_of_the_shrew:3.4                 
201  taming_of_the_shrew:4.0                 
202  taming_of_the_shrew:4.1                 
203  alls_well_that_ends_well:0.0            
204  alls_well_that_ends_well:0.1            
205  alls_well_that_ends_well:0.2            
206  alls_well_that_ends_well:1.0            
207  alls_well_that_ends_well:1.1            
208  alls_well_that_ends_well:1.2            
209  alls_well_that_ends_well:1.3            
210  alls_well_that_ends_well:1.4            
211  alls_well_that_ends_well:2.0            
212  alls_well_that_ends_well:2.1            
213  alls_well_that_ends_well:2.2            
214  alls_well_that_ends_well:2.3            
215  alls_well_that_ends_well:2.4            
216  alls_well_that_ends_well:2.5            
217  alls_well_that_ends_well:2.6            
218  alls_well_that_ends_well:3.0            
219  alls_well_that_ends_well:3.1            
220  alls_well_that_ends_well:3.2            
221  alls_well_that_ends_well:3.3            
222  alls_well_that_ends_well:3.4            
223  alls_well_that_ends_well:4.0            
224  alls_well_that_ends_well:4.1            
225  alls_well_that_ends_well:4.2            
226  loves_labors_lost:0.0                   
227  loves_labors_lost:0.1                   
228  loves_labors_lost:1.0                   
229  loves_labors_lost:2.0                   
230  loves_labors_lost:3.0                   
231  loves_labors_lost:3.1                   
232  loves_labors_lost:3.2                   
233  loves_labors_lost:4.0                   
234  loves_labors_lost:4.1                   
235  henry_vi_part_3:0.0                     
236  henry_vi_part_3:0.1                     
237  henry_vi_part_3:0.2                     
238  henry_vi_part_3:0.3                     
239  henry_vi_part_3:1.0                     
240  henry_vi_part_3:1.1                     
241  henry_vi_part_3:1.2                     
242  henry_vi_part_3:1.3                     
243  henry_vi_part_3:1.4                     
244  henry_vi_part_3:1.5                     
245  henry_vi_part_3:2.0                     
246  henry_vi_part_3:2.1                     
247  henry_vi_part_3:2.2                     
248  henry_vi_part_3:3.0                     
249  henry_vi_part_3:3.1                     
250  henry_vi_part_3:3.2                     
251  henry_vi_part_3:3.3                     
252  henry_vi_part_3:3.4                     
253  henry_vi_part_3:3.5                     
254  henry_vi_part_3:3.6                     
255  henry_vi_part_3:3.7                     
256  henry_vi_part_3:4.0                     
257  henry_vi_part_3:4.1                     
258  henry_vi_part_3:4.2                     
259  henry_vi_part_3:4.3                     
260  henry_vi_part_3:4.4                     
261  henry_vi_part_3:4.5                     
262  henry_vi_part_3:4.6                     
263  romeo_and_juliet:0.0                    
264  romeo_and_juliet:0.1                    
265  romeo_and_juliet:0.2                    
266  romeo_and_juliet:0.3                    
267  romeo_and_juliet:0.4                    
268  romeo_and_juliet:1.0                    
269  romeo_and_juliet:1.1                    
270  romeo_and_juliet:1.2                    
271  romeo_and_juliet:1.3                    
272  romeo_and_juliet:1.4                    
273  romeo_and_juliet:1.5                    
274  romeo_and_juliet:2.0                    
275  romeo_and_juliet:2.1                    
276  romeo_and_juliet:2.2                    
277  romeo_and_juliet:2.3                    
278  romeo_and_juliet:2.4                    
279  romeo_and_juliet:3.0                    
280  romeo_and_juliet:3.1                    
281  romeo_and_juliet:3.2                    
282  romeo_and_juliet:3.3                    
283  romeo_and_juliet:3.4                    
284  romeo_and_juliet:4.0                    
285  romeo_and_juliet:4.1                    
286  romeo_and_juliet:4.2                    
287  titus_andronicus:0.0                    
288  titus_andronicus:1.0                    
289  titus_andronicus:1.1                    
290  titus_andronicus:1.2                    
291  titus_andronicus:1.3                    
292  titus_andronicus:2.0                    
293  titus_andronicus:2.1                    
294  titus_andronicus:3.0                    
295  titus_andronicus:3.1                    
296  titus_andronicus:3.2                    
297  titus_andronicus:3.3                    
298  titus_andronicus:4.0                    
299  titus_andronicus:4.1                    
300  titus_andronicus:4.2                    
301  macbeth:0.0                             
302  macbeth:0.1                             
303  macbeth:0.2                             
304  macbeth:0.3                             
305  macbeth:0.4                             
306  macbeth:0.5                             
307  macbeth:0.6                             
308  macbeth:1.0                             
309  macbeth:1.1                             
310  macbeth:1.2                             
311  macbeth:1.3                             
312  macbeth:2.0                             
313  macbeth:2.1                             
314  macbeth:2.2                             
315  macbeth:2.3                             
316  macbeth:2.4                             
317  macbeth:2.5                             
318  macbeth:3.0                             
319  macbeth:3.1                             
320  macbeth:3.2                             
321  macbeth:4.0                             
322  macbeth:4.1                             
323  macbeth:4.2                             
324  macbeth:4.3                             
325  macbeth:4.4                             
326  macbeth:4.5                             
327  macbeth:4.6                             
328  macbeth:4.7                             
329  coriolanus:0.0                          
330  coriolanus:0.1                          
331  coriolanus:0.2                          
332  coriolanus:0.3                          
333  coriolanus:0.4                          
334  coriolanus:0.5                          
335  coriolanus:0.6                          
336  coriolanus:0.7                          
337  coriolanus:0.8                          
338  coriolanus:0.9                          
339  coriolanus:1.0                          
340  coriolanus:1.1                          
341  coriolanus:1.2                          
342  coriolanus:2.0                          
343  coriolanus:2.1                          
344  coriolanus:2.2                          
345  coriolanus:3.0                          
346  coriolanus:3.1                          
347  coriolanus:3.2                          
348  coriolanus:3.3                          
349  coriolanus:3.4                          
350  coriolanus:3.5                          
351  coriolanus:3.6                          
352  coriolanus:4.0                          
353  coriolanus:4.1                          
354  coriolanus:4.2                          
355  coriolanus:4.3                          
356  coriolanus:4.4                          
357  coriolanus:4.5                          
358  julius_caesar:0.0                       
359  julius_caesar:0.1                       
360  julius_caesar:0.2                       
361  julius_caesar:1.0                       
362  julius_caesar:1.1                       
363  julius_caesar:1.2                       
364  julius_caesar:1.3                       
365  julius_caesar:2.0                       
366  julius_caesar:2.1                       
367  julius_caesar:2.2                       
368  julius_caesar:3.0                       
369  julius_caesar:3.1                       
370  julius_caesar:3.2                       
371  julius_caesar:4.0                       
372  julius_caesar:4.1                       
373  julius_caesar:4.2                       
374  julius_caesar:4.3                       
375  julius_caesar:4.4                       
376  comedy_of_errors:0.0                    
377  comedy_of_errors:0.1                    
378  comedy_of_errors:1.0                    
379  comedy_of_errors:1.1                    
380  comedy_of_errors:2.0                    
381  comedy_of_errors:2.1                    
382  comedy_of_errors:3.0                    
383  comedy_of_errors:3.1                    
384  comedy_of_errors:3.2                    
385  comedy_of_errors:3.3                    
386  comedy_of_errors:4.0                    
387  much_ado_about_nothing:0.0              
388  much_ado_about_nothing:0.1              
389  much_ado_about_nothing:0.2              
390  much_ado_about_nothing:1.0              
391  much_ado_about_nothing:1.1              
392  much_ado_about_nothing:1.2              
393  much_ado_about_nothing:2.0              
394  much_ado_about_nothing:2.1              
395  much_ado_about_nothing:2.2              
396  much_ado_about_nothing:2.3              
397  much_ado_about_nothing:2.4              
398  much_ado_about_nothing:3.0              
399  much_ado_about_nothing:3.1              
400  much_ado_about_nothing:4.0              
401  much_ado_about_nothing:4.1              
402  much_ado_about_nothing:4.2              
403  much_ado_about_nothing:4.3              
404  twelfth_night:0.0                       
405  twelfth_night:0.1                       
406  twelfth_night:0.2                       
407  twelfth_night:0.3                       
408  twelfth_night:0.4                       
409  twelfth_night:1.0                       
410  twelfth_night:1.1                       
411  twelfth_night:1.2                       
412  twelfth_night:1.3                       
413  twelfth_night:1.4                       
414  twelfth_night:2.0                       
415  twelfth_night:2.1                       
416  twelfth_night:2.2                       
417  twelfth_night:2.3                       
418  twelfth_night:3.0                       
419  twelfth_night:3.1                       
420  twelfth_night:3.2                       
421  twelfth_night:4.0                       
422  lear:0.0                                
423  lear:0.1                                
424  lear:0.2                                
425  lear:0.3                                
426  lear:0.4                                
427  lear:1.0                                
428  lear:1.1                                
429  lear:1.2                                
430  lear:1.3                                
431  lear:2.0                                
432  lear:2.1                                
433  lear:2.2                                
434  lear:2.3                                
435  lear:2.4                                
436  lear:2.5                                
437  lear:2.6                                
438  lear:3.0                                
439  lear:3.1                                
440  lear:3.2                                
441  lear:3.3                                
442  lear:3.4                                
443  lear:3.5                                
444  lear:3.6                                
445  lear:4.0                                
446  lear:4.1                                
447  lear:4.2                                
448  cymbeline:0.0                           
449  cymbeline:0.1                           
450  cymbeline:0.2                           
451  cymbeline:0.3                           
452  cymbeline:0.4                           
453  cymbeline:0.5                           
454  cymbeline:1.0                           
455  cymbeline:1.1                           
456  cymbeline:1.2                           
457  cymbeline:1.3                           
458  cymbeline:1.4                           
459  cymbeline:2.0                           
460  cymbeline:2.1                           
461  cymbeline:2.2                           
462  cymbeline:2.3                           
463  cymbeline:2.4                           
464  cymbeline:2.5                           
465  cymbeline:2.6                           
466  cymbeline:3.0                           
467  cymbeline:3.1                           
468  cymbeline:3.2                           
469  cymbeline:3.3                           
470  cymbeline:4.0                           
471  cymbeline:4.1                           
472  cymbeline:4.2                           
473  cymbeline:4.3                           
474  cymbeline:4.4                           
475  measure_for_measure:0.0                 
476  measure_for_measure:0.1                 
477  measure_for_measure:0.2                 
478  measure_for_measure:0.3                 
479  measure_for_measure:1.0                 
480  measure_for_measure:1.1                 
481  measure_for_measure:1.2                 
482  measure_for_measure:1.3                 
483  measure_for_measure:2.0                 
484  measure_for_measure:2.1                 
485  measure_for_measure:3.0                 
486  measure_for_measure:3.1                 
487  measure_for_measure:3.2                 
488  measure_for_measure:3.3                 
489  measure_for_measure:3.4                 
490  measure_for_measure:3.5                 
491  measure_for_measure:4.0                 
492  pericles:0.0                            
493  pericles:0.1                            
494  pericles:0.2                            
495  pericles:0.3                            
496  pericles:1.0                            
497  pericles:1.1                            
498  pericles:1.2                            
499  pericles:1.3                            
500  pericles:1.4                            
501  pericles:2.0                            
502  pericles:2.1                            
503  pericles:2.2                            
504  pericles:2.3                            
505  pericles:3.0                            
506  pericles:3.1                            
507  pericles:3.2                            
508  pericles:3.3                            
509  pericles:3.4                            
510  pericles:3.5                            
511  pericles:4.0                            
512  pericles:4.1                            
513  pericles:4.2                            
514  winters_tale:0.0                        
515  winters_tale:0.1                        
516  winters_tale:1.0                        
517  winters_tale:1.1                        
518  winters_tale:1.2                        
519  winters_tale:2.0                        
520  winters_tale:2.1                        
521  winters_tale:2.2                        
522  winters_tale:3.0                        
523  winters_tale:3.1                        
524  winters_tale:3.2                        
525  winters_tale:3.3                        
526  winters_tale:4.0                        
527  winters_tale:4.1                        
528  winters_tale:4.2                        
529  antony_and_cleopatra:0.0                
530  antony_and_cleopatra:0.1                
531  antony_and_cleopatra:0.2                
532  antony_and_cleopatra:0.3                
533  antony_and_cleopatra:0.4                
534  antony_and_cleopatra:1.0                
535  antony_and_cleopatra:1.1                
536  antony_and_cleopatra:1.2                
537  antony_and_cleopatra:1.3                
538  antony_and_cleopatra:1.4                
539  antony_and_cleopatra:1.5                
540  antony_and_cleopatra:1.6                
541  antony_and_cleopatra:2.0                
542  antony_and_cleopatra:2.1                
543  antony_and_cleopatra:2.2                
544  antony_and_cleopatra:2.3                
545  antony_and_cleopatra:2.4                
546  antony_and_cleopatra:2.5                
547  antony_and_cleopatra:2.6                
548  antony_and_cleopatra:2.7                
549  antony_and_cleopatra:2.8                
550  antony_and_cleopatra:2.9                
551  antony_and_cleopatra:2.10               
552  antony_and_cleopatra:2.11               
553  antony_and_cleopatra:2.12               
554  antony_and_cleopatra:3.0                
555  antony_and_cleopatra:3.1                
556  antony_and_cleopatra:3.2                
557  antony_and_cleopatra:3.3                
558  antony_and_cleopatra:3.4                
559  antony_and_cleopatra:3.5                
560  antony_and_cleopatra:3.6                
561  antony_and_cleopatra:3.7                
562  antony_and_cleopatra:3.8                
563  antony_and_cleopatra:3.9                
564  antony_and_cleopatra:3.10               
565  antony_and_cleopatra:3.11               
566  antony_and_cleopatra:3.12               
567  antony_and_cleopatra:3.13               
568  antony_and_cleopatra:3.14               
569  antony_and_cleopatra:4.0                
570  antony_and_cleopatra:4.1                
571  tempest:0.0                             
572  tempest:0.1                             
573  tempest:1.0                             
574  tempest:1.1                             
575  tempest:2.0                             
576  tempest:2.1                             
577  tempest:2.2                             
578  tempest:3.0                             
579  tempest:4.0                             
580  two_gentlemen_of_verona:0.0             
581  two_gentlemen_of_verona:0.1             
582  two_gentlemen_of_verona:0.2             
583  two_gentlemen_of_verona:1.0             
584  two_gentlemen_of_verona:1.1             
585  two_gentlemen_of_verona:1.2             
586  two_gentlemen_of_verona:1.3             
587  two_gentlemen_of_verona:1.4             
588  two_gentlemen_of_verona:1.5             
589  two_gentlemen_of_verona:1.6             
590  two_gentlemen_of_verona:2.0             
591  two_gentlemen_of_verona:2.1             
592  two_gentlemen_of_verona:3.0             
593  two_gentlemen_of_verona:3.1             
594  two_gentlemen_of_verona:3.2             
595  two_gentlemen_of_verona:3.3             
596  two_gentlemen_of_verona:4.0             
597  two_gentlemen_of_verona:4.1             
598  two_gentlemen_of_verona:4.2             
599  two_gentlemen_of_verona:4.3             
600  merchant_of_venice:0.0                  
601  merchant_of_venice:0.1                  
602  merchant_of_venice:0.2                  
603  merchant_of_venice:1.0                  
604  merchant_of_venice:1.1                  
605  merchant_of_venice:1.2                  
606  merchant_of_venice:1.3                  
607  merchant_of_venice:1.4                  
608  merchant_of_venice:1.5                  
609  merchant_of_venice:1.6                  
610  merchant_of_venice:1.7                  
611  merchant_of_venice:1.8                  
612  merchant_of_venice:2.0                  
613  merchant_of_venice:2.1                  
614  merchant_of_venice:2.2                  
615  merchant_of_venice:2.3                  
616  merchant_of_venice:2.4                  
617  merchant_of_venice:3.0                  
618  merchant_of_venice:3.1                  
619  merchant_of_venice:4.0                  
620  henry_viii:0.0                          
621  henry_viii:0.1                          
622  henry_viii:0.2                          
623  henry_viii:0.3                          
624  henry_viii:1.0                          
625  henry_viii:1.1                          
626  henry_viii:1.2                          
627  henry_viii:1.3                          
628  henry_viii:2.0                          
629  henry_viii:2.1                          
630  henry_viii:3.0                          
631  henry_viii:3.1                          
632  henry_viii:4.0                          
633  henry_viii:4.1                          
634  henry_viii:4.2                          
635  henry_viii:4.3                          
636  henry_viii:4.4                          
637  midsummer_nights_dream:0.0              
638  midsummer_nights_dream:0.1              
639  midsummer_nights_dream:1.0              
640  midsummer_nights_dream:1.1              
641  midsummer_nights_dream:2.0              
642  midsummer_nights_dream:2.1              
643  midsummer_nights_dream:3.0              
644  midsummer_nights_dream:3.1              
645  midsummer_nights_dream:4.0              
646  as_you_like_it:0.0                      
647  as_you_like_it:0.1                      
648  as_you_like_it:0.2                      
649  as_you_like_it:1.0                      
650  as_you_like_it:1.1                      
651  as_you_like_it:1.2                      
652  as_you_like_it:1.3                      
653  as_you_like_it:1.4                      
654  as_you_like_it:1.5                      
655  as_you_like_it:1.6                      
656  as_you_like_it:2.0                      
657  as_you_like_it:2.1                      
658  as_you_like_it:2.2                      
659  as_you_like_it:2.3                      
660  as_you_like_it:2.4                      
661  as_you_like_it:3.0                      
662  as_you_like_it:3.1                      
663  as_you_like_it:3.2                      
664  as_you_like_it:4.0                      
665  as_you_like_it:4.1                      
666  as_you_like_it:4.2                      
667  as_you_like_it:4.3                      
668  troilus_and_cressida:0.0                
669  troilus_and_cressida:0.1                
670  troilus_and_cressida:0.2                
671  troilus_and_cressida:1.0                
672  troilus_and_cressida:1.1                
673  troilus_and_cressida:1.2                
674  troilus_and_cressida:2.0                
675  troilus_and_cressida:2.1                
676  troilus_and_cressida:2.2                
677  troilus_and_cressida:3.0                
678  troilus_and_cressida:3.1                
679  troilus_and_cressida:3.2                
680  troilus_and_cressida:3.3                
681  troilus_and_cressida:3.4                
682  troilus_and_cressida:4.0                
683  troilus_and_cressida:4.1                
684  troilus_and_cressida:4.2                
685  troilus_and_cressida:4.3                
686  troilus_and_cressida:4.4                
687  troilus_and_cressida:4.5                
688  troilus_and_cressida:4.6                
689  troilus_and_cressida:4.7                
690  troilus_and_cressida:4.8                
691  troilus_and_cressida:4.9                
692  henry_v:0.0                             
693  henry_v:0.1                             
694  henry_v:1.0                             
695  henry_v:1.1                             
696  henry_v:1.2                             
697  henry_v:1.3                             
698  henry_v:2.0                             
699  henry_v:2.1                             
700  henry_v:2.2                             
701  henry_v:2.3                             
702  henry_v:2.4                             
703  henry_v:2.5                             
704  henry_v:2.6                             
705  henry_v:3.0                             
706  henry_v:3.1                             
707  henry_v:3.2                             
708  henry_v:3.3                             
709  henry_v:3.4                             
710  henry_v:3.5                             
711  henry_v:3.6                             
712  henry_v:3.7                             
713  henry_v:4.0                             
714  henry_v:4.1                             
715  life_and_death_of_king_john:0.0         
716  life_and_death_of_king_john:1.0         
717  life_and_death_of_king_john:2.0         
718  life_and_death_of_king_john:2.1         
719  life_and_death_of_king_john:2.2         
720  life_and_death_of_king_john:2.3         
721  life_and_death_of_king_john:3.0         
722  life_and_death_of_king_john:3.1         
723  life_and_death_of_king_john:3.2         
724  life_and_death_of_king_john:4.0         
725  life_and_death_of_king_john:4.1         
726  life_and_death_of_king_john:4.2         
727  life_and_death_of_king_john:4.3         
728  life_and_death_of_king_john:4.4         
729  life_and_death_of_king_john:4.5         
730  life_and_death_of_king_john:4.6         
731  timon_of_athens:0.0                     
732  timon_of_athens:0.1                     
733  timon_of_athens:1.0                     
734  timon_of_athens:1.1                     
735  timon_of_athens:2.0                     
736  timon_of_athens:2.1                     
737  timon_of_athens:2.2                     
738  timon_of_athens:2.3                     
739  timon_of_athens:2.4                     
740  timon_of_athens:2.5                     
741  timon_of_athens:3.0                     
742  timon_of_athens:3.1                     
743  timon_of_athens:3.2                     
744  timon_of_athens:4.0                     
745  timon_of_athens:4.1                     
746  timon_of_athens:4.2                     
747  timon_of_athens:4.3                     
