0    othello:0.0                             
1    othello:0.1                             
1    othello:0.2                             
1    othello:1.0                             
1    othello:1.2                             
1    othello:2.0                             
1    othello:2.2                             
1    othello:2.3                             
1    othello:3.0                             
1    othello:3.1                             
1    othello:3.2                             
1    othello:4.0                             
1    othello:4.1                             
2    othello:1.1                             
3    othello:2.1                             
4    henry_iv_part_ii:0.0                    
5    henry_iv_part_ii:0.1                    
6    henry_iv_part_ii:0.2                    
7    henry_iv_part_ii:1.0                    
8    henry_iv_part_ii:1.1                    
9    henry_iv_part_ii:1.2                    
10   henry_iv_part_ii:1.3                    
11   henry_iv_part_ii:2.0                    
12   henry_iv_part_ii:2.1                    
13   henry_iv_part_ii:3.0                    
13   henry_iv_part_ii:3.1                    
14   henry_iv_part_ii:3.2                    
15   henry_iv_part_ii:3.3                    
16   henry_iv_part_ii:3.4                    
17   henry_iv_part_ii:4.0                    
18   henry_iv_part_ii:4.1                    
19   henry_iv_part_ii:4.2                    
20   henry_iv_part_ii:4.3                    
21   henry_iv_part_ii:4.4                    
22   richard_ii:0.0                          
22   richard_ii:0.2                          
23   richard_ii:0.1                          
24   richard_ii:0.3                          
25   richard_ii:1.0                          
26   richard_ii:1.1                          
27   richard_ii:1.2                          
28   richard_ii:1.3                          
29   richard_ii:2.0                          
30   richard_ii:2.1                          
30   richard_ii:2.2                          
30   richard_ii:3.0                          
30   richard_ii:4.1                          
30   richard_ii:4.2                          
30   richard_ii:4.5                          
30   henry_iv_part_i:0.2                     
31   richard_ii:2.3                          
32   richard_ii:4.0                          
33   richard_ii:4.3                          
34   richard_ii:4.4                          
35   henry_vi_part_2:0.0                     
35   henry_vi_part_2:0.2                     
35   henry_vi_part_2:1.2                     
35   henry_vi_part_2:2.0                     
35   henry_vi_part_2:2.1                     
35   henry_vi_part_2:4.0                     
35   richard_iii:0.2                         
35   richard_iii:1.0                         
35   richard_iii:1.1                         
35   richard_iii:2.0                         
35   richard_iii:2.3                         
35   richard_iii:2.4                         
35   richard_iii:2.6                         
35   richard_iii:3.0                         
35   richard_iii:3.1                         
35   richard_iii:3.3                         
35   richard_iii:4.2                         
35   henry_vi_part_1:2.0                     
35   henry_vi_part_1:3.0                     
35   henry_vi_part_1:4.2                     
35   henry_vi_part_1:4.4                     
35   henry_vi_part_3:0.0                     
35   henry_vi_part_3:0.1                     
35   henry_vi_part_3:0.3                     
35   henry_vi_part_3:1.0                     
35   henry_vi_part_3:1.1                     
35   henry_vi_part_3:1.4                     
35   henry_vi_part_3:1.5                     
35   henry_vi_part_3:2.0                     
35   henry_vi_part_3:2.1                     
35   henry_vi_part_3:2.2                     
35   henry_vi_part_3:3.0                     
35   henry_vi_part_3:3.2                     
35   henry_vi_part_3:3.3                     
35   henry_vi_part_3:3.5                     
35   henry_vi_part_3:3.6                     
35   henry_vi_part_3:3.7                     
35   henry_vi_part_3:4.0                     
35   henry_vi_part_3:4.1                     
35   henry_vi_part_3:4.3                     
35   henry_vi_part_3:4.4                     
35   henry_vi_part_3:4.5                     
35   henry_vi_part_3:4.6                     
35   henry_viii:1.0                          
35   henry_v:0.1                             
35   henry_v:1.1                             
35   henry_v:3.0                             
35   henry_v:3.2                             
35   life_and_death_of_king_john:0.0         
35   life_and_death_of_king_john:1.0         
35   life_and_death_of_king_john:2.0         
35   life_and_death_of_king_john:2.3         
35   life_and_death_of_king_john:3.1         
35   life_and_death_of_king_john:3.2         
36   henry_vi_part_2:0.1                     
37   henry_vi_part_2:0.3                     
38   henry_vi_part_2:1.0                     
39   henry_vi_part_2:1.1                     
40   henry_vi_part_2:1.3                     
41   henry_vi_part_2:2.2                     
42   henry_vi_part_2:3.0                     
43   henry_vi_part_2:3.1                     
44   henry_vi_part_2:3.2                     
45   henry_vi_part_2:3.3                     
46   henry_vi_part_2:3.4                     
47   henry_vi_part_2:3.5                     
48   henry_vi_part_2:3.6                     
49   henry_vi_part_2:3.7                     
50   henry_vi_part_2:3.8                     
51   henry_vi_part_2:3.9                     
52   henry_vi_part_2:4.1                     
53   henry_vi_part_2:4.2                     
54   merry_wives_of_windsor:0.0              
55   merry_wives_of_windsor:0.1              
56   merry_wives_of_windsor:0.2              
57   merry_wives_of_windsor:0.3              
57   merry_wives_of_windsor:1.2              
57   merry_wives_of_windsor:2.0              
57   merry_wives_of_windsor:2.1              
57   merry_wives_of_windsor:2.2              
57   merry_wives_of_windsor:2.3              
57   merry_wives_of_windsor:3.1              
57   merry_wives_of_windsor:3.3              
57   merry_wives_of_windsor:3.4              
57   merry_wives_of_windsor:3.5              
57   merry_wives_of_windsor:4.2              
57   merry_wives_of_windsor:4.4              
58   merry_wives_of_windsor:1.0              
59   merry_wives_of_windsor:1.1              
60   merry_wives_of_windsor:2.4              
61   merry_wives_of_windsor:3.0              
62   merry_wives_of_windsor:3.2              
63   merry_wives_of_windsor:4.0              
64   merry_wives_of_windsor:4.1              
65   merry_wives_of_windsor:4.3              
66   richard_iii:0.0                         
67   richard_iii:0.1                         
68   richard_iii:0.3                         
69   richard_iii:1.2                         
70   richard_iii:1.3                         
71   richard_iii:2.1                         
72   richard_iii:2.2                         
73   richard_iii:2.5                         
74   richard_iii:3.2                         
75   richard_iii:3.4                         
76   richard_iii:4.0                         
77   richard_iii:4.1                         
78   richard_iii:4.3                         
79   richard_iii:4.4                         
80   hamlet:0.0                              
80   hamlet:0.1                              
81   hamlet:0.2                              
82   hamlet:0.3                              
83   hamlet:0.4                              
84   hamlet:1.0                              
85   hamlet:1.1                              
85   hamlet:2.1                              
85   hamlet:3.0                              
85   hamlet:3.2                              
85   hamlet:4.1                              
86   hamlet:2.0                              
87   hamlet:2.2                              
88   hamlet:2.3                              
89   hamlet:3.1                              
90   hamlet:3.3                              
91   hamlet:3.4                              
92   hamlet:3.5                              
93   hamlet:3.6                              
94   hamlet:4.0                              
95   henry_iv_part_i:0.0                     
96   henry_iv_part_i:0.1                     
96   henry_iv_part_i:1.1                     
96   henry_iv_part_i:1.3                     
96   henry_iv_part_i:2.2                     
97   henry_iv_part_i:1.0                     
98   henry_iv_part_i:1.2                     
99   henry_iv_part_i:2.0                     
100  henry_iv_part_i:2.1                     
101  henry_iv_part_i:3.0                     
101  henry_iv_part_i:4.1                     
101  henry_iv_part_i:4.4                     
102  henry_iv_part_i:3.1                     
103  henry_iv_part_i:3.2                     
104  henry_iv_part_i:3.3                     
105  henry_iv_part_i:4.0                     
106  henry_iv_part_i:4.2                     
106  henry_iv_part_i:4.3                     
107  henry_vi_part_1:0.0                     
108  henry_vi_part_1:0.1                     
109  henry_vi_part_1:0.2                     
110  henry_vi_part_1:0.3                     
111  henry_vi_part_1:0.4                     
112  henry_vi_part_1:0.5                     
113  henry_vi_part_1:1.0                     
113  henry_vi_part_1:2.1                     
113  henry_vi_part_1:2.2                     
113  henry_vi_part_1:3.6                     
113  henry_vi_part_1:4.1                     
113  henry_vi_part_1:4.3                     
114  henry_vi_part_1:1.1                     
115  henry_vi_part_1:1.2                     
116  henry_vi_part_1:1.3                     
117  henry_vi_part_1:1.4                     
118  henry_vi_part_1:2.3                     
119  henry_vi_part_1:3.1                     
120  henry_vi_part_1:3.2                     
120  henry_vi_part_1:3.3                     
121  henry_vi_part_1:3.4                     
122  henry_vi_part_1:3.5                     
123  henry_vi_part_1:4.0                     
124  taming_of_the_shrew:0.0                 
124  taming_of_the_shrew:0.1                 
124  taming_of_the_shrew:1.0                 
124  taming_of_the_shrew:2.1                 
124  taming_of_the_shrew:3.1                 
124  taming_of_the_shrew:3.3                 
124  taming_of_the_shrew:3.4                 
124  taming_of_the_shrew:4.0                 
124  taming_of_the_shrew:4.1                 
125  taming_of_the_shrew:2.0                 
126  taming_of_the_shrew:3.0                 
127  taming_of_the_shrew:3.2                 
128  alls_well_that_ends_well:0.0            
129  alls_well_that_ends_well:0.1            
130  alls_well_that_ends_well:0.2            
131  alls_well_that_ends_well:1.0            
132  alls_well_that_ends_well:1.1            
133  alls_well_that_ends_well:1.2            
133  alls_well_that_ends_well:1.4            
133  alls_well_that_ends_well:4.2            
134  alls_well_that_ends_well:1.3            
135  alls_well_that_ends_well:2.0            
136  alls_well_that_ends_well:2.1            
137  alls_well_that_ends_well:2.2            
138  alls_well_that_ends_well:2.3            
139  alls_well_that_ends_well:2.4            
140  alls_well_that_ends_well:2.5            
141  alls_well_that_ends_well:2.6            
142  alls_well_that_ends_well:3.0            
143  alls_well_that_ends_well:3.1            
144  alls_well_that_ends_well:3.2            
145  alls_well_that_ends_well:3.3            
146  alls_well_that_ends_well:3.4            
147  alls_well_that_ends_well:4.0            
148  alls_well_that_ends_well:4.1            
149  loves_labors_lost:0.0                   
149  loves_labors_lost:3.2                   
149  loves_labors_lost:4.1                   
150  loves_labors_lost:0.1                   
150  loves_labors_lost:2.0                   
151  loves_labors_lost:1.0                   
152  loves_labors_lost:3.0                   
153  loves_labors_lost:3.1                   
154  loves_labors_lost:4.0                   
155  henry_vi_part_3:0.2                     
155  henry_vi_part_3:1.3                     
156  henry_vi_part_3:1.2                     
157  henry_vi_part_3:3.1                     
158  henry_vi_part_3:3.4                     
159  henry_vi_part_3:4.2                     
160  romeo_and_juliet:0.0                    
160  romeo_and_juliet:2.0                    
161  romeo_and_juliet:0.1                    
162  romeo_and_juliet:0.2                    
163  romeo_and_juliet:0.3                    
164  romeo_and_juliet:0.4                    
165  romeo_and_juliet:1.0                    
166  romeo_and_juliet:1.1                    
167  romeo_and_juliet:1.2                    
168  romeo_and_juliet:1.3                    
169  romeo_and_juliet:1.4                    
170  romeo_and_juliet:1.5                    
171  romeo_and_juliet:2.1                    
171  romeo_and_juliet:2.2                    
171  romeo_and_juliet:2.4                    
171  romeo_and_juliet:3.0                    
171  romeo_and_juliet:3.1                    
171  romeo_and_juliet:3.2                    
171  romeo_and_juliet:3.4                    
171  romeo_and_juliet:4.1                    
171  romeo_and_juliet:4.2                    
172  romeo_and_juliet:2.3                    
173  romeo_and_juliet:3.3                    
174  romeo_and_juliet:4.0                    
175  titus_andronicus:0.0                    
175  titus_andronicus:1.1                    
175  titus_andronicus:1.2                    
175  titus_andronicus:2.0                    
175  titus_andronicus:2.1                    
175  titus_andronicus:3.0                    
175  titus_andronicus:3.1                    
175  titus_andronicus:3.2                    
175  titus_andronicus:3.3                    
175  titus_andronicus:4.0                    
175  titus_andronicus:4.1                    
175  titus_andronicus:4.2                    
176  titus_andronicus:1.0                    
177  titus_andronicus:1.3                    
178  macbeth:0.0                             
179  macbeth:0.1                             
180  macbeth:0.2                             
181  macbeth:0.3                             
182  macbeth:0.4                             
183  macbeth:0.5                             
184  macbeth:0.6                             
185  macbeth:1.0                             
186  macbeth:1.1                             
187  macbeth:1.2                             
188  macbeth:1.3                             
189  macbeth:2.0                             
190  macbeth:2.1                             
191  macbeth:2.2                             
192  macbeth:2.3                             
193  macbeth:2.4                             
194  macbeth:2.5                             
195  macbeth:3.0                             
196  macbeth:3.1                             
197  macbeth:3.2                             
198  macbeth:4.0                             
199  macbeth:4.1                             
199  macbeth:4.3                             
199  macbeth:4.5                             
199  macbeth:4.6                             
199  macbeth:4.7                             
200  macbeth:4.2                             
200  macbeth:4.4                             
201  coriolanus:0.0                          
202  coriolanus:0.1                          
203  coriolanus:0.2                          
204  coriolanus:0.3                          
204  coriolanus:0.4                          
204  coriolanus:0.5                          
204  coriolanus:0.6                          
204  coriolanus:0.7                          
204  coriolanus:0.8                          
205  coriolanus:0.9                          
206  coriolanus:1.0                          
207  coriolanus:1.1                          
207  coriolanus:1.2                          
207  coriolanus:2.0                          
207  coriolanus:2.1                          
207  coriolanus:2.2                          
207  coriolanus:3.0                          
207  coriolanus:3.1                          
207  coriolanus:3.5                          
207  coriolanus:4.0                          
207  coriolanus:4.1                          
207  coriolanus:4.2                          
207  coriolanus:4.3                          
207  coriolanus:4.5                          
208  coriolanus:3.2                          
209  coriolanus:3.3                          
210  coriolanus:3.4                          
211  coriolanus:3.6                          
212  coriolanus:4.4                          
213  julius_caesar:0.0                       
214  julius_caesar:0.1                       
214  julius_caesar:0.2                       
214  julius_caesar:1.0                       
214  julius_caesar:1.1                       
214  julius_caesar:1.2                       
214  julius_caesar:2.0                       
214  julius_caesar:2.1                       
214  julius_caesar:2.2                       
214  julius_caesar:3.2                       
214  julius_caesar:4.0                       
215  julius_caesar:1.3                       
216  julius_caesar:3.0                       
217  julius_caesar:3.1                       
217  julius_caesar:4.2                       
217  julius_caesar:4.3                       
217  julius_caesar:4.4                       
218  julius_caesar:4.1                       
219  comedy_of_errors:0.0                    
220  comedy_of_errors:0.1                    
220  comedy_of_errors:1.1                    
220  comedy_of_errors:2.0                    
220  comedy_of_errors:2.1                    
220  comedy_of_errors:3.0                    
220  comedy_of_errors:3.1                    
220  comedy_of_errors:3.2                    
220  comedy_of_errors:3.3                    
220  comedy_of_errors:4.0                    
221  comedy_of_errors:1.0                    
222  much_ado_about_nothing:0.0              
222  much_ado_about_nothing:1.0              
222  much_ado_about_nothing:1.2              
222  much_ado_about_nothing:2.0              
222  much_ado_about_nothing:2.1              
222  much_ado_about_nothing:2.3              
222  much_ado_about_nothing:3.0              
222  much_ado_about_nothing:4.0              
222  much_ado_about_nothing:4.1              
222  much_ado_about_nothing:4.2              
222  much_ado_about_nothing:4.3              
223  much_ado_about_nothing:0.1              
224  much_ado_about_nothing:0.2              
224  much_ado_about_nothing:1.1              
224  much_ado_about_nothing:2.2              
224  much_ado_about_nothing:3.1              
225  much_ado_about_nothing:2.4              
226  twelfth_night:0.0                       
227  twelfth_night:0.1                       
228  twelfth_night:0.2                       
228  twelfth_night:1.2                       
228  twelfth_night:1.4                       
228  twelfth_night:2.0                       
228  twelfth_night:2.1                       
228  twelfth_night:2.3                       
228  twelfth_night:3.0                       
228  twelfth_night:3.1                       
228  twelfth_night:4.0                       
229  twelfth_night:0.3                       
229  twelfth_night:1.3                       
230  twelfth_night:0.4                       
231  twelfth_night:1.0                       
232  twelfth_night:1.1                       
233  twelfth_night:2.2                       
234  twelfth_night:3.2                       
235  lear:0.0                                
236  lear:0.1                                
237  lear:0.2                                
238  lear:0.3                                
238  lear:1.3                                
239  lear:0.4                                
240  lear:1.0                                
240  lear:2.6                                
240  lear:3.4                                
240  lear:4.0                                
240  lear:4.2                                
241  lear:1.1                                
242  lear:1.2                                
243  lear:2.0                                
244  lear:2.1                                
245  lear:2.2                                
246  lear:2.3                                
247  lear:2.4                                
248  lear:2.5                                
249  lear:3.0                                
250  lear:3.1                                
251  lear:3.2                                
252  lear:3.3                                
253  lear:3.5                                
254  lear:3.6                                
255  lear:4.1                                
256  cymbeline:0.0                           
257  cymbeline:0.1                           
258  cymbeline:0.2                           
259  cymbeline:0.3                           
259  cymbeline:1.3                           
260  cymbeline:0.4                           
261  cymbeline:0.5                           
262  cymbeline:1.0                           
263  cymbeline:1.1                           
264  cymbeline:1.2                           
265  cymbeline:1.4                           
266  cymbeline:2.0                           
267  cymbeline:2.1                           
267  cymbeline:2.3                           
267  cymbeline:2.4                           
267  cymbeline:3.2                           
267  cymbeline:4.0                           
268  cymbeline:2.2                           
269  cymbeline:2.5                           
269  cymbeline:3.1                           
269  cymbeline:3.3                           
269  cymbeline:4.4                           
270  cymbeline:2.6                           
271  cymbeline:3.0                           
272  cymbeline:4.1                           
272  cymbeline:4.2                           
273  cymbeline:4.3                           
274  measure_for_measure:0.0                 
275  measure_for_measure:0.1                 
276  measure_for_measure:0.2                 
277  measure_for_measure:0.3                 
277  measure_for_measure:1.1                 
277  measure_for_measure:1.3                 
277  measure_for_measure:2.0                 
277  measure_for_measure:2.1                 
277  measure_for_measure:3.0                 
277  measure_for_measure:3.1                 
277  measure_for_measure:3.2                 
277  measure_for_measure:4.0                 
278  measure_for_measure:1.0                 
279  measure_for_measure:1.2                 
280  measure_for_measure:3.3                 
281  measure_for_measure:3.4                 
282  measure_for_measure:3.5                 
283  pericles:0.0                            
283  pericles:0.2                            
284  pericles:0.1                            
285  pericles:0.3                            
286  pericles:1.0                            
287  pericles:1.1                            
288  pericles:1.2                            
288  pericles:1.4                            
289  pericles:1.3                            
290  pericles:2.0                            
291  pericles:2.1                            
292  pericles:2.2                            
292  pericles:3.2                            
292  pericles:3.3                            
292  pericles:4.0                            
292  pericles:4.2                            
293  pericles:2.3                            
294  pericles:3.0                            
295  pericles:3.1                            
295  pericles:3.5                            
296  pericles:3.4                            
297  pericles:4.1                            
298  winters_tale:0.0                        
299  winters_tale:0.1                        
300  winters_tale:1.0                        
301  winters_tale:1.1                        
302  winters_tale:1.2                        
302  winters_tale:2.1                        
302  winters_tale:4.0                        
302  winters_tale:4.1                        
302  winters_tale:4.2                        
303  winters_tale:2.0                        
304  winters_tale:2.2                        
305  winters_tale:3.0                        
306  winters_tale:3.1                        
307  winters_tale:3.2                        
308  winters_tale:3.3                        
309  antony_and_cleopatra:0.0                
310  antony_and_cleopatra:0.1                
310  antony_and_cleopatra:0.2                
310  antony_and_cleopatra:0.4                
310  antony_and_cleopatra:1.4                
310  antony_and_cleopatra:2.2                
310  antony_and_cleopatra:2.10               
310  antony_and_cleopatra:3.3                
310  antony_and_cleopatra:3.12               
310  antony_and_cleopatra:3.13               
310  antony_and_cleopatra:3.14               
310  antony_and_cleopatra:4.1                
311  antony_and_cleopatra:0.3                
312  antony_and_cleopatra:1.0                
313  antony_and_cleopatra:1.1                
313  antony_and_cleopatra:1.3                
313  antony_and_cleopatra:1.5                
313  antony_and_cleopatra:1.6                
313  antony_and_cleopatra:2.1                
313  antony_and_cleopatra:2.4                
313  antony_and_cleopatra:2.5                
313  antony_and_cleopatra:2.6                
313  antony_and_cleopatra:2.8                
313  antony_and_cleopatra:2.9                
313  antony_and_cleopatra:2.12               
313  antony_and_cleopatra:3.0                
313  antony_and_cleopatra:3.1                
313  antony_and_cleopatra:3.4                
313  antony_and_cleopatra:3.5                
313  antony_and_cleopatra:3.8                
313  antony_and_cleopatra:4.0                
314  antony_and_cleopatra:1.2                
315  antony_and_cleopatra:2.0                
316  antony_and_cleopatra:2.3                
317  antony_and_cleopatra:2.7                
318  antony_and_cleopatra:2.11               
319  antony_and_cleopatra:3.2                
320  antony_and_cleopatra:3.6                
320  antony_and_cleopatra:3.9                
321  antony_and_cleopatra:3.7                
322  antony_and_cleopatra:3.10               
323  antony_and_cleopatra:3.11               
324  tempest:0.0                             
325  tempest:0.1                             
326  tempest:1.0                             
326  tempest:2.2                             
326  tempest:4.0                             
327  tempest:1.1                             
327  tempest:2.1                             
327  tempest:3.0                             
328  tempest:2.0                             
329  two_gentlemen_of_verona:0.0             
330  two_gentlemen_of_verona:0.1             
330  two_gentlemen_of_verona:1.6             
331  two_gentlemen_of_verona:0.2             
331  two_gentlemen_of_verona:1.1             
332  two_gentlemen_of_verona:1.0             
332  two_gentlemen_of_verona:1.3             
332  two_gentlemen_of_verona:1.5             
332  two_gentlemen_of_verona:2.0             
332  two_gentlemen_of_verona:2.1             
332  two_gentlemen_of_verona:3.1             
332  two_gentlemen_of_verona:3.2             
332  two_gentlemen_of_verona:3.3             
332  two_gentlemen_of_verona:4.1             
332  two_gentlemen_of_verona:4.3             
333  two_gentlemen_of_verona:1.2             
334  two_gentlemen_of_verona:1.4             
335  two_gentlemen_of_verona:3.0             
335  two_gentlemen_of_verona:4.2             
336  two_gentlemen_of_verona:4.0             
337  merchant_of_venice:0.0                  
338  merchant_of_venice:0.1                  
339  merchant_of_venice:0.2                  
340  merchant_of_venice:1.0                  
341  merchant_of_venice:1.1                  
342  merchant_of_venice:1.2                  
342  merchant_of_venice:1.3                  
342  merchant_of_venice:1.4                  
342  merchant_of_venice:1.5                  
342  merchant_of_venice:1.7                  
342  merchant_of_venice:2.0                  
342  merchant_of_venice:2.2                  
342  merchant_of_venice:2.4                  
343  merchant_of_venice:1.6                  
343  merchant_of_venice:1.8                  
344  merchant_of_venice:2.1                  
344  merchant_of_venice:3.0                  
344  merchant_of_venice:3.1                  
344  merchant_of_venice:4.0                  
345  merchant_of_venice:2.3                  
346  henry_viii:0.0                          
347  henry_viii:0.1                          
348  henry_viii:0.2                          
348  henry_viii:0.3                          
348  henry_viii:1.1                          
348  henry_viii:2.0                          
348  henry_viii:2.1                          
348  henry_viii:4.0                          
348  henry_viii:4.2                          
348  henry_viii:4.4                          
349  henry_viii:1.2                          
350  henry_viii:1.3                          
351  henry_viii:3.0                          
352  henry_viii:3.1                          
353  henry_viii:4.1                          
354  henry_viii:4.3                          
355  midsummer_nights_dream:0.0              
356  midsummer_nights_dream:0.1              
356  midsummer_nights_dream:2.0              
356  midsummer_nights_dream:3.1              
357  midsummer_nights_dream:1.0              
358  midsummer_nights_dream:1.1              
358  midsummer_nights_dream:2.1              
358  midsummer_nights_dream:3.0              
358  midsummer_nights_dream:4.0              
359  as_you_like_it:0.0                      
360  as_you_like_it:0.1                      
360  as_you_like_it:0.2                      
360  as_you_like_it:2.1                      
360  as_you_like_it:2.3                      
360  as_you_like_it:3.0                      
361  as_you_like_it:1.0                      
362  as_you_like_it:1.1                      
363  as_you_like_it:1.2                      
364  as_you_like_it:1.3                      
364  as_you_like_it:2.4                      
364  as_you_like_it:3.2                      
364  as_you_like_it:4.1                      
364  as_you_like_it:4.3                      
365  as_you_like_it:1.4                      
366  as_you_like_it:1.5                      
367  as_you_like_it:1.6                      
368  as_you_like_it:2.0                      
369  as_you_like_it:2.2                      
369  as_you_like_it:4.0                      
370  as_you_like_it:3.1                      
371  as_you_like_it:4.2                      
372  troilus_and_cressida:0.0                
373  troilus_and_cressida:0.1                
373  troilus_and_cressida:2.0                
373  troilus_and_cressida:3.1                
373  troilus_and_cressida:3.2                
373  troilus_and_cressida:3.3                
373  troilus_and_cressida:4.2                
373  troilus_and_cressida:4.9                
374  troilus_and_cressida:0.2                
375  troilus_and_cressida:1.0                
375  troilus_and_cressida:1.2                
375  troilus_and_cressida:2.2                
375  troilus_and_cressida:3.4                
375  troilus_and_cressida:4.0                
375  troilus_and_cressida:4.1                
375  troilus_and_cressida:4.3                
375  troilus_and_cressida:4.4                
375  troilus_and_cressida:4.5                
375  troilus_and_cressida:4.8                
376  troilus_and_cressida:1.1                
377  troilus_and_cressida:2.1                
378  troilus_and_cressida:3.0                
379  troilus_and_cressida:4.6                
380  troilus_and_cressida:4.7                
381  henry_v:0.0                             
382  henry_v:1.0                             
383  henry_v:1.2                             
384  henry_v:1.3                             
385  henry_v:2.0                             
386  henry_v:2.1                             
387  henry_v:2.2                             
388  henry_v:2.3                             
389  henry_v:2.4                             
390  henry_v:2.5                             
391  henry_v:2.6                             
392  henry_v:3.1                             
393  henry_v:3.3                             
394  henry_v:3.4                             
395  henry_v:3.5                             
396  henry_v:3.6                             
396  henry_v:3.7                             
397  henry_v:4.0                             
398  henry_v:4.1                             
399  life_and_death_of_king_john:2.1         
400  life_and_death_of_king_john:2.2         
401  life_and_death_of_king_john:3.0         
402  life_and_death_of_king_john:4.0         
403  life_and_death_of_king_john:4.1         
404  life_and_death_of_king_john:4.2         
405  life_and_death_of_king_john:4.3         
406  life_and_death_of_king_john:4.4         
407  life_and_death_of_king_john:4.5         
408  life_and_death_of_king_john:4.6         
409  timon_of_athens:0.0                     
409  timon_of_athens:0.1                     
409  timon_of_athens:1.1                     
409  timon_of_athens:2.1                     
409  timon_of_athens:2.3                     
409  timon_of_athens:2.5                     
409  timon_of_athens:3.1                     
409  timon_of_athens:3.2                     
409  timon_of_athens:4.0                     
409  timon_of_athens:4.1                     
410  timon_of_athens:1.0                     
411  timon_of_athens:2.0                     
412  timon_of_athens:2.2                     
413  timon_of_athens:2.4                     
414  timon_of_athens:3.0                     
415  timon_of_athens:4.2                     
416  timon_of_athens:4.3                     
