0    othello:0.0                             
0    othello:0.1                             
0    othello:0.2                             
0    othello:1.0                             
0    othello:1.2                             
0    othello:2.0                             
0    othello:2.1                             
0    othello:2.2                             
0    othello:2.3                             
0    othello:3.0                             
0    othello:3.1                             
0    othello:3.2                             
0    othello:4.0                             
0    othello:4.1                             
1    othello:1.1                             
2    henry_iv_part_ii:0.0                    
3    henry_iv_part_ii:0.1                    
4    henry_iv_part_ii:0.2                    
4    henry_iv_part_ii:3.0                    
4    henry_iv_part_ii:3.1                    
4    henry_iv_part_ii:3.3                    
4    henry_iv_part_ii:3.4                    
4    henry_iv_part_ii:4.1                    
4    richard_ii:0.0                          
4    richard_ii:0.1                          
4    richard_ii:0.2                          
4    richard_ii:0.3                          
4    richard_ii:1.0                          
4    richard_ii:1.1                          
4    richard_ii:1.2                          
4    richard_ii:2.0                          
4    richard_ii:2.1                          
4    richard_ii:2.2                          
4    richard_ii:2.3                          
4    richard_ii:3.0                          
4    richard_ii:4.0                          
4    richard_ii:4.1                          
4    richard_ii:4.2                          
4    richard_ii:4.4                          
4    richard_ii:4.5                          
4    henry_vi_part_2:0.0                     
4    henry_vi_part_2:0.1                     
4    henry_vi_part_2:0.2                     
4    henry_vi_part_2:0.3                     
4    henry_vi_part_2:1.0                     
4    henry_vi_part_2:1.1                     
4    henry_vi_part_2:1.2                     
4    henry_vi_part_2:1.3                     
4    henry_vi_part_2:2.0                     
4    henry_vi_part_2:2.1                     
4    henry_vi_part_2:2.2                     
4    henry_vi_part_2:3.0                     
4    henry_vi_part_2:3.1                     
4    henry_vi_part_2:3.3                     
4    henry_vi_part_2:3.6                     
4    henry_vi_part_2:3.7                     
4    henry_vi_part_2:3.8                     
4    henry_vi_part_2:3.9                     
4    henry_vi_part_2:4.0                     
4    henry_vi_part_2:4.1                     
4    henry_vi_part_2:4.2                     
4    richard_iii:0.0                         
4    richard_iii:0.1                         
4    richard_iii:0.2                         
4    richard_iii:0.3                         
4    richard_iii:1.0                         
4    richard_iii:1.1                         
4    richard_iii:1.2                         
4    richard_iii:1.3                         
4    richard_iii:2.0                         
4    richard_iii:2.1                         
4    richard_iii:2.2                         
4    richard_iii:2.3                         
4    richard_iii:2.4                         
4    richard_iii:2.6                         
4    richard_iii:3.0                         
4    richard_iii:3.1                         
4    richard_iii:3.2                         
4    richard_iii:3.3                         
4    richard_iii:4.0                         
4    richard_iii:4.2                         
4    richard_iii:4.4                         
4    hamlet:0.0                              
4    hamlet:0.1                              
4    hamlet:0.2                              
4    hamlet:0.3                              
4    hamlet:0.4                              
4    hamlet:1.0                              
4    hamlet:1.1                              
4    hamlet:2.0                              
4    hamlet:2.1                              
4    hamlet:2.2                              
4    hamlet:2.3                              
4    hamlet:3.0                              
4    hamlet:3.4                              
4    hamlet:3.6                              
4    hamlet:4.0                              
4    hamlet:4.1                              
4    henry_iv_part_i:0.0                     
4    henry_iv_part_i:0.2                     
4    henry_iv_part_i:1.2                     
4    henry_iv_part_i:2.0                     
4    henry_iv_part_i:2.1                     
4    henry_iv_part_i:3.0                     
4    henry_iv_part_i:3.2                     
4    henry_iv_part_i:3.3                     
4    henry_iv_part_i:4.0                     
4    henry_iv_part_i:4.1                     
4    henry_iv_part_i:4.2                     
4    henry_iv_part_i:4.3                     
4    henry_iv_part_i:4.4                     
4    henry_vi_part_1:0.0                     
4    henry_vi_part_1:0.1                     
4    henry_vi_part_1:0.2                     
4    henry_vi_part_1:0.3                     
4    henry_vi_part_1:1.3                     
4    henry_vi_part_1:1.4                     
4    henry_vi_part_1:2.0                     
4    henry_vi_part_1:2.3                     
4    henry_vi_part_1:3.0                     
4    henry_vi_part_1:3.1                     
4    henry_vi_part_1:3.2                     
4    henry_vi_part_1:4.0                     
4    henry_vi_part_1:4.2                     
4    henry_vi_part_1:4.4                     
4    taming_of_the_shrew:0.0                 
4    taming_of_the_shrew:0.1                 
4    taming_of_the_shrew:1.0                 
4    taming_of_the_shrew:2.1                 
4    taming_of_the_shrew:3.0                 
4    taming_of_the_shrew:3.2                 
4    taming_of_the_shrew:3.4                 
4    alls_well_that_ends_well:0.0            
4    alls_well_that_ends_well:0.1            
4    alls_well_that_ends_well:0.2            
4    alls_well_that_ends_well:1.0            
4    alls_well_that_ends_well:1.2            
4    alls_well_that_ends_well:1.3            
4    alls_well_that_ends_well:1.4            
4    alls_well_that_ends_well:2.0            
4    alls_well_that_ends_well:2.1            
4    alls_well_that_ends_well:2.3            
4    alls_well_that_ends_well:2.4            
4    alls_well_that_ends_well:2.5            
4    alls_well_that_ends_well:2.6            
4    alls_well_that_ends_well:3.0            
4    alls_well_that_ends_well:3.1            
4    alls_well_that_ends_well:3.2            
4    alls_well_that_ends_well:3.3            
4    alls_well_that_ends_well:3.4            
4    alls_well_that_ends_well:4.0            
4    alls_well_that_ends_well:4.1            
4    alls_well_that_ends_well:4.2            
4    loves_labors_lost:0.0                   
4    loves_labors_lost:0.1                   
4    loves_labors_lost:1.0                   
4    loves_labors_lost:2.0                   
4    loves_labors_lost:3.0                   
4    loves_labors_lost:3.2                   
4    loves_labors_lost:4.1                   
4    henry_vi_part_3:0.0                     
4    henry_vi_part_3:0.1                     
4    henry_vi_part_3:0.2                     
4    henry_vi_part_3:0.3                     
4    henry_vi_part_3:1.0                     
4    henry_vi_part_3:1.1                     
4    henry_vi_part_3:1.2                     
4    henry_vi_part_3:1.4                     
4    henry_vi_part_3:1.5                     
4    henry_vi_part_3:2.0                     
4    henry_vi_part_3:2.1                     
4    henry_vi_part_3:2.2                     
4    henry_vi_part_3:3.0                     
4    henry_vi_part_3:3.1                     
4    henry_vi_part_3:3.2                     
4    henry_vi_part_3:3.3                     
4    henry_vi_part_3:3.4                     
4    henry_vi_part_3:3.5                     
4    henry_vi_part_3:3.6                     
4    henry_vi_part_3:3.7                     
4    henry_vi_part_3:4.0                     
4    henry_vi_part_3:4.1                     
4    henry_vi_part_3:4.2                     
4    henry_vi_part_3:4.3                     
4    henry_vi_part_3:4.4                     
4    henry_vi_part_3:4.5                     
4    henry_vi_part_3:4.6                     
4    romeo_and_juliet:0.0                    
4    romeo_and_juliet:0.1                    
4    romeo_and_juliet:0.2                    
4    romeo_and_juliet:0.3                    
4    romeo_and_juliet:0.4                    
4    romeo_and_juliet:1.1                    
4    romeo_and_juliet:1.2                    
4    romeo_and_juliet:1.3                    
4    romeo_and_juliet:1.4                    
4    romeo_and_juliet:2.0                    
4    romeo_and_juliet:2.1                    
4    romeo_and_juliet:2.2                    
4    romeo_and_juliet:2.3                    
4    romeo_and_juliet:2.4                    
4    romeo_and_juliet:3.0                    
4    romeo_and_juliet:4.0                    
4    titus_andronicus:0.0                    
4    titus_andronicus:1.0                    
4    titus_andronicus:1.3                    
4    titus_andronicus:2.0                    
4    titus_andronicus:2.1                    
4    macbeth:0.2                             
4    macbeth:3.1                             
4    macbeth:3.2                             
4    coriolanus:0.0                          
4    coriolanus:0.2                          
4    coriolanus:1.2                          
4    julius_caesar:0.1                       
4    julius_caesar:0.2                       
4    julius_caesar:1.0                       
4    julius_caesar:1.1                       
4    julius_caesar:1.3                       
4    julius_caesar:2.1                       
4    julius_caesar:3.0                       
4    julius_caesar:3.1                       
4    julius_caesar:3.2                       
4    julius_caesar:4.0                       
4    comedy_of_errors:0.0                    
4    comedy_of_errors:0.1                    
4    comedy_of_errors:1.0                    
4    comedy_of_errors:1.1                    
4    comedy_of_errors:2.0                    
4    comedy_of_errors:2.1                    
4    comedy_of_errors:3.0                    
4    comedy_of_errors:3.1                    
4    comedy_of_errors:3.2                    
4    comedy_of_errors:3.3                    
4    comedy_of_errors:4.0                    
4    much_ado_about_nothing:0.0              
4    much_ado_about_nothing:0.2              
4    much_ado_about_nothing:1.0              
4    much_ado_about_nothing:1.1              
4    much_ado_about_nothing:1.2              
4    much_ado_about_nothing:2.0              
4    much_ado_about_nothing:2.1              
4    much_ado_about_nothing:2.2              
4    much_ado_about_nothing:2.3              
4    much_ado_about_nothing:2.4              
4    much_ado_about_nothing:3.0              
4    much_ado_about_nothing:3.1              
4    much_ado_about_nothing:4.0              
4    much_ado_about_nothing:4.1              
4    much_ado_about_nothing:4.3              
4    twelfth_night:0.1                       
4    twelfth_night:0.2                       
4    twelfth_night:0.4                       
4    twelfth_night:1.0                       
4    twelfth_night:1.1                       
4    twelfth_night:1.2                       
4    twelfth_night:1.4                       
4    twelfth_night:2.1                       
4    twelfth_night:2.2                       
4    twelfth_night:2.3                       
4    twelfth_night:3.1                       
4    twelfth_night:3.2                       
4    lear:0.0                                
4    lear:0.1                                
4    lear:0.2                                
4    lear:0.3                                
4    lear:0.4                                
4    lear:1.0                                
4    lear:1.1                                
4    lear:1.3                                
4    lear:2.0                                
4    lear:2.1                                
4    lear:2.2                                
4    lear:2.3                                
4    lear:2.5                                
4    lear:2.6                                
4    lear:3.0                                
4    lear:3.1                                
4    lear:3.2                                
4    lear:3.4                                
4    lear:3.5                                
4    lear:3.6                                
4    lear:4.0                                
4    lear:4.2                                
4    cymbeline:0.0                           
4    cymbeline:0.1                           
4    cymbeline:0.2                           
4    cymbeline:0.3                           
4    cymbeline:0.4                           
4    cymbeline:0.5                           
4    cymbeline:1.0                           
4    cymbeline:1.1                           
4    cymbeline:1.2                           
4    cymbeline:1.3                           
4    cymbeline:2.0                           
4    cymbeline:2.1                           
4    cymbeline:2.2                           
4    cymbeline:2.3                           
4    cymbeline:2.4                           
4    cymbeline:2.5                           
4    cymbeline:3.0                           
4    cymbeline:3.1                           
4    cymbeline:3.2                           
4    cymbeline:3.3                           
4    cymbeline:4.0                           
4    cymbeline:4.3                           
4    cymbeline:4.4                           
4    measure_for_measure:0.0                 
4    measure_for_measure:0.1                 
4    measure_for_measure:0.2                 
4    measure_for_measure:0.3                 
4    measure_for_measure:1.0                 
4    measure_for_measure:1.1                 
4    measure_for_measure:1.2                 
4    measure_for_measure:1.3                 
4    measure_for_measure:2.0                 
4    measure_for_measure:2.1                 
4    measure_for_measure:3.0                 
4    measure_for_measure:3.1                 
4    measure_for_measure:3.2                 
4    measure_for_measure:4.0                 
4    pericles:0.0                            
4    pericles:0.1                            
4    pericles:0.3                            
4    pericles:1.0                            
4    pericles:1.2                            
4    pericles:1.4                            
4    pericles:2.0                            
4    pericles:2.1                            
4    pericles:2.2                            
4    pericles:3.0                            
4    pericles:3.1                            
4    pericles:3.2                            
4    pericles:3.3                            
4    pericles:3.5                            
4    pericles:4.0                            
4    winters_tale:0.1                        
4    winters_tale:1.0                        
4    winters_tale:1.1                        
4    winters_tale:1.2                        
4    winters_tale:2.1                        
4    winters_tale:2.2                        
4    winters_tale:3.1                        
4    winters_tale:3.2                        
4    winters_tale:3.3                        
4    winters_tale:4.0                        
4    winters_tale:4.1                        
4    winters_tale:4.2                        
4    antony_and_cleopatra:0.0                
4    antony_and_cleopatra:0.1                
4    antony_and_cleopatra:0.2                
4    antony_and_cleopatra:0.3                
4    antony_and_cleopatra:0.4                
4    antony_and_cleopatra:1.0                
4    antony_and_cleopatra:1.1                
4    antony_and_cleopatra:1.2                
4    antony_and_cleopatra:1.4                
4    antony_and_cleopatra:1.5                
4    antony_and_cleopatra:1.6                
4    antony_and_cleopatra:2.2                
4    antony_and_cleopatra:2.3                
4    antony_and_cleopatra:2.10               
4    antony_and_cleopatra:3.2                
4    antony_and_cleopatra:4.1                
4    tempest:0.1                             
4    tempest:1.0                             
4    tempest:1.1                             
4    tempest:2.0                             
4    tempest:2.1                             
4    tempest:2.2                             
4    tempest:3.0                             
4    tempest:4.0                             
4    two_gentlemen_of_verona:0.0             
4    two_gentlemen_of_verona:0.1             
4    two_gentlemen_of_verona:0.2             
4    two_gentlemen_of_verona:1.0             
4    two_gentlemen_of_verona:1.3             
4    two_gentlemen_of_verona:1.6             
4    two_gentlemen_of_verona:2.0             
4    two_gentlemen_of_verona:2.1             
4    two_gentlemen_of_verona:3.0             
4    merchant_of_venice:0.0                  
4    merchant_of_venice:0.1                  
4    merchant_of_venice:0.2                  
4    merchant_of_venice:1.1                  
4    merchant_of_venice:2.1                  
4    merchant_of_venice:2.3                  
4    merchant_of_venice:3.0                  
4    henry_viii:0.0                          
4    henry_viii:0.1                          
4    henry_viii:0.2                          
4    henry_viii:0.3                          
4    henry_viii:1.0                          
4    henry_viii:1.1                          
4    henry_viii:1.2                          
4    henry_viii:1.3                          
4    henry_viii:2.0                          
4    henry_viii:2.1                          
4    henry_viii:3.0                          
4    henry_viii:3.1                          
4    henry_viii:4.0                          
4    henry_viii:4.1                          
4    henry_viii:4.2                          
4    henry_viii:4.3                          
4    henry_viii:4.4                          
4    midsummer_nights_dream:0.0              
4    midsummer_nights_dream:1.0              
4    midsummer_nights_dream:1.1              
4    midsummer_nights_dream:2.1              
4    as_you_like_it:0.0                      
4    as_you_like_it:0.1                      
4    as_you_like_it:0.2                      
4    as_you_like_it:1.0                      
4    as_you_like_it:1.2                      
4    as_you_like_it:1.3                      
4    as_you_like_it:1.6                      
4    as_you_like_it:2.1                      
4    as_you_like_it:2.2                      
4    as_you_like_it:2.3                      
4    as_you_like_it:2.4                      
4    as_you_like_it:3.0                      
4    as_you_like_it:3.2                      
4    as_you_like_it:4.1                      
4    as_you_like_it:4.3                      
4    troilus_and_cressida:0.0                
4    troilus_and_cressida:0.1                
4    troilus_and_cressida:0.2                
4    troilus_and_cressida:1.0                
4    troilus_and_cressida:1.1                
4    troilus_and_cressida:1.2                
4    troilus_and_cressida:2.0                
4    troilus_and_cressida:2.1                
4    troilus_and_cressida:2.2                
4    troilus_and_cressida:3.0                
4    troilus_and_cressida:3.1                
4    troilus_and_cressida:3.4                
4    troilus_and_cressida:4.2                
4    troilus_and_cressida:4.9                
4    henry_v:0.0                             
4    henry_v:0.1                             
4    henry_v:1.1                             
4    henry_v:1.3                             
4    henry_v:2.0                             
4    henry_v:2.1                             
4    henry_v:2.2                             
4    henry_v:2.5                             
4    henry_v:2.6                             
4    henry_v:3.0                             
4    henry_v:3.2                             
4    henry_v:3.5                             
4    henry_v:3.6                             
4    henry_v:3.7                             
4    henry_v:4.1                             
4    life_and_death_of_king_john:0.0         
4    life_and_death_of_king_john:1.0         
4    life_and_death_of_king_john:2.0         
4    life_and_death_of_king_john:2.2         
4    life_and_death_of_king_john:2.3         
4    life_and_death_of_king_john:3.0         
4    life_and_death_of_king_john:3.1         
4    life_and_death_of_king_john:3.2         
4    life_and_death_of_king_john:4.0         
4    life_and_death_of_king_john:4.1         
4    life_and_death_of_king_john:4.3         
4    life_and_death_of_king_john:4.6         
4    timon_of_athens:0.0                     
4    timon_of_athens:0.1                     
4    timon_of_athens:1.1                     
4    timon_of_athens:2.0                     
4    timon_of_athens:2.1                     
4    timon_of_athens:2.2                     
4    timon_of_athens:2.3                     
4    timon_of_athens:2.4                     
4    timon_of_athens:2.5                     
4    timon_of_athens:3.1                     
4    timon_of_athens:3.2                     
4    timon_of_athens:4.0                     
5    henry_iv_part_ii:1.0                    
6    henry_iv_part_ii:1.1                    
6    henry_iv_part_ii:1.3                    
6    henry_iv_part_ii:2.1                    
6    henry_iv_part_ii:3.2                    
6    henry_iv_part_ii:4.0                    
6    henry_iv_part_ii:4.2                    
6    henry_iv_part_ii:4.3                    
6    henry_iv_part_ii:4.4                    
6    merry_wives_of_windsor:0.0              
6    merry_wives_of_windsor:0.2              
6    merry_wives_of_windsor:0.3              
6    merry_wives_of_windsor:1.0              
6    merry_wives_of_windsor:1.1              
6    merry_wives_of_windsor:1.2              
6    merry_wives_of_windsor:2.0              
6    merry_wives_of_windsor:2.1              
6    merry_wives_of_windsor:2.2              
6    merry_wives_of_windsor:2.3              
6    merry_wives_of_windsor:2.4              
6    merry_wives_of_windsor:3.1              
6    merry_wives_of_windsor:3.2              
6    merry_wives_of_windsor:3.3              
6    merry_wives_of_windsor:3.4              
6    merry_wives_of_windsor:3.5              
6    merry_wives_of_windsor:4.0              
6    merry_wives_of_windsor:4.1              
6    merry_wives_of_windsor:4.2              
6    merry_wives_of_windsor:4.4              
6    henry_iv_part_i:0.1                     
6    henry_iv_part_i:1.1                     
6    henry_iv_part_i:1.3                     
6    henry_iv_part_i:2.2                     
6    henry_iv_part_i:3.1                     
6    henry_v:1.0                             
6    henry_v:1.2                             
7    henry_iv_part_ii:1.2                    
8    henry_iv_part_ii:2.0                    
9    richard_ii:1.3                          
10   richard_ii:4.3                          
11   henry_vi_part_2:3.2                     
12   henry_vi_part_2:3.4                     
12   henry_vi_part_2:3.5                     
13   merry_wives_of_windsor:0.1              
13   merry_wives_of_windsor:3.0              
14   merry_wives_of_windsor:4.3              
15   richard_iii:2.5                         
16   richard_iii:3.4                         
17   richard_iii:4.1                         
18   richard_iii:4.3                         
19   hamlet:3.1                              
19   hamlet:3.2                              
19   hamlet:3.3                              
19   hamlet:3.5                              
20   henry_iv_part_i:1.0                     
21   henry_vi_part_1:0.4                     
21   henry_vi_part_1:0.5                     
21   henry_vi_part_1:1.0                     
21   henry_vi_part_1:1.1                     
21   henry_vi_part_1:2.1                     
21   henry_vi_part_1:2.2                     
21   henry_vi_part_1:3.3                     
21   henry_vi_part_1:3.4                     
21   henry_vi_part_1:3.5                     
21   henry_vi_part_1:3.6                     
21   henry_vi_part_1:4.1                     
21   henry_vi_part_1:4.3                     
22   henry_vi_part_1:1.2                     
23   taming_of_the_shrew:2.0                 
23   taming_of_the_shrew:3.1                 
23   taming_of_the_shrew:3.3                 
23   taming_of_the_shrew:4.0                 
23   taming_of_the_shrew:4.1                 
24   alls_well_that_ends_well:1.1            
25   alls_well_that_ends_well:2.2            
26   loves_labors_lost:3.1                   
27   loves_labors_lost:4.0                   
28   henry_vi_part_3:1.3                     
29   romeo_and_juliet:1.0                    
30   romeo_and_juliet:1.5                    
30   romeo_and_juliet:3.1                    
30   romeo_and_juliet:3.2                    
30   romeo_and_juliet:3.3                    
30   romeo_and_juliet:3.4                    
30   romeo_and_juliet:4.1                    
30   romeo_and_juliet:4.2                    
31   titus_andronicus:1.1                    
31   titus_andronicus:1.2                    
31   titus_andronicus:3.0                    
31   titus_andronicus:3.1                    
31   titus_andronicus:3.2                    
31   titus_andronicus:3.3                    
31   titus_andronicus:4.0                    
31   titus_andronicus:4.1                    
31   titus_andronicus:4.2                    
32   macbeth:0.0                             
33   macbeth:0.1                             
33   macbeth:0.3                             
33   macbeth:0.4                             
33   macbeth:0.5                             
33   macbeth:0.6                             
33   macbeth:1.0                             
33   macbeth:1.1                             
33   macbeth:1.2                             
33   macbeth:1.3                             
33   macbeth:2.0                             
33   macbeth:2.1                             
33   macbeth:2.2                             
33   macbeth:2.3                             
33   macbeth:2.5                             
33   macbeth:3.0                             
33   macbeth:4.0                             
33   macbeth:4.2                             
33   macbeth:4.4                             
33   macbeth:4.6                             
33   macbeth:4.7                             
34   macbeth:2.4                             
35   macbeth:4.1                             
35   macbeth:4.3                             
35   macbeth:4.5                             
36   coriolanus:0.1                          
36   coriolanus:0.3                          
36   coriolanus:0.4                          
36   coriolanus:0.5                          
36   coriolanus:0.6                          
36   coriolanus:0.7                          
36   coriolanus:0.8                          
36   coriolanus:0.9                          
36   coriolanus:1.0                          
36   coriolanus:1.1                          
36   coriolanus:2.0                          
36   coriolanus:2.1                          
36   coriolanus:2.2                          
36   coriolanus:3.0                          
36   coriolanus:3.1                          
36   coriolanus:3.2                          
36   coriolanus:3.3                          
36   coriolanus:3.4                          
36   coriolanus:3.5                          
36   coriolanus:3.6                          
36   coriolanus:4.0                          
36   coriolanus:4.1                          
36   coriolanus:4.2                          
36   coriolanus:4.3                          
36   coriolanus:4.4                          
36   coriolanus:4.5                          
37   julius_caesar:0.0                       
38   julius_caesar:1.2                       
38   julius_caesar:2.0                       
38   julius_caesar:2.2                       
39   julius_caesar:4.1                       
39   julius_caesar:4.2                       
39   julius_caesar:4.3                       
39   julius_caesar:4.4                       
40   much_ado_about_nothing:0.1              
41   much_ado_about_nothing:4.2              
42   twelfth_night:0.0                       
42   twelfth_night:0.3                       
42   twelfth_night:1.3                       
42   twelfth_night:2.0                       
42   twelfth_night:3.0                       
42   twelfth_night:4.0                       
43   lear:1.2                                
44   lear:2.4                                
45   lear:3.3                                
46   lear:4.1                                
47   cymbeline:1.4                           
48   cymbeline:2.6                           
49   cymbeline:4.1                           
49   cymbeline:4.2                           
50   measure_for_measure:3.3                 
51   measure_for_measure:3.4                 
52   measure_for_measure:3.5                 
53   pericles:0.2                            
53   pericles:1.3                            
54   pericles:1.1                            
55   pericles:2.3                            
55   pericles:4.2                            
56   pericles:3.4                            
57   pericles:4.1                            
58   winters_tale:0.0                        
59   winters_tale:2.0                        
60   winters_tale:3.0                        
61   antony_and_cleopatra:1.3                
61   antony_and_cleopatra:2.1                
61   antony_and_cleopatra:2.4                
61   antony_and_cleopatra:2.5                
61   antony_and_cleopatra:2.6                
61   antony_and_cleopatra:2.8                
61   antony_and_cleopatra:2.9                
61   antony_and_cleopatra:2.11               
61   antony_and_cleopatra:2.12               
61   antony_and_cleopatra:3.0                
61   antony_and_cleopatra:3.1                
61   antony_and_cleopatra:3.3                
61   antony_and_cleopatra:3.4                
61   antony_and_cleopatra:3.5                
61   antony_and_cleopatra:3.6                
61   antony_and_cleopatra:3.7                
61   antony_and_cleopatra:3.8                
61   antony_and_cleopatra:3.9                
61   antony_and_cleopatra:3.11               
61   antony_and_cleopatra:3.13               
61   antony_and_cleopatra:3.14               
61   antony_and_cleopatra:4.0                
62   antony_and_cleopatra:2.0                
63   antony_and_cleopatra:2.7                
63   antony_and_cleopatra:3.10               
64   antony_and_cleopatra:3.12               
65   tempest:0.0                             
66   two_gentlemen_of_verona:1.1             
66   two_gentlemen_of_verona:1.2             
66   two_gentlemen_of_verona:1.4             
67   two_gentlemen_of_verona:1.5             
67   two_gentlemen_of_verona:3.1             
67   two_gentlemen_of_verona:3.2             
67   two_gentlemen_of_verona:3.3             
67   two_gentlemen_of_verona:4.0             
67   two_gentlemen_of_verona:4.1             
67   two_gentlemen_of_verona:4.2             
67   two_gentlemen_of_verona:4.3             
68   merchant_of_venice:1.0                  
68   merchant_of_venice:1.6                  
68   merchant_of_venice:1.8                  
69   merchant_of_venice:1.2                  
69   merchant_of_venice:1.3                  
69   merchant_of_venice:1.4                  
69   merchant_of_venice:1.5                  
69   merchant_of_venice:1.7                  
69   merchant_of_venice:2.0                  
69   merchant_of_venice:2.2                  
69   merchant_of_venice:2.4                  
69   merchant_of_venice:3.1                  
69   merchant_of_venice:4.0                  
70   midsummer_nights_dream:0.1              
70   midsummer_nights_dream:2.0              
70   midsummer_nights_dream:3.0              
70   midsummer_nights_dream:3.1              
70   midsummer_nights_dream:4.0              
71   as_you_like_it:1.1                      
71   as_you_like_it:2.0                      
72   as_you_like_it:1.4                      
72   as_you_like_it:3.1                      
73   as_you_like_it:1.5                      
74   as_you_like_it:4.0                      
74   as_you_like_it:4.2                      
75   troilus_and_cressida:3.2                
75   troilus_and_cressida:3.3                
75   troilus_and_cressida:4.1                
76   troilus_and_cressida:4.0                
76   troilus_and_cressida:4.3                
76   troilus_and_cressida:4.4                
76   troilus_and_cressida:4.5                
76   troilus_and_cressida:4.6                
76   troilus_and_cressida:4.7                
76   troilus_and_cressida:4.8                
77   henry_v:2.3                             
77   henry_v:3.3                             
78   henry_v:2.4                             
78   henry_v:3.4                             
79   henry_v:3.1                             
80   henry_v:4.0                             
81   life_and_death_of_king_john:2.1         
82   life_and_death_of_king_john:4.2         
82   life_and_death_of_king_john:4.5         
83   life_and_death_of_king_john:4.4         
84   timon_of_athens:1.0                     
85   timon_of_athens:3.0                     
86   timon_of_athens:4.1                     
86   timon_of_athens:4.2                     
86   timon_of_athens:4.3                     
