0    othello:0.0                             
0    othello:0.1                             
0    othello:0.2                             
0    othello:1.0                             
0    othello:1.1                             
0    othello:1.2                             
0    othello:2.0                             
0    othello:2.1                             
0    othello:2.2                             
0    othello:2.3                             
0    othello:3.0                             
0    othello:3.1                             
0    othello:3.2                             
0    othello:4.0                             
0    othello:4.1                             
1    henry_iv_part_ii:0.0                    
1    henry_iv_part_ii:0.1                    
1    henry_iv_part_ii:0.2                    
1    henry_iv_part_ii:1.0                    
1    henry_iv_part_ii:1.1                    
1    henry_iv_part_ii:1.3                    
1    henry_iv_part_ii:2.1                    
1    henry_iv_part_ii:3.2                    
1    henry_iv_part_ii:4.0                    
1    henry_iv_part_ii:4.2                    
1    henry_iv_part_ii:4.4                    
1    merry_wives_of_windsor:0.0              
1    merry_wives_of_windsor:0.2              
1    henry_iv_part_i:0.1                     
2    henry_iv_part_ii:1.2                    
2    henry_iv_part_ii:2.0                    
2    henry_iv_part_ii:3.0                    
2    henry_iv_part_ii:3.1                    
2    henry_iv_part_ii:3.3                    
2    henry_iv_part_ii:3.4                    
2    henry_iv_part_ii:4.1                    
2    richard_ii:0.0                          
2    henry_vi_part_2:0.0                     
2    henry_v:1.1                             
3    henry_iv_part_ii:4.3                    
3    henry_v:1.0                             
3    henry_v:1.2                             
4    richard_ii:0.1                          
4    richard_ii:0.2                          
4    richard_ii:0.3                          
4    richard_ii:1.0                          
4    richard_ii:1.1                          
4    richard_ii:1.2                          
4    richard_ii:2.0                          
4    richard_ii:2.1                          
4    richard_ii:2.2                          
4    richard_ii:2.3                          
4    richard_ii:3.0                          
4    richard_ii:4.0                          
4    richard_ii:4.1                          
4    richard_ii:4.2                          
5    richard_ii:1.3                          
6    richard_ii:4.3                          
6    richard_ii:4.4                          
6    richard_ii:4.5                          
7    henry_vi_part_2:0.1                     
7    henry_vi_part_2:0.2                     
7    henry_vi_part_2:0.3                     
7    henry_vi_part_2:1.0                     
7    henry_vi_part_2:1.1                     
7    henry_vi_part_2:1.2                     
7    henry_vi_part_2:1.3                     
7    henry_vi_part_2:2.0                     
7    henry_vi_part_2:2.1                     
7    henry_vi_part_2:2.2                     
8    henry_vi_part_2:3.0                     
8    henry_vi_part_1:1.3                     
8    henry_vi_part_1:1.4                     
8    henry_vi_part_1:2.0                     
8    henry_vi_part_1:2.3                     
8    henry_vi_part_1:3.0                     
8    henry_vi_part_1:4.0                     
8    henry_vi_part_1:4.4                     
9    henry_vi_part_2:3.1                     
9    henry_vi_part_2:3.2                     
9    henry_vi_part_2:3.3                     
9    henry_vi_part_2:3.4                     
9    henry_vi_part_2:3.5                     
9    henry_vi_part_2:3.6                     
9    henry_vi_part_2:3.7                     
9    henry_vi_part_2:3.8                     
9    henry_vi_part_2:3.9                     
9    henry_vi_part_2:4.0                     
10   henry_vi_part_2:4.1                     
10   henry_vi_part_2:4.2                     
10   henry_vi_part_3:0.0                     
10   henry_vi_part_3:0.1                     
10   henry_vi_part_3:0.2                     
10   henry_vi_part_3:0.3                     
10   henry_vi_part_3:1.0                     
10   henry_vi_part_3:1.1                     
10   henry_vi_part_3:1.2                     
10   henry_vi_part_3:1.3                     
10   henry_vi_part_3:1.4                     
10   henry_vi_part_3:1.5                     
10   henry_vi_part_3:2.0                     
10   henry_vi_part_3:2.2                     
10   henry_vi_part_3:3.0                     
10   henry_vi_part_3:3.1                     
10   henry_vi_part_3:3.2                     
10   henry_vi_part_3:3.3                     
11   merry_wives_of_windsor:0.1              
11   merry_wives_of_windsor:0.3              
11   merry_wives_of_windsor:1.0              
11   merry_wives_of_windsor:1.1              
11   merry_wives_of_windsor:1.2              
11   merry_wives_of_windsor:2.0              
11   merry_wives_of_windsor:2.1              
11   merry_wives_of_windsor:2.2              
11   merry_wives_of_windsor:2.3              
11   merry_wives_of_windsor:2.4              
11   merry_wives_of_windsor:3.0              
11   merry_wives_of_windsor:3.1              
11   merry_wives_of_windsor:3.3              
11   merry_wives_of_windsor:4.0              
11   merry_wives_of_windsor:4.1              
11   merry_wives_of_windsor:4.2              
11   merry_wives_of_windsor:4.4              
12   merry_wives_of_windsor:3.2              
12   merry_wives_of_windsor:3.4              
12   merry_wives_of_windsor:3.5              
13   merry_wives_of_windsor:4.3              
14   richard_iii:0.0                         
14   richard_iii:0.1                         
14   richard_iii:0.2                         
14   richard_iii:0.3                         
14   richard_iii:1.0                         
14   richard_iii:1.1                         
14   richard_iii:1.3                         
14   richard_iii:2.0                         
14   richard_iii:2.1                         
14   richard_iii:2.2                         
14   richard_iii:2.3                         
14   richard_iii:2.4                         
14   richard_iii:2.6                         
14   richard_iii:3.0                         
14   richard_iii:3.1                         
14   richard_iii:3.2                         
14   richard_iii:3.3                         
14   richard_iii:4.0                         
14   richard_iii:4.2                         
14   henry_vi_part_3:2.1                     
15   richard_iii:1.2                         
15   coriolanus:0.0                          
15   coriolanus:0.1                          
15   coriolanus:0.2                          
15   coriolanus:0.3                          
15   coriolanus:0.4                          
15   coriolanus:0.5                          
15   coriolanus:0.6                          
15   coriolanus:0.7                          
15   coriolanus:0.8                          
15   coriolanus:0.9                          
15   coriolanus:1.0                          
15   coriolanus:1.1                          
15   coriolanus:1.2                          
15   coriolanus:2.0                          
15   coriolanus:2.1                          
15   coriolanus:2.2                          
15   coriolanus:3.0                          
15   coriolanus:3.1                          
15   coriolanus:3.2                          
15   coriolanus:3.4                          
15   coriolanus:3.5                          
15   coriolanus:4.0                          
15   coriolanus:4.1                          
15   coriolanus:4.2                          
15   coriolanus:4.3                          
15   coriolanus:4.4                          
16   richard_iii:2.5                         
17   richard_iii:3.4                         
17   richard_iii:4.1                         
18   richard_iii:4.3                         
18   richard_iii:4.4                         
19   hamlet:0.0                              
19   hamlet:0.1                              
19   hamlet:0.2                              
19   hamlet:0.3                              
19   hamlet:0.4                              
19   hamlet:1.1                              
19   hamlet:3.3                              
19   hamlet:3.5                              
19   hamlet:4.1                              
20   hamlet:1.0                              
20   hamlet:2.0                              
20   hamlet:2.1                              
20   hamlet:2.2                              
20   hamlet:2.3                              
20   hamlet:3.0                              
20   hamlet:3.1                              
20   hamlet:3.2                              
20   hamlet:3.4                              
20   hamlet:3.6                              
20   hamlet:4.0                              
21   henry_iv_part_i:0.0                     
21   henry_iv_part_i:0.2                     
21   henry_iv_part_i:1.2                     
21   henry_iv_part_i:2.0                     
21   henry_iv_part_i:2.1                     
21   henry_iv_part_i:3.0                     
21   henry_iv_part_i:3.2                     
21   henry_iv_part_i:3.3                     
21   henry_iv_part_i:4.0                     
21   henry_iv_part_i:4.1                     
21   henry_iv_part_i:4.2                     
21   henry_iv_part_i:4.3                     
21   henry_iv_part_i:4.4                     
22   henry_iv_part_i:1.0                     
22   henry_iv_part_i:1.1                     
22   henry_iv_part_i:1.3                     
22   henry_iv_part_i:2.2                     
22   henry_iv_part_i:3.1                     
23   henry_vi_part_1:0.0                     
23   henry_vi_part_1:0.1                     
23   henry_vi_part_1:0.2                     
23   henry_vi_part_1:0.3                     
23   henry_vi_part_1:0.4                     
23   henry_vi_part_1:0.5                     
23   henry_vi_part_1:1.0                     
23   henry_vi_part_1:1.1                     
23   henry_vi_part_1:2.1                     
23   henry_vi_part_1:2.2                     
23   henry_vi_part_1:3.6                     
23   henry_vi_part_1:4.1                     
23   henry_vi_part_1:4.2                     
23   henry_vi_part_1:4.3                     
24   henry_vi_part_1:1.2                     
24   henry_vi_part_1:3.1                     
24   henry_vi_part_1:3.2                     
24   henry_vi_part_1:3.3                     
24   henry_vi_part_1:3.4                     
24   henry_vi_part_1:3.5                     
25   taming_of_the_shrew:0.0                 
25   taming_of_the_shrew:0.1                 
25   taming_of_the_shrew:1.0                 
25   taming_of_the_shrew:2.0                 
25   taming_of_the_shrew:2.1                 
25   taming_of_the_shrew:3.0                 
25   taming_of_the_shrew:3.1                 
25   taming_of_the_shrew:3.2                 
25   taming_of_the_shrew:3.3                 
25   taming_of_the_shrew:3.4                 
25   taming_of_the_shrew:4.0                 
25   taming_of_the_shrew:4.1                 
26   alls_well_that_ends_well:0.0            
26   alls_well_that_ends_well:0.1            
26   alls_well_that_ends_well:0.2            
26   alls_well_that_ends_well:1.0            
26   alls_well_that_ends_well:1.1            
26   alls_well_that_ends_well:1.2            
26   alls_well_that_ends_well:1.3            
26   alls_well_that_ends_well:1.4            
26   alls_well_that_ends_well:2.1            
26   alls_well_that_ends_well:2.4            
26   alls_well_that_ends_well:2.6            
26   alls_well_that_ends_well:3.3            
26   alls_well_that_ends_well:3.4            
26   alls_well_that_ends_well:4.0            
26   alls_well_that_ends_well:4.2            
27   alls_well_that_ends_well:2.0            
27   alls_well_that_ends_well:2.2            
27   alls_well_that_ends_well:2.5            
27   alls_well_that_ends_well:3.1            
28   alls_well_that_ends_well:2.3            
29   alls_well_that_ends_well:3.0            
29   alls_well_that_ends_well:3.2            
29   alls_well_that_ends_well:4.1            
30   loves_labors_lost:0.0                   
30   loves_labors_lost:0.1                   
30   loves_labors_lost:1.0                   
30   loves_labors_lost:2.0                   
30   loves_labors_lost:3.0                   
30   loves_labors_lost:3.1                   
30   loves_labors_lost:3.2                   
30   loves_labors_lost:4.0                   
30   loves_labors_lost:4.1                   
30   much_ado_about_nothing:0.0              
31   henry_vi_part_3:3.4                     
31   henry_vi_part_3:3.5                     
31   henry_vi_part_3:3.6                     
31   henry_vi_part_3:3.7                     
31   henry_vi_part_3:4.0                     
31   henry_vi_part_3:4.1                     
31   henry_vi_part_3:4.2                     
31   henry_vi_part_3:4.3                     
31   henry_vi_part_3:4.4                     
31   henry_vi_part_3:4.5                     
31   henry_vi_part_3:4.6                     
32   romeo_and_juliet:0.0                    
32   romeo_and_juliet:0.1                    
32   romeo_and_juliet:0.2                    
32   romeo_and_juliet:0.3                    
32   romeo_and_juliet:0.4                    
32   romeo_and_juliet:1.0                    
32   romeo_and_juliet:1.1                    
32   romeo_and_juliet:1.2                    
32   romeo_and_juliet:1.3                    
32   romeo_and_juliet:1.4                    
32   romeo_and_juliet:1.5                    
32   romeo_and_juliet:2.0                    
32   romeo_and_juliet:2.1                    
32   romeo_and_juliet:2.2                    
32   romeo_and_juliet:2.3                    
32   romeo_and_juliet:2.4                    
32   romeo_and_juliet:3.0                    
32   romeo_and_juliet:3.1                    
32   romeo_and_juliet:3.2                    
32   romeo_and_juliet:3.3                    
32   romeo_and_juliet:3.4                    
32   romeo_and_juliet:4.0                    
32   romeo_and_juliet:4.1                    
32   romeo_and_juliet:4.2                    
33   titus_andronicus:0.0                    
33   titus_andronicus:1.0                    
33   titus_andronicus:1.1                    
33   titus_andronicus:1.2                    
33   titus_andronicus:1.3                    
33   titus_andronicus:2.0                    
33   titus_andronicus:2.1                    
33   titus_andronicus:3.0                    
33   titus_andronicus:3.1                    
33   titus_andronicus:3.2                    
33   titus_andronicus:3.3                    
33   titus_andronicus:4.0                    
33   titus_andronicus:4.1                    
33   titus_andronicus:4.2                    
34   macbeth:0.0                             
34   macbeth:2.4                             
34   macbeth:3.0                             
35   macbeth:0.1                             
35   macbeth:0.2                             
35   macbeth:0.3                             
35   macbeth:0.4                             
35   macbeth:0.5                             
35   macbeth:0.6                             
35   macbeth:1.0                             
35   macbeth:1.1                             
35   macbeth:1.2                             
35   macbeth:1.3                             
35   macbeth:2.0                             
35   macbeth:2.1                             
35   macbeth:2.2                             
35   macbeth:2.3                             
35   macbeth:2.5                             
35   macbeth:4.0                             
36   macbeth:3.1                             
36   macbeth:3.2                             
37   macbeth:4.1                             
37   macbeth:4.2                             
37   macbeth:4.3                             
37   macbeth:4.4                             
37   macbeth:4.5                             
37   macbeth:4.6                             
37   macbeth:4.7                             
38   coriolanus:3.3                          
38   coriolanus:4.5                          
39   coriolanus:3.6                          
40   julius_caesar:0.0                       
40   julius_caesar:0.1                       
40   julius_caesar:0.2                       
40   julius_caesar:1.0                       
40   julius_caesar:1.1                       
40   julius_caesar:1.2                       
40   julius_caesar:1.3                       
40   julius_caesar:2.0                       
40   julius_caesar:2.1                       
40   julius_caesar:2.2                       
40   julius_caesar:3.0                       
40   julius_caesar:3.1                       
40   julius_caesar:3.2                       
40   julius_caesar:4.0                       
41   julius_caesar:4.1                       
41   julius_caesar:4.2                       
41   julius_caesar:4.3                       
41   julius_caesar:4.4                       
42   comedy_of_errors:0.0                    
42   comedy_of_errors:0.1                    
42   comedy_of_errors:1.0                    
42   comedy_of_errors:1.1                    
42   comedy_of_errors:2.0                    
42   comedy_of_errors:2.1                    
42   comedy_of_errors:3.0                    
42   comedy_of_errors:3.1                    
42   comedy_of_errors:3.2                    
42   comedy_of_errors:3.3                    
42   comedy_of_errors:4.0                    
43   much_ado_about_nothing:0.1              
43   much_ado_about_nothing:0.2              
43   much_ado_about_nothing:1.0              
43   much_ado_about_nothing:1.1              
43   much_ado_about_nothing:1.2              
43   much_ado_about_nothing:2.0              
43   much_ado_about_nothing:2.1              
43   much_ado_about_nothing:2.2              
43   much_ado_about_nothing:2.3              
43   much_ado_about_nothing:2.4              
43   much_ado_about_nothing:3.0              
43   much_ado_about_nothing:3.1              
43   much_ado_about_nothing:4.0              
43   much_ado_about_nothing:4.1              
43   much_ado_about_nothing:4.2              
43   much_ado_about_nothing:4.3              
44   twelfth_night:0.0                       
44   twelfth_night:0.1                       
44   twelfth_night:0.3                       
44   twelfth_night:1.3                       
45   twelfth_night:0.2                       
45   twelfth_night:0.4                       
45   twelfth_night:1.1                       
45   twelfth_night:1.2                       
45   twelfth_night:1.4                       
45   twelfth_night:2.0                       
45   twelfth_night:2.1                       
45   twelfth_night:2.3                       
45   twelfth_night:3.0                       
45   twelfth_night:3.1                       
45   twelfth_night:4.0                       
46   twelfth_night:1.0                       
46   twelfth_night:2.2                       
46   twelfth_night:3.2                       
46   tempest:0.0                             
46   tempest:1.0                             
46   tempest:2.2                             
47   lear:0.0                                
47   lear:0.1                                
47   lear:1.0                                
47   lear:1.1                                
47   lear:2.0                                
47   lear:2.2                                
47   lear:2.4                                
47   lear:2.6                                
47   lear:3.1                                
47   lear:3.4                                
47   lear:4.0                                
47   lear:4.2                                
48   lear:0.2                                
48   lear:0.3                                
48   lear:0.4                                
48   lear:1.3                                
48   lear:2.1                                
48   lear:2.3                                
48   lear:2.5                                
48   lear:3.2                                
48   lear:3.5                                
49   lear:1.2                                
49   lear:3.0                                
49   lear:4.1                                
50   lear:3.3                                
50   lear:3.6                                
51   cymbeline:0.0                           
51   cymbeline:0.2                           
51   cymbeline:0.3                           
51   cymbeline:0.4                           
51   cymbeline:0.5                           
51   cymbeline:1.1                           
51   cymbeline:1.3                           
51   cymbeline:1.4                           
51   cymbeline:2.1                           
51   cymbeline:2.3                           
51   cymbeline:4.0                           
51   cymbeline:4.3                           
52   cymbeline:0.1                           
52   cymbeline:1.0                           
52   cymbeline:1.2                           
52   cymbeline:2.0                           
52   cymbeline:2.4                           
52   cymbeline:3.0                           
52   cymbeline:3.2                           
53   cymbeline:2.2                           
53   cymbeline:2.5                           
53   cymbeline:3.1                           
53   cymbeline:3.3                           
53   cymbeline:4.1                           
53   cymbeline:4.2                           
53   cymbeline:4.4                           
54   cymbeline:2.6                           
55   measure_for_measure:0.0                 
55   measure_for_measure:0.2                 
55   measure_for_measure:1.0                 
55   measure_for_measure:2.1                 
55   measure_for_measure:3.1                 
55   measure_for_measure:3.2                 
55   measure_for_measure:3.3                 
55   measure_for_measure:3.4                 
56   measure_for_measure:0.1                 
56   measure_for_measure:0.3                 
56   measure_for_measure:1.1                 
56   measure_for_measure:1.2                 
56   measure_for_measure:1.3                 
56   measure_for_measure:2.0                 
56   measure_for_measure:3.0                 
56   measure_for_measure:3.5                 
56   measure_for_measure:4.0                 
57   pericles:0.0                            
57   pericles:0.1                            
57   pericles:0.2                            
57   pericles:0.3                            
57   pericles:1.0                            
57   pericles:1.3                            
57   pericles:2.0                            
57   pericles:2.2                            
58   pericles:1.1                            
58   pericles:1.2                            
58   pericles:1.4                            
59   pericles:2.1                            
59   pericles:2.3                            
59   pericles:4.2                            
60   pericles:3.0                            
60   pericles:3.1                            
60   pericles:3.2                            
60   pericles:3.3                            
60   pericles:3.5                            
60   pericles:4.0                            
61   pericles:3.4                            
62   pericles:4.1                            
63   winters_tale:0.0                        
63   winters_tale:0.1                        
63   winters_tale:1.0                        
63   winters_tale:3.1                        
64   winters_tale:1.1                        
64   winters_tale:1.2                        
64   winters_tale:2.1                        
64   winters_tale:2.2                        
64   winters_tale:4.0                        
64   winters_tale:4.1                        
64   winters_tale:4.2                        
64   tempest:0.1                             
65   winters_tale:2.0                        
66   winters_tale:3.0                        
67   winters_tale:3.2                        
67   winters_tale:3.3                        
68   antony_and_cleopatra:0.0                
68   antony_and_cleopatra:0.1                
68   antony_and_cleopatra:0.2                
68   antony_and_cleopatra:0.3                
68   antony_and_cleopatra:0.4                
68   antony_and_cleopatra:1.0                
68   antony_and_cleopatra:1.1                
68   antony_and_cleopatra:1.2                
68   antony_and_cleopatra:1.3                
68   antony_and_cleopatra:1.4                
68   antony_and_cleopatra:1.5                
68   antony_and_cleopatra:1.6                
68   antony_and_cleopatra:2.1                
68   antony_and_cleopatra:2.2                
68   antony_and_cleopatra:2.3                
68   antony_and_cleopatra:2.4                
68   antony_and_cleopatra:2.5                
68   antony_and_cleopatra:2.6                
68   antony_and_cleopatra:2.8                
68   antony_and_cleopatra:2.10               
68   antony_and_cleopatra:2.11               
68   antony_and_cleopatra:2.12               
68   antony_and_cleopatra:3.1                
68   antony_and_cleopatra:3.3                
68   antony_and_cleopatra:3.4                
68   antony_and_cleopatra:3.12               
68   antony_and_cleopatra:3.13               
68   antony_and_cleopatra:3.14               
68   antony_and_cleopatra:4.1                
69   antony_and_cleopatra:2.0                
70   antony_and_cleopatra:2.7                
70   antony_and_cleopatra:2.9                
70   antony_and_cleopatra:3.0                
70   antony_and_cleopatra:3.5                
70   antony_and_cleopatra:3.6                
70   antony_and_cleopatra:3.10               
70   antony_and_cleopatra:4.0                
71   antony_and_cleopatra:3.2                
71   antony_and_cleopatra:3.8                
72   antony_and_cleopatra:3.7                
72   antony_and_cleopatra:3.9                
72   antony_and_cleopatra:3.11               
73   tempest:1.1                             
73   tempest:2.1                             
73   tempest:3.0                             
73   tempest:4.0                             
74   tempest:2.0                             
75   two_gentlemen_of_verona:0.0             
75   two_gentlemen_of_verona:0.1             
75   two_gentlemen_of_verona:0.2             
75   two_gentlemen_of_verona:1.0             
75   two_gentlemen_of_verona:1.1             
75   two_gentlemen_of_verona:1.2             
75   two_gentlemen_of_verona:1.3             
75   two_gentlemen_of_verona:1.5             
75   two_gentlemen_of_verona:1.6             
75   two_gentlemen_of_verona:2.1             
75   two_gentlemen_of_verona:3.1             
75   two_gentlemen_of_verona:3.2             
76   two_gentlemen_of_verona:1.4             
76   two_gentlemen_of_verona:2.0             
76   two_gentlemen_of_verona:3.3             
77   two_gentlemen_of_verona:3.0             
77   two_gentlemen_of_verona:4.2             
78   two_gentlemen_of_verona:4.0             
78   two_gentlemen_of_verona:4.1             
78   two_gentlemen_of_verona:4.3             
79   merchant_of_venice:0.0                  
79   merchant_of_venice:0.1                  
79   merchant_of_venice:0.2                  
79   merchant_of_venice:1.0                  
79   merchant_of_venice:1.6                  
79   merchant_of_venice:1.8                  
79   merchant_of_venice:2.1                  
79   merchant_of_venice:2.3                  
79   merchant_of_venice:3.0                  
79   merchant_of_venice:3.1                  
79   merchant_of_venice:4.0                  
80   merchant_of_venice:1.1                  
80   merchant_of_venice:1.2                  
80   merchant_of_venice:1.3                  
80   merchant_of_venice:1.4                  
80   merchant_of_venice:1.5                  
80   merchant_of_venice:1.7                  
80   merchant_of_venice:2.0                  
80   merchant_of_venice:2.2                  
80   merchant_of_venice:2.4                  
81   henry_viii:0.0                          
81   henry_viii:0.1                          
81   henry_viii:1.0                          
81   henry_viii:1.3                          
81   henry_viii:2.0                          
81   henry_viii:2.1                          
81   henry_viii:3.0                          
81   henry_viii:3.1                          
81   henry_viii:4.0                          
81   henry_viii:4.1                          
81   henry_viii:4.2                          
81   henry_viii:4.4                          
82   henry_viii:0.2                          
82   henry_viii:0.3                          
82   henry_viii:1.1                          
82   henry_viii:1.2                          
83   henry_viii:4.3                          
84   midsummer_nights_dream:0.0              
84   midsummer_nights_dream:1.0              
84   midsummer_nights_dream:1.1              
84   midsummer_nights_dream:2.1              
84   midsummer_nights_dream:3.0              
84   midsummer_nights_dream:4.0              
85   midsummer_nights_dream:0.1              
85   midsummer_nights_dream:2.0              
85   midsummer_nights_dream:3.1              
86   as_you_like_it:0.0                      
86   as_you_like_it:0.1                      
86   as_you_like_it:0.2                      
86   as_you_like_it:1.1                      
86   as_you_like_it:1.2                      
86   as_you_like_it:1.3                      
86   as_you_like_it:1.5                      
86   as_you_like_it:2.0                      
86   as_you_like_it:2.1                      
86   as_you_like_it:2.3                      
86   as_you_like_it:2.4                      
86   as_you_like_it:3.0                      
86   as_you_like_it:3.2                      
86   as_you_like_it:4.1                      
86   as_you_like_it:4.3                      
87   as_you_like_it:1.0                      
87   as_you_like_it:1.4                      
87   as_you_like_it:1.6                      
87   as_you_like_it:3.1                      
88   as_you_like_it:2.2                      
88   as_you_like_it:4.0                      
88   as_you_like_it:4.2                      
89   troilus_and_cressida:0.0                
89   troilus_and_cressida:0.1                
89   troilus_and_cressida:0.2                
89   troilus_and_cressida:1.0                
89   troilus_and_cressida:1.1                
89   troilus_and_cressida:1.2                
89   troilus_and_cressida:2.0                
89   troilus_and_cressida:2.1                
89   troilus_and_cressida:2.2                
89   troilus_and_cressida:3.0                
89   troilus_and_cressida:3.1                
89   troilus_and_cressida:3.2                
89   troilus_and_cressida:3.3                
89   troilus_and_cressida:3.4                
89   troilus_and_cressida:4.0                
89   troilus_and_cressida:4.1                
89   troilus_and_cressida:4.2                
89   troilus_and_cressida:4.3                
89   troilus_and_cressida:4.4                
89   troilus_and_cressida:4.5                
89   troilus_and_cressida:4.9                
90   troilus_and_cressida:4.6                
90   troilus_and_cressida:4.7                
90   troilus_and_cressida:4.8                
91   henry_v:0.0                             
91   henry_v:0.1                             
91   henry_v:1.3                             
91   life_and_death_of_king_john:0.0         
91   life_and_death_of_king_john:1.0         
91   life_and_death_of_king_john:2.0         
91   life_and_death_of_king_john:2.3         
91   life_and_death_of_king_john:4.1         
92   henry_v:2.0                             
92   henry_v:2.2                             
93   henry_v:2.1                             
93   henry_v:2.5                             
93   henry_v:3.0                             
93   henry_v:3.2                             
93   henry_v:3.6                             
93   henry_v:3.7                             
93   henry_v:4.0                             
94   henry_v:2.3                             
94   henry_v:3.3                             
94   henry_v:4.1                             
95   henry_v:2.4                             
95   henry_v:2.6                             
95   henry_v:3.1                             
95   henry_v:3.4                             
96   henry_v:3.5                             
97   life_and_death_of_king_john:2.1         
97   life_and_death_of_king_john:2.2         
97   life_and_death_of_king_john:3.0         
97   life_and_death_of_king_john:3.1         
97   life_and_death_of_king_john:3.2         
97   life_and_death_of_king_john:4.0         
97   life_and_death_of_king_john:4.2         
97   life_and_death_of_king_john:4.3         
97   life_and_death_of_king_john:4.5         
97   life_and_death_of_king_john:4.6         
98   life_and_death_of_king_john:4.4         
99   timon_of_athens:0.0                     
99   timon_of_athens:0.1                     
99   timon_of_athens:2.1                     
99   timon_of_athens:2.2                     
99   timon_of_athens:2.4                     
99   timon_of_athens:2.5                     
100  timon_of_athens:1.0                     
100  timon_of_athens:1.1                     
100  timon_of_athens:2.0                     
100  timon_of_athens:2.3                     
100  timon_of_athens:3.1                     
101  timon_of_athens:3.0                     
101  timon_of_athens:3.2                     
101  timon_of_athens:4.0                     
101  timon_of_athens:4.1                     
101  timon_of_athens:4.2                     
101  timon_of_athens:4.3                     
