0    othello:0.0                             
0    othello:0.1                             
0    othello:0.2                             
0    othello:1.0                             
0    othello:1.1                             
0    othello:1.2                             
0    othello:2.0                             
0    othello:2.1                             
0    othello:2.2                             
0    othello:2.3                             
0    othello:3.0                             
0    othello:3.1                             
0    othello:3.2                             
0    othello:4.0                             
0    othello:4.1                             
0    henry_iv_part_ii:0.0                    
0    henry_iv_part_ii:0.1                    
0    henry_iv_part_ii:0.2                    
0    henry_iv_part_ii:1.0                    
0    henry_iv_part_ii:1.1                    
0    henry_iv_part_ii:1.2                    
0    henry_iv_part_ii:1.3                    
0    henry_iv_part_ii:2.0                    
0    henry_iv_part_ii:2.1                    
0    henry_iv_part_ii:3.0                    
0    henry_iv_part_ii:3.1                    
0    henry_iv_part_ii:3.2                    
0    henry_iv_part_ii:3.3                    
0    henry_iv_part_ii:3.4                    
0    henry_iv_part_ii:4.0                    
0    henry_iv_part_ii:4.1                    
0    henry_iv_part_ii:4.2                    
0    richard_ii:0.0                          
0    richard_ii:0.1                          
0    richard_ii:0.2                          
0    richard_ii:0.3                          
0    richard_ii:1.0                          
0    richard_ii:1.1                          
0    richard_ii:1.2                          
0    richard_ii:2.0                          
0    hamlet:0.0                              
0    hamlet:0.1                              
0    hamlet:0.2                              
0    hamlet:0.3                              
0    hamlet:0.4                              
0    hamlet:1.0                              
0    hamlet:1.1                              
0    hamlet:2.0                              
0    hamlet:2.1                              
0    hamlet:2.2                              
0    hamlet:2.3                              
0    hamlet:3.0                              
0    hamlet:3.1                              
0    hamlet:3.2                              
0    hamlet:3.3                              
0    hamlet:3.4                              
0    hamlet:3.5                              
0    hamlet:3.6                              
0    hamlet:4.0                              
0    hamlet:4.1                              
0    henry_iv_part_i:0.1                     
0    taming_of_the_shrew:0.0                 
0    taming_of_the_shrew:0.1                 
0    taming_of_the_shrew:1.0                 
0    alls_well_that_ends_well:0.0            
0    alls_well_that_ends_well:0.1            
0    alls_well_that_ends_well:0.2            
0    alls_well_that_ends_well:1.0            
0    alls_well_that_ends_well:1.2            
0    loves_labors_lost:0.0                   
0    loves_labors_lost:0.1                   
0    loves_labors_lost:1.0                   
0    much_ado_about_nothing:0.0              
0    lear:0.0                                
0    lear:0.1                                
0    cymbeline:0.0                           
0    pericles:0.0                            
0    merchant_of_venice:0.1                  
0    as_you_like_it:0.0                      
0    timon_of_athens:0.0                     
1    henry_iv_part_ii:4.3                    
1    henry_iv_part_ii:4.4                    
1    merry_wives_of_windsor:0.0              
1    merry_wives_of_windsor:0.1              
1    merry_wives_of_windsor:0.2              
1    merry_wives_of_windsor:0.3              
1    merry_wives_of_windsor:1.0              
1    merry_wives_of_windsor:1.1              
1    merry_wives_of_windsor:1.2              
1    merry_wives_of_windsor:2.0              
1    merry_wives_of_windsor:2.1              
1    merry_wives_of_windsor:2.2              
1    merry_wives_of_windsor:2.3              
1    merry_wives_of_windsor:2.4              
1    merry_wives_of_windsor:3.0              
1    merry_wives_of_windsor:3.1              
1    merry_wives_of_windsor:3.2              
1    merry_wives_of_windsor:3.3              
1    merry_wives_of_windsor:3.4              
1    merry_wives_of_windsor:3.5              
1    merry_wives_of_windsor:4.0              
1    merry_wives_of_windsor:4.1              
1    merry_wives_of_windsor:4.2              
1    merry_wives_of_windsor:4.3              
1    merry_wives_of_windsor:4.4              
1    henry_v:1.0                             
1    henry_v:1.2                             
2    richard_ii:1.3                          
2    richard_ii:2.1                          
2    richard_ii:2.2                          
2    richard_ii:2.3                          
2    richard_ii:3.0                          
2    richard_ii:4.0                          
2    richard_ii:4.1                          
2    richard_ii:4.2                          
2    henry_vi_part_2:0.0                     
2    henry_vi_part_2:0.1                     
2    henry_vi_part_2:0.2                     
2    henry_vi_part_2:0.3                     
2    henry_vi_part_2:1.0                     
2    henry_vi_part_2:1.1                     
2    henry_vi_part_2:1.2                     
2    henry_vi_part_2:1.3                     
2    henry_vi_part_2:2.0                     
2    henry_vi_part_2:2.1                     
2    henry_vi_part_2:2.2                     
2    henry_vi_part_2:3.0                     
2    henry_vi_part_2:3.1                     
2    henry_vi_part_2:4.1                     
2    henry_vi_part_2:4.2                     
2    richard_iii:0.0                         
2    richard_iii:0.1                         
2    richard_iii:0.2                         
2    richard_iii:0.3                         
2    richard_iii:1.0                         
2    richard_iii:1.1                         
2    richard_iii:1.2                         
2    richard_iii:1.3                         
2    richard_iii:2.0                         
2    richard_iii:2.1                         
2    richard_iii:2.2                         
2    richard_iii:2.3                         
2    richard_iii:2.4                         
2    richard_iii:2.6                         
2    richard_iii:3.0                         
2    richard_iii:3.1                         
2    richard_iii:3.2                         
2    richard_iii:3.3                         
2    richard_iii:4.0                         
2    henry_iv_part_i:0.0                     
2    henry_iv_part_i:0.2                     
2    henry_iv_part_i:1.2                     
2    henry_iv_part_i:2.1                     
2    henry_vi_part_1:0.0                     
2    henry_vi_part_1:0.1                     
2    henry_vi_part_1:0.2                     
2    henry_vi_part_1:0.3                     
2    henry_vi_part_1:1.3                     
2    henry_vi_part_1:1.4                     
2    henry_vi_part_1:2.0                     
2    henry_vi_part_1:4.0                     
2    henry_vi_part_1:4.4                     
2    henry_vi_part_3:0.0                     
2    henry_vi_part_3:0.1                     
2    henry_vi_part_3:0.3                     
2    henry_vi_part_3:1.0                     
2    henry_vi_part_3:1.1                     
2    henry_vi_part_3:1.2                     
2    henry_vi_part_3:1.4                     
2    henry_vi_part_3:1.5                     
2    henry_vi_part_3:2.0                     
2    henry_vi_part_3:2.1                     
2    henry_vi_part_3:2.2                     
2    henry_vi_part_3:3.0                     
2    henry_vi_part_3:3.1                     
2    henry_vi_part_3:3.2                     
2    henry_vi_part_3:3.3                     
2    henry_vi_part_3:3.5                     
2    henry_vi_part_3:3.7                     
2    titus_andronicus:0.0                    
2    titus_andronicus:1.0                    
2    comedy_of_errors:0.0                    
2    pericles:0.1                            
2    henry_viii:0.0                          
2    henry_viii:0.1                          
2    henry_v:0.1                             
2    henry_v:1.1                             
2    henry_v:1.3                             
2    henry_v:2.0                             
2    life_and_death_of_king_john:0.0         
2    life_and_death_of_king_john:1.0         
2    life_and_death_of_king_john:2.0         
3    richard_ii:4.3                          
3    richard_ii:4.4                          
3    richard_ii:4.5                          
4    henry_vi_part_2:3.2                     
4    henry_vi_part_2:3.3                     
4    henry_vi_part_2:3.4                     
4    henry_vi_part_2:3.5                     
4    henry_vi_part_2:3.6                     
4    henry_vi_part_2:3.7                     
4    henry_vi_part_2:3.8                     
4    henry_vi_part_2:3.9                     
4    henry_vi_part_2:4.0                     
4    henry_vi_part_3:0.2                     
4    henry_vi_part_3:1.3                     
5    richard_iii:2.5                         
5    henry_vi_part_3:3.4                     
5    henry_vi_part_3:3.6                     
5    henry_vi_part_3:4.0                     
5    henry_vi_part_3:4.1                     
5    henry_vi_part_3:4.2                     
5    henry_vi_part_3:4.3                     
5    henry_vi_part_3:4.4                     
5    henry_vi_part_3:4.5                     
5    henry_vi_part_3:4.6                     
6    richard_iii:3.4                         
6    richard_iii:4.1                         
6    richard_iii:4.2                         
6    richard_iii:4.3                         
6    richard_iii:4.4                         
7    henry_iv_part_i:1.0                     
7    henry_iv_part_i:1.1                     
7    henry_iv_part_i:1.3                     
7    henry_iv_part_i:2.0                     
7    henry_iv_part_i:2.2                     
7    henry_iv_part_i:3.0                     
7    henry_iv_part_i:3.1                     
7    henry_iv_part_i:3.2                     
7    henry_iv_part_i:3.3                     
7    henry_iv_part_i:4.0                     
7    henry_iv_part_i:4.1                     
7    henry_iv_part_i:4.2                     
7    henry_iv_part_i:4.3                     
7    henry_iv_part_i:4.4                     
8    henry_vi_part_1:0.4                     
8    henry_vi_part_1:0.5                     
8    henry_vi_part_1:1.0                     
8    henry_vi_part_1:1.1                     
8    henry_vi_part_1:1.2                     
8    henry_vi_part_1:2.1                     
8    henry_vi_part_1:2.2                     
8    henry_vi_part_1:2.3                     
8    henry_vi_part_1:3.0                     
8    henry_vi_part_1:3.1                     
8    henry_vi_part_1:3.2                     
8    henry_vi_part_1:3.3                     
8    henry_vi_part_1:3.4                     
8    henry_vi_part_1:3.5                     
8    henry_vi_part_1:3.6                     
8    henry_vi_part_1:4.1                     
8    henry_vi_part_1:4.2                     
8    henry_vi_part_1:4.3                     
8    henry_v:2.2                             
8    henry_v:2.4                             
8    henry_v:2.6                             
8    henry_v:3.1                             
9    taming_of_the_shrew:2.0                 
9    taming_of_the_shrew:2.1                 
9    taming_of_the_shrew:3.0                 
9    taming_of_the_shrew:3.1                 
9    taming_of_the_shrew:3.2                 
9    taming_of_the_shrew:3.3                 
9    taming_of_the_shrew:3.4                 
9    taming_of_the_shrew:4.0                 
9    taming_of_the_shrew:4.1                 
9    comedy_of_errors:0.1                    
9    comedy_of_errors:1.0                    
9    comedy_of_errors:1.1                    
9    comedy_of_errors:2.0                    
9    comedy_of_errors:2.1                    
9    comedy_of_errors:3.0                    
9    comedy_of_errors:3.1                    
9    comedy_of_errors:3.2                    
9    comedy_of_errors:3.3                    
9    comedy_of_errors:4.0                    
9    merchant_of_venice:0.2                  
9    merchant_of_venice:1.1                  
10   alls_well_that_ends_well:1.1            
10   alls_well_that_ends_well:1.3            
10   alls_well_that_ends_well:1.4            
10   alls_well_that_ends_well:2.1            
10   alls_well_that_ends_well:2.3            
10   alls_well_that_ends_well:2.4            
10   alls_well_that_ends_well:2.6            
10   alls_well_that_ends_well:3.3            
10   alls_well_that_ends_well:3.4            
10   alls_well_that_ends_well:4.0            
10   alls_well_that_ends_well:4.1            
10   midsummer_nights_dream:0.0              
10   midsummer_nights_dream:1.0              
10   midsummer_nights_dream:1.1              
10   midsummer_nights_dream:2.1              
11   alls_well_that_ends_well:2.0            
11   alls_well_that_ends_well:2.2            
11   alls_well_that_ends_well:2.5            
11   alls_well_that_ends_well:3.0            
11   alls_well_that_ends_well:3.1            
11   alls_well_that_ends_well:3.2            
11   alls_well_that_ends_well:4.2            
11   cymbeline:0.3                           
12   loves_labors_lost:2.0                   
12   loves_labors_lost:3.0                   
12   loves_labors_lost:3.1                   
12   loves_labors_lost:3.2                   
12   loves_labors_lost:4.0                   
12   loves_labors_lost:4.1                   
12   romeo_and_juliet:0.0                    
12   romeo_and_juliet:0.1                    
12   romeo_and_juliet:0.2                    
12   romeo_and_juliet:0.3                    
12   romeo_and_juliet:0.4                    
12   romeo_and_juliet:1.0                    
12   romeo_and_juliet:1.1                    
12   romeo_and_juliet:1.2                    
12   romeo_and_juliet:1.3                    
12   romeo_and_juliet:1.4                    
12   romeo_and_juliet:1.5                    
12   romeo_and_juliet:2.0                    
12   romeo_and_juliet:2.1                    
12   romeo_and_juliet:2.2                    
12   romeo_and_juliet:2.3                    
12   romeo_and_juliet:2.4                    
12   romeo_and_juliet:3.0                    
12   romeo_and_juliet:3.1                    
12   romeo_and_juliet:3.2                    
12   romeo_and_juliet:3.3                    
12   romeo_and_juliet:3.4                    
12   romeo_and_juliet:4.0                    
12   romeo_and_juliet:4.1                    
12   romeo_and_juliet:4.2                    
13   titus_andronicus:1.1                    
13   titus_andronicus:1.2                    
13   titus_andronicus:1.3                    
13   titus_andronicus:2.0                    
13   titus_andronicus:2.1                    
13   titus_andronicus:3.0                    
13   titus_andronicus:3.1                    
13   titus_andronicus:3.2                    
13   titus_andronicus:3.3                    
13   titus_andronicus:4.0                    
13   titus_andronicus:4.1                    
13   titus_andronicus:4.2                    
13   coriolanus:0.0                          
13   coriolanus:0.1                          
13   coriolanus:0.2                          
13   coriolanus:0.3                          
13   coriolanus:0.4                          
13   coriolanus:0.5                          
13   coriolanus:0.6                          
13   coriolanus:0.7                          
13   coriolanus:0.8                          
13   coriolanus:0.9                          
13   coriolanus:1.0                          
13   coriolanus:1.1                          
13   coriolanus:1.2                          
13   coriolanus:2.0                          
13   coriolanus:2.1                          
13   coriolanus:2.2                          
13   coriolanus:3.0                          
13   coriolanus:3.1                          
13   coriolanus:3.2                          
13   coriolanus:3.3                          
13   coriolanus:3.4                          
13   coriolanus:3.5                          
13   coriolanus:3.6                          
13   coriolanus:4.0                          
13   coriolanus:4.1                          
13   coriolanus:4.2                          
13   coriolanus:4.3                          
13   coriolanus:4.4                          
13   coriolanus:4.5                          
13   cymbeline:2.6                           
14   macbeth:0.0                             
14   macbeth:2.4                             
14   macbeth:3.0                             
14   antony_and_cleopatra:3.2                
15   macbeth:0.1                             
15   macbeth:0.2                             
15   macbeth:0.3                             
15   macbeth:0.4                             
15   macbeth:0.5                             
15   macbeth:0.6                             
15   macbeth:1.0                             
15   macbeth:1.1                             
15   macbeth:1.2                             
15   macbeth:1.3                             
15   macbeth:2.0                             
15   macbeth:2.1                             
15   macbeth:2.2                             
15   macbeth:2.3                             
15   macbeth:2.5                             
15   macbeth:3.1                             
15   macbeth:3.2                             
15   macbeth:4.0                             
15   macbeth:4.1                             
15   macbeth:4.2                             
15   macbeth:4.3                             
15   macbeth:4.4                             
15   macbeth:4.5                             
15   macbeth:4.6                             
15   macbeth:4.7                             
16   julius_caesar:0.0                       
16   julius_caesar:0.1                       
16   julius_caesar:0.2                       
16   julius_caesar:1.0                       
16   julius_caesar:1.1                       
16   julius_caesar:1.2                       
16   julius_caesar:1.3                       
16   julius_caesar:2.0                       
16   julius_caesar:2.1                       
16   julius_caesar:2.2                       
16   julius_caesar:3.0                       
16   julius_caesar:3.1                       
16   julius_caesar:3.2                       
16   julius_caesar:4.0                       
16   julius_caesar:4.1                       
16   julius_caesar:4.2                       
16   julius_caesar:4.3                       
16   julius_caesar:4.4                       
16   antony_and_cleopatra:0.0                
16   antony_and_cleopatra:0.1                
16   antony_and_cleopatra:0.2                
16   antony_and_cleopatra:0.3                
16   antony_and_cleopatra:0.4                
16   antony_and_cleopatra:1.0                
16   antony_and_cleopatra:1.1                
16   antony_and_cleopatra:1.2                
16   antony_and_cleopatra:1.3                
16   antony_and_cleopatra:1.4                
16   antony_and_cleopatra:1.5                
16   antony_and_cleopatra:1.6                
16   antony_and_cleopatra:2.0                
16   antony_and_cleopatra:2.1                
16   antony_and_cleopatra:2.2                
16   antony_and_cleopatra:2.3                
16   antony_and_cleopatra:2.4                
16   antony_and_cleopatra:2.5                
16   antony_and_cleopatra:2.6                
16   antony_and_cleopatra:2.7                
16   antony_and_cleopatra:2.8                
16   antony_and_cleopatra:2.9                
16   antony_and_cleopatra:2.10               
16   antony_and_cleopatra:2.11               
16   antony_and_cleopatra:2.12               
16   antony_and_cleopatra:3.0                
16   antony_and_cleopatra:3.1                
16   antony_and_cleopatra:3.3                
16   antony_and_cleopatra:3.4                
16   antony_and_cleopatra:3.5                
16   antony_and_cleopatra:3.6                
16   antony_and_cleopatra:3.7                
16   antony_and_cleopatra:3.8                
16   antony_and_cleopatra:3.9                
16   antony_and_cleopatra:3.10               
16   antony_and_cleopatra:3.11               
16   antony_and_cleopatra:3.12               
16   antony_and_cleopatra:3.13               
16   antony_and_cleopatra:3.14               
16   antony_and_cleopatra:4.0                
16   antony_and_cleopatra:4.1                
17   much_ado_about_nothing:0.1              
17   much_ado_about_nothing:0.2              
17   much_ado_about_nothing:1.0              
17   much_ado_about_nothing:1.1              
17   much_ado_about_nothing:1.2              
17   much_ado_about_nothing:2.0              
17   much_ado_about_nothing:2.1              
17   much_ado_about_nothing:2.2              
17   much_ado_about_nothing:2.3              
17   much_ado_about_nothing:2.4              
17   much_ado_about_nothing:3.0              
17   much_ado_about_nothing:3.1              
17   much_ado_about_nothing:4.0              
17   much_ado_about_nothing:4.1              
17   much_ado_about_nothing:4.2              
17   much_ado_about_nothing:4.3              
17   twelfth_night:0.2                       
18   twelfth_night:0.0                       
18   twelfth_night:0.1                       
18   twelfth_night:0.3                       
18   twelfth_night:0.4                       
18   twelfth_night:1.0                       
18   twelfth_night:1.1                       
18   twelfth_night:1.2                       
18   twelfth_night:1.3                       
18   twelfth_night:1.4                       
18   twelfth_night:2.0                       
18   twelfth_night:2.1                       
18   twelfth_night:2.2                       
18   twelfth_night:2.3                       
18   twelfth_night:3.0                       
18   twelfth_night:3.1                       
18   twelfth_night:3.2                       
18   twelfth_night:4.0                       
18   tempest:0.0                             
18   merchant_of_venice:0.0                  
19   lear:0.2                                
19   lear:0.3                                
19   lear:0.4                                
19   lear:1.0                                
19   lear:1.1                                
19   lear:1.3                                
19   lear:2.0                                
19   lear:2.1                                
19   lear:2.2                                
19   lear:2.3                                
19   lear:2.4                                
19   lear:2.5                                
19   lear:2.6                                
19   lear:3.1                                
19   lear:3.2                                
19   lear:3.4                                
19   lear:3.5                                
19   lear:4.0                                
19   lear:4.2                                
20   lear:1.2                                
20   lear:3.0                                
20   lear:4.1                                
21   lear:3.3                                
21   lear:3.6                                
22   cymbeline:0.1                           
22   cymbeline:1.0                           
22   cymbeline:1.2                           
22   cymbeline:2.0                           
22   cymbeline:2.2                           
22   cymbeline:2.4                           
22   cymbeline:3.0                           
22   cymbeline:3.1                           
22   cymbeline:3.2                           
22   cymbeline:3.3                           
23   cymbeline:0.2                           
23   cymbeline:0.4                           
23   cymbeline:0.5                           
23   cymbeline:1.1                           
23   cymbeline:1.3                           
23   cymbeline:1.4                           
23   cymbeline:2.1                           
23   cymbeline:2.3                           
23   cymbeline:2.5                           
23   cymbeline:4.0                           
23   cymbeline:4.1                           
23   cymbeline:4.2                           
23   cymbeline:4.3                           
23   cymbeline:4.4                           
24   measure_for_measure:0.0                 
24   measure_for_measure:0.1                 
24   measure_for_measure:0.2                 
24   measure_for_measure:0.3                 
24   measure_for_measure:1.0                 
24   measure_for_measure:1.1                 
24   measure_for_measure:1.2                 
24   measure_for_measure:1.3                 
24   measure_for_measure:2.0                 
24   measure_for_measure:2.1                 
24   measure_for_measure:3.0                 
24   measure_for_measure:3.1                 
24   measure_for_measure:3.2                 
24   measure_for_measure:3.3                 
24   measure_for_measure:3.4                 
24   measure_for_measure:3.5                 
24   measure_for_measure:4.0                 
25   pericles:0.2                            
25   pericles:0.3                            
25   pericles:1.0                            
25   pericles:1.1                            
25   pericles:1.2                            
25   pericles:1.3                            
25   pericles:1.4                            
25   pericles:2.0                            
25   pericles:2.1                            
25   pericles:2.2                            
25   pericles:2.3                            
25   pericles:3.0                            
25   pericles:3.1                            
25   pericles:3.2                            
25   pericles:3.3                            
25   pericles:3.5                            
25   pericles:4.0                            
25   pericles:4.2                            
26   pericles:3.4                            
26   pericles:4.1                            
27   winters_tale:0.0                        
27   winters_tale:0.1                        
27   winters_tale:1.0                        
27   winters_tale:1.1                        
27   winters_tale:1.2                        
27   winters_tale:2.0                        
27   winters_tale:2.1                        
27   winters_tale:2.2                        
27   winters_tale:3.0                        
27   winters_tale:3.1                        
27   winters_tale:4.0                        
27   winters_tale:4.2                        
28   winters_tale:3.2                        
28   winters_tale:3.3                        
28   winters_tale:4.1                        
28   tempest:0.1                             
28   tempest:1.0                             
28   tempest:1.1                             
28   tempest:2.0                             
28   tempest:2.1                             
28   tempest:2.2                             
28   tempest:3.0                             
28   tempest:4.0                             
28   two_gentlemen_of_verona:0.0             
28   two_gentlemen_of_verona:0.1             
28   two_gentlemen_of_verona:0.2             
28   two_gentlemen_of_verona:1.0             
28   two_gentlemen_of_verona:1.1             
28   two_gentlemen_of_verona:1.2             
28   two_gentlemen_of_verona:1.3             
28   two_gentlemen_of_verona:1.4             
28   two_gentlemen_of_verona:1.5             
28   two_gentlemen_of_verona:1.6             
28   two_gentlemen_of_verona:2.0             
28   two_gentlemen_of_verona:2.1             
28   two_gentlemen_of_verona:3.0             
28   two_gentlemen_of_verona:3.1             
28   two_gentlemen_of_verona:3.2             
28   two_gentlemen_of_verona:3.3             
28   two_gentlemen_of_verona:4.0             
28   two_gentlemen_of_verona:4.1             
28   two_gentlemen_of_verona:4.2             
28   two_gentlemen_of_verona:4.3             
29   merchant_of_venice:1.0                  
29   merchant_of_venice:1.6                  
29   merchant_of_venice:1.8                  
29   merchant_of_venice:2.1                  
29   merchant_of_venice:2.3                  
29   merchant_of_venice:3.0                  
29   merchant_of_venice:3.1                  
29   merchant_of_venice:4.0                  
30   merchant_of_venice:1.2                  
30   merchant_of_venice:1.3                  
30   merchant_of_venice:1.4                  
30   merchant_of_venice:1.5                  
30   merchant_of_venice:1.7                  
30   merchant_of_venice:2.0                  
30   merchant_of_venice:2.2                  
30   merchant_of_venice:2.4                  
31   henry_viii:0.2                          
31   henry_viii:0.3                          
31   henry_viii:1.0                          
31   henry_viii:1.1                          
31   henry_viii:1.2                          
31   henry_viii:1.3                          
31   henry_viii:2.0                          
31   henry_viii:2.1                          
31   henry_viii:3.0                          
31   henry_viii:3.1                          
31   henry_viii:4.0                          
31   henry_viii:4.1                          
31   henry_viii:4.2                          
31   henry_viii:4.3                          
31   henry_viii:4.4                          
31   as_you_like_it:0.1                      
31   as_you_like_it:0.2                      
31   as_you_like_it:1.1                      
31   as_you_like_it:1.3                      
31   as_you_like_it:2.0                      
31   henry_v:0.0                             
31   timon_of_athens:0.1                     
32   midsummer_nights_dream:0.1              
32   midsummer_nights_dream:2.0              
32   midsummer_nights_dream:3.0              
32   midsummer_nights_dream:3.1              
32   midsummer_nights_dream:4.0              
33   as_you_like_it:1.0                      
33   as_you_like_it:1.2                      
33   as_you_like_it:1.4                      
33   as_you_like_it:1.5                      
33   as_you_like_it:1.6                      
33   as_you_like_it:2.1                      
33   as_you_like_it:2.2                      
33   as_you_like_it:2.3                      
33   as_you_like_it:2.4                      
33   as_you_like_it:3.0                      
33   as_you_like_it:3.1                      
33   as_you_like_it:3.2                      
33   as_you_like_it:4.0                      
33   as_you_like_it:4.1                      
33   as_you_like_it:4.2                      
33   as_you_like_it:4.3                      
34   troilus_and_cressida:0.0                
34   troilus_and_cressida:0.1                
34   troilus_and_cressida:0.2                
34   troilus_and_cressida:1.0                
34   troilus_and_cressida:1.1                
34   troilus_and_cressida:1.2                
34   troilus_and_cressida:2.0                
34   troilus_and_cressida:2.1                
34   troilus_and_cressida:2.2                
34   troilus_and_cressida:3.0                
34   troilus_and_cressida:3.1                
34   troilus_and_cressida:3.2                
34   troilus_and_cressida:3.3                
34   troilus_and_cressida:3.4                
34   troilus_and_cressida:4.0                
34   troilus_and_cressida:4.1                
34   troilus_and_cressida:4.2                
34   troilus_and_cressida:4.3                
34   troilus_and_cressida:4.4                
34   troilus_and_cressida:4.5                
34   troilus_and_cressida:4.6                
34   troilus_and_cressida:4.7                
34   troilus_and_cressida:4.8                
34   troilus_and_cressida:4.9                
35   henry_v:2.1                             
35   henry_v:2.5                             
35   henry_v:3.0                             
35   henry_v:3.2                             
35   henry_v:3.5                             
35   henry_v:3.6                             
35   henry_v:3.7                             
35   henry_v:4.0                             
36   henry_v:2.3                             
36   henry_v:3.3                             
36   henry_v:3.4                             
36   henry_v:4.1                             
37   life_and_death_of_king_john:2.1         
37   life_and_death_of_king_john:2.2         
37   life_and_death_of_king_john:2.3         
37   life_and_death_of_king_john:3.0         
37   life_and_death_of_king_john:3.1         
37   life_and_death_of_king_john:3.2         
37   life_and_death_of_king_john:4.0         
37   life_and_death_of_king_john:4.1         
37   life_and_death_of_king_john:4.2         
37   life_and_death_of_king_john:4.3         
37   life_and_death_of_king_john:4.4         
37   life_and_death_of_king_john:4.5         
37   life_and_death_of_king_john:4.6         
38   timon_of_athens:1.0                     
38   timon_of_athens:1.1                     
38   timon_of_athens:2.0                     
38   timon_of_athens:2.1                     
38   timon_of_athens:2.2                     
38   timon_of_athens:2.3                     
38   timon_of_athens:2.4                     
38   timon_of_athens:2.5                     
38   timon_of_athens:3.0                     
38   timon_of_athens:3.1                     
38   timon_of_athens:3.2                     
38   timon_of_athens:4.0                     
38   timon_of_athens:4.1                     
38   timon_of_athens:4.2                     
38   timon_of_athens:4.3                     
